{"/var/www/amicus/backend/controllers/actionButtonController.js": {"path":"/var/www/amicus/backend/controllers/actionButtonController.js","statementMap":{"0":{"start":{"line":1,"column":28},"end":{"line":1,"column":70}},"1":{"start":{"line":2,"column":21},"end":{"line":2,"column":58}},"2":{"start":{"line":5,"column":0},"end":{"line":18,"column":2}},"3":{"start":{"line":6,"column":2},"end":{"line":6,"column":72}},"4":{"start":{"line":6,"column":19},"end":{"line":6,"column":72}},"5":{"start":{"line":7,"column":2},"end":{"line":17,"column":3}},"6":{"start":{"line":8,"column":26},"end":{"line":8,"column":84}},"7":{"start":{"line":10,"column":4},"end":{"line":14,"column":7}},"8":{"start":{"line":16,"column":4},"end":{"line":16,"column":16}},"9":{"start":{"line":21,"column":0},"end":{"line":36,"column":2}},"10":{"start":{"line":22,"column":2},"end":{"line":22,"column":72}},"11":{"start":{"line":22,"column":19},"end":{"line":22,"column":72}},"12":{"start":{"line":23,"column":2},"end":{"line":35,"column":3}},"13":{"start":{"line":24,"column":25},"end":{"line":27,"column":5}},"14":{"start":{"line":29,"column":4},"end":{"line":32,"column":7}},"15":{"start":{"line":34,"column":4},"end":{"line":34,"column":16}},"16":{"start":{"line":39,"column":0},"end":{"line":63,"column":2}},"17":{"start":{"line":40,"column":2},"end":{"line":40,"column":72}},"18":{"start":{"line":40,"column":19},"end":{"line":40,"column":72}},"19":{"start":{"line":41,"column":2},"end":{"line":62,"column":3}},"20":{"start":{"line":42,"column":4},"end":{"line":42,"column":68}},"21":{"start":{"line":43,"column":4},"end":{"line":43,"column":43}},"22":{"start":{"line":45,"column":17},"end":{"line":48,"column":5}},"23":{"start":{"line":50,"column":4},"end":{"line":50,"column":49}},"24":{"start":{"line":52,"column":19},"end":{"line":52,"column":69}},"25":{"start":{"line":53,"column":4},"end":{"line":53,"column":43}},"26":{"start":{"line":55,"column":4},"end":{"line":58,"column":7}},"27":{"start":{"line":60,"column":4},"end":{"line":60,"column":58}},"28":{"start":{"line":61,"column":4},"end":{"line":61,"column":16}},"29":{"start":{"line":66,"column":0},"end":{"line":87,"column":2}},"30":{"start":{"line":67,"column":2},"end":{"line":67,"column":72}},"31":{"start":{"line":67,"column":19},"end":{"line":67,"column":72}},"32":{"start":{"line":68,"column":2},"end":{"line":86,"column":3}},"33":{"start":{"line":69,"column":4},"end":{"line":69,"column":100}},"34":{"start":{"line":70,"column":4},"end":{"line":70,"column":43}},"35":{"start":{"line":72,"column":4},"end":{"line":72,"column":34}},"36":{"start":{"line":74,"column":25},"end":{"line":77,"column":5}},"37":{"start":{"line":79,"column":4},"end":{"line":82,"column":7}},"38":{"start":{"line":84,"column":4},"end":{"line":84,"column":58}},"39":{"start":{"line":85,"column":4},"end":{"line":85,"column":16}},"40":{"start":{"line":90,"column":0},"end":{"line":105,"column":2}},"41":{"start":{"line":91,"column":2},"end":{"line":91,"column":72}},"42":{"start":{"line":91,"column":19},"end":{"line":91,"column":72}},"43":{"start":{"line":92,"column":2},"end":{"line":104,"column":3}},"44":{"start":{"line":93,"column":4},"end":{"line":96,"column":6}},"45":{"start":{"line":98,"column":4},"end":{"line":101,"column":7}},"46":{"start":{"line":103,"column":4},"end":{"line":103,"column":16}}},"fnMap":{"0":{"name":"(anonymous_0)","decl":{"start":{"line":5,"column":31},"end":{"line":5,"column":32}},"loc":{"start":{"line":5,"column":57},"end":{"line":18,"column":1}},"line":5},"1":{"name":"(anonymous_1)","decl":{"start":{"line":21,"column":26},"end":{"line":21,"column":27}},"loc":{"start":{"line":21,"column":52},"end":{"line":36,"column":1}},"line":21},"2":{"name":"(anonymous_2)","decl":{"start":{"line":39,"column":29},"end":{"line":39,"column":30}},"loc":{"start":{"line":39,"column":55},"end":{"line":63,"column":1}},"line":39},"3":{"name":"(anonymous_3)","decl":{"start":{"line":66,"column":29},"end":{"line":66,"column":30}},"loc":{"start":{"line":66,"column":55},"end":{"line":87,"column":1}},"line":66},"4":{"name":"(anonymous_4)","decl":{"start":{"line":90,"column":29},"end":{"line":90,"column":30}},"loc":{"start":{"line":90,"column":55},"end":{"line":105,"column":1}},"line":90}},"branchMap":{"0":{"loc":{"start":{"line":6,"column":2},"end":{"line":6,"column":72}},"type":"if","locations":[{"start":{"line":6,"column":2},"end":{"line":6,"column":72}},{"start":{},"end":{}}],"line":6},"1":{"loc":{"start":{"line":22,"column":2},"end":{"line":22,"column":72}},"type":"if","locations":[{"start":{"line":22,"column":2},"end":{"line":22,"column":72}},{"start":{},"end":{}}],"line":22},"2":{"loc":{"start":{"line":40,"column":2},"end":{"line":40,"column":72}},"type":"if","locations":[{"start":{"line":40,"column":2},"end":{"line":40,"column":72}},{"start":{},"end":{}}],"line":40},"3":{"loc":{"start":{"line":67,"column":2},"end":{"line":67,"column":72}},"type":"if","locations":[{"start":{"line":67,"column":2},"end":{"line":67,"column":72}},{"start":{},"end":{}}],"line":67},"4":{"loc":{"start":{"line":91,"column":2},"end":{"line":91,"column":72}},"type":"if","locations":[{"start":{"line":91,"column":2},"end":{"line":91,"column":72}},{"start":{},"end":{}}],"line":91}},"s":{"0":0,"1":0,"2":0,"3":0,"4":0,"5":0,"6":0,"7":0,"8":0,"9":0,"10":0,"11":0,"12":0,"13":0,"14":0,"15":0,"16":0,"17":0,"18":0,"19":0,"20":0,"21":0,"22":0,"23":0,"24":0,"25":0,"26":0,"27":0,"28":0,"29":0,"30":0,"31":0,"32":0,"33":0,"34":0,"35":0,"36":0,"37":0,"38":0,"39":0,"40":0,"41":0,"42":0,"43":0,"44":0,"45":0,"46":0},"f":{"0":0,"1":0,"2":0,"3":0,"4":0},"b":{"0":[0,0],"1":[0,0],"2":[0,0],"3":[0,0],"4":[0,0]}}
,"/var/www/amicus/backend/controllers/animalController.js": {"path":"/var/www/amicus/backend/controllers/animalController.js","statementMap":{"0":{"start":{"line":7,"column":22},"end":{"line":7,"column":58}},"1":{"start":{"line":8,"column":21},"end":{"line":8,"column":58}},"2":{"start":{"line":9,"column":58},"end":{"line":9,"column":88}},"3":{"start":{"line":10,"column":14},"end":{"line":10,"column":43}},"4":{"start":{"line":11,"column":33},"end":{"line":11,"column":82}},"5":{"start":{"line":16,"column":0},"end":{"line":28,"column":2}},"6":{"start":{"line":17,"column":2},"end":{"line":27,"column":3}},"7":{"start":{"line":18,"column":21},"end":{"line":18,"column":34}},"8":{"start":{"line":19,"column":19},"end":{"line":19,"column":58}},"9":{"start":{"line":21,"column":4},"end":{"line":24,"column":7}},"10":{"start":{"line":26,"column":4},"end":{"line":26,"column":16}},"11":{"start":{"line":30,"column":0},"end":{"line":160,"column":2}},"12":{"start":{"line":31,"column":2},"end":{"line":159,"column":3}},"13":{"start":{"line":33,"column":17},"end":{"line":33,"column":68}},"14":{"start":{"line":34,"column":18},"end":{"line":34,"column":111}},"15":{"start":{"line":35,"column":23},"end":{"line":35,"column":37}},"16":{"start":{"line":36,"column":20},"end":{"line":36,"column":38}},"17":{"start":{"line":37,"column":26},"end":{"line":37,"column":58}},"18":{"start":{"line":40,"column":23},"end":{"line":40,"column":45}},"19":{"start":{"line":41,"column":30},"end":{"line":41,"column":47}},"20":{"start":{"line":44,"column":31},"end":{"line":44,"column":83}},"21":{"start":{"line":47,"column":25},"end":{"line":47,"column":127}},"22":{"start":{"line":50,"column":4},"end":{"line":56,"column":5}},"23":{"start":{"line":51,"column":6},"end":{"line":51,"column":51}},"24":{"start":{"line":52,"column":6},"end":{"line":52,"column":106}},"25":{"start":{"line":55,"column":6},"end":{"line":55,"column":42}},"26":{"start":{"line":61,"column":4},"end":{"line":120,"column":5}},"27":{"start":{"line":63,"column":6},"end":{"line":106,"column":7}},"28":{"start":{"line":64,"column":8},"end":{"line":64,"column":138}},"29":{"start":{"line":67,"column":8},"end":{"line":84,"column":9}},"30":{"start":{"line":69,"column":10},"end":{"line":69,"column":118}},"31":{"start":{"line":71,"column":13},"end":{"line":84,"column":9}},"32":{"start":{"line":73,"column":10},"end":{"line":73,"column":115}},"33":{"start":{"line":75,"column":13},"end":{"line":84,"column":9}},"34":{"start":{"line":77,"column":10},"end":{"line":77,"column":129}},"35":{"start":{"line":80,"column":10},"end":{"line":83,"column":13}},"36":{"start":{"line":87,"column":8},"end":{"line":89,"column":9}},"37":{"start":{"line":88,"column":10},"end":{"line":88,"column":174}},"38":{"start":{"line":91,"column":8},"end":{"line":105,"column":9}},"39":{"start":{"line":92,"column":10},"end":{"line":92,"column":92}},"40":{"start":{"line":94,"column":13},"end":{"line":105,"column":9}},"41":{"start":{"line":95,"column":10},"end":{"line":95,"column":89}},"42":{"start":{"line":97,"column":13},"end":{"line":105,"column":9}},"43":{"start":{"line":98,"column":10},"end":{"line":98,"column":103}},"44":{"start":{"line":101,"column":10},"end":{"line":104,"column":13}},"45":{"start":{"line":108,"column":6},"end":{"line":108,"column":106}},"46":{"start":{"line":111,"column":6},"end":{"line":119,"column":8}},"47":{"start":{"line":123,"column":4},"end":{"line":133,"column":5}},"48":{"start":{"line":124,"column":6},"end":{"line":132,"column":8}},"49":{"start":{"line":135,"column":4},"end":{"line":137,"column":5}},"50":{"start":{"line":136,"column":6},"end":{"line":136,"column":26}},"51":{"start":{"line":139,"column":4},"end":{"line":146,"column":5}},"52":{"start":{"line":140,"column":6},"end":{"line":145,"column":8}},"53":{"start":{"line":149,"column":4},"end":{"line":149,"column":81}},"54":{"start":{"line":151,"column":4},"end":{"line":155,"column":7}},"55":{"start":{"line":157,"column":4},"end":{"line":157,"column":84}},"56":{"start":{"line":158,"column":4},"end":{"line":158,"column":16}},"57":{"start":{"line":162,"column":0},"end":{"line":209,"column":2}},"58":{"start":{"line":163,"column":2},"end":{"line":208,"column":3}},"59":{"start":{"line":165,"column":23},"end":{"line":178,"column":5}},"60":{"start":{"line":181,"column":4},"end":{"line":198,"column":5}},"61":{"start":{"line":182,"column":25},"end":{"line":182,"column":51}},"62":{"start":{"line":185,"column":6},"end":{"line":187,"column":7}},"63":{"start":{"line":186,"column":8},"end":{"line":186,"column":66}},"64":{"start":{"line":190,"column":6},"end":{"line":192,"column":7}},"65":{"start":{"line":191,"column":8},"end":{"line":191,"column":55}},"66":{"start":{"line":194,"column":6},"end":{"line":194,"column":42}},"67":{"start":{"line":195,"column":6},"end":{"line":195,"column":55}},"68":{"start":{"line":196,"column":11},"end":{"line":198,"column":5}},"69":{"start":{"line":197,"column":6},"end":{"line":197,"column":62}},"70":{"start":{"line":200,"column":19},"end":{"line":200,"column":63}},"71":{"start":{"line":202,"column":4},"end":{"line":205,"column":7}},"72":{"start":{"line":207,"column":4},"end":{"line":207,"column":16}},"73":{"start":{"line":211,"column":0},"end":{"line":254,"column":2}},"74":{"start":{"line":212,"column":2},"end":{"line":253,"column":3}},"75":{"start":{"line":213,"column":21},"end":{"line":213,"column":34}},"76":{"start":{"line":216,"column":19},"end":{"line":216,"column":58}},"77":{"start":{"line":222,"column":23},"end":{"line":236,"column":5}},"78":{"start":{"line":239,"column":4},"end":{"line":243,"column":5}},"79":{"start":{"line":240,"column":6},"end":{"line":240,"column":52}},"80":{"start":{"line":241,"column":11},"end":{"line":243,"column":5}},"81":{"start":{"line":242,"column":6},"end":{"line":242,"column":62}},"82":{"start":{"line":245,"column":26},"end":{"line":245,"column":80}},"83":{"start":{"line":247,"column":4},"end":{"line":250,"column":7}},"84":{"start":{"line":252,"column":4},"end":{"line":252,"column":16}},"85":{"start":{"line":256,"column":0},"end":{"line":272,"column":2}},"86":{"start":{"line":257,"column":2},"end":{"line":271,"column":3}},"87":{"start":{"line":258,"column":21},"end":{"line":258,"column":34}},"88":{"start":{"line":261,"column":4},"end":{"line":261,"column":44}},"89":{"start":{"line":263,"column":4},"end":{"line":263,"column":47}},"90":{"start":{"line":265,"column":4},"end":{"line":268,"column":7}},"91":{"start":{"line":270,"column":4},"end":{"line":270,"column":16}}},"fnMap":{"0":{"name":"(anonymous_0)","decl":{"start":{"line":16,"column":20},"end":{"line":16,"column":21}},"loc":{"start":{"line":16,"column":46},"end":{"line":28,"column":1}},"line":16},"1":{"name":"(anonymous_1)","decl":{"start":{"line":30,"column":25},"end":{"line":30,"column":26}},"loc":{"start":{"line":30,"column":51},"end":{"line":160,"column":1}},"line":30},"2":{"name":"(anonymous_2)","decl":{"start":{"line":162,"column":23},"end":{"line":162,"column":24}},"loc":{"start":{"line":162,"column":49},"end":{"line":209,"column":1}},"line":162},"3":{"name":"(anonymous_3)","decl":{"start":{"line":211,"column":23},"end":{"line":211,"column":24}},"loc":{"start":{"line":211,"column":49},"end":{"line":254,"column":1}},"line":211},"4":{"name":"(anonymous_4)","decl":{"start":{"line":256,"column":23},"end":{"line":256,"column":24}},"loc":{"start":{"line":256,"column":49},"end":{"line":272,"column":1}},"line":256}},"branchMap":{"0":{"loc":{"start":{"line":33,"column":17},"end":{"line":33,"column":68}},"type":"binary-expr","locations":[{"start":{"line":33,"column":17},"end":{"line":33,"column":41}},{"start":{"line":33,"column":45},"end":{"line":33,"column":68}}],"line":33},"1":{"loc":{"start":{"line":34,"column":27},"end":{"line":34,"column":84}},"type":"binary-expr","locations":[{"start":{"line":34,"column":27},"end":{"line":34,"column":52}},{"start":{"line":34,"column":56},"end":{"line":34,"column":84}}],"line":34},"2":{"loc":{"start":{"line":40,"column":23},"end":{"line":40,"column":45}},"type":"binary-expr","locations":[{"start":{"line":40,"column":23},"end":{"line":40,"column":39}},{"start":{"line":40,"column":43},"end":{"line":40,"column":45}}],"line":40},"3":{"loc":{"start":{"line":47,"column":25},"end":{"line":47,"column":127}},"type":"binary-expr","locations":[{"start":{"line":47,"column":25},"end":{"line":47,"column":43}},{"start":{"line":47,"column":47},"end":{"line":47,"column":72}},{"start":{"line":47,"column":76},"end":{"line":47,"column":100}},{"start":{"line":47,"column":104},"end":{"line":47,"column":127}}],"line":47},"4":{"loc":{"start":{"line":50,"column":4},"end":{"line":56,"column":5}},"type":"if","locations":[{"start":{"line":50,"column":4},"end":{"line":56,"column":5}},{"start":{},"end":{}}],"line":50},"5":{"loc":{"start":{"line":50,"column":8},"end":{"line":50,"column":84}},"type":"binary-expr","locations":[{"start":{"line":50,"column":8},"end":{"line":50,"column":23}},{"start":{"line":50,"column":27},"end":{"line":50,"column":48}},{"start":{"line":50,"column":52},"end":{"line":50,"column":84}}],"line":50},"6":{"loc":{"start":{"line":63,"column":6},"end":{"line":106,"column":7}},"type":"if","locations":[{"start":{"line":63,"column":6},"end":{"line":106,"column":7}},{"start":{"line":85,"column":13},"end":{"line":106,"column":7}}],"line":63},"7":{"loc":{"start":{"line":67,"column":8},"end":{"line":84,"column":9}},"type":"if","locations":[{"start":{"line":67,"column":8},"end":{"line":84,"column":9}},{"start":{"line":71,"column":13},"end":{"line":84,"column":9}}],"line":67},"8":{"loc":{"start":{"line":67,"column":12},"end":{"line":67,"column":68}},"type":"binary-expr","locations":[{"start":{"line":67,"column":12},"end":{"line":67,"column":38}},{"start":{"line":67,"column":42},"end":{"line":67,"column":68}}],"line":67},"9":{"loc":{"start":{"line":71,"column":13},"end":{"line":84,"column":9}},"type":"if","locations":[{"start":{"line":71,"column":13},"end":{"line":84,"column":9}},{"start":{"line":75,"column":13},"end":{"line":84,"column":9}}],"line":71},"10":{"loc":{"start":{"line":75,"column":13},"end":{"line":84,"column":9}},"type":"if","locations":[{"start":{"line":75,"column":13},"end":{"line":84,"column":9}},{"start":{"line":79,"column":13},"end":{"line":84,"column":9}}],"line":75},"11":{"loc":{"start":{"line":87,"column":8},"end":{"line":89,"column":9}},"type":"if","locations":[{"start":{"line":87,"column":8},"end":{"line":89,"column":9}},{"start":{},"end":{}}],"line":87},"12":{"loc":{"start":{"line":87,"column":12},"end":{"line":87,"column":95}},"type":"binary-expr","locations":[{"start":{"line":87,"column":12},"end":{"line":87,"column":40}},{"start":{"line":87,"column":44},"end":{"line":87,"column":95}}],"line":87},"13":{"loc":{"start":{"line":91,"column":8},"end":{"line":105,"column":9}},"type":"if","locations":[{"start":{"line":91,"column":8},"end":{"line":105,"column":9}},{"start":{"line":94,"column":13},"end":{"line":105,"column":9}}],"line":91},"14":{"loc":{"start":{"line":91,"column":12},"end":{"line":91,"column":68}},"type":"binary-expr","locations":[{"start":{"line":91,"column":12},"end":{"line":91,"column":38}},{"start":{"line":91,"column":42},"end":{"line":91,"column":68}}],"line":91},"15":{"loc":{"start":{"line":94,"column":13},"end":{"line":105,"column":9}},"type":"if","locations":[{"start":{"line":94,"column":13},"end":{"line":105,"column":9}},{"start":{"line":97,"column":13},"end":{"line":105,"column":9}}],"line":94},"16":{"loc":{"start":{"line":97,"column":13},"end":{"line":105,"column":9}},"type":"if","locations":[{"start":{"line":97,"column":13},"end":{"line":105,"column":9}},{"start":{"line":100,"column":13},"end":{"line":105,"column":9}}],"line":97},"17":{"loc":{"start":{"line":123,"column":4},"end":{"line":133,"column":5}},"type":"if","locations":[{"start":{"line":123,"column":4},"end":{"line":133,"column":5}},{"start":{},"end":{}}],"line":123},"18":{"loc":{"start":{"line":135,"column":4},"end":{"line":137,"column":5}},"type":"if","locations":[{"start":{"line":135,"column":4},"end":{"line":137,"column":5}},{"start":{},"end":{}}],"line":135},"19":{"loc":{"start":{"line":139,"column":4},"end":{"line":146,"column":5}},"type":"if","locations":[{"start":{"line":139,"column":4},"end":{"line":146,"column":5}},{"start":{},"end":{}}],"line":139},"20":{"loc":{"start":{"line":167,"column":16},"end":{"line":167,"column":47}},"type":"binary-expr","locations":[{"start":{"line":167,"column":16},"end":{"line":167,"column":33}},{"start":{"line":167,"column":37},"end":{"line":167,"column":47}}],"line":167},"21":{"loc":{"start":{"line":174,"column":14},"end":{"line":174,"column":62}},"type":"cond-expr","locations":[{"start":{"line":174,"column":32},"end":{"line":174,"column":55}},{"start":{"line":174,"column":58},"end":{"line":174,"column":62}}],"line":174},"22":{"loc":{"start":{"line":181,"column":4},"end":{"line":198,"column":5}},"type":"if","locations":[{"start":{"line":181,"column":4},"end":{"line":198,"column":5}},{"start":{"line":196,"column":11},"end":{"line":198,"column":5}}],"line":181},"23":{"loc":{"start":{"line":182,"column":25},"end":{"line":182,"column":51}},"type":"binary-expr","locations":[{"start":{"line":182,"column":25},"end":{"line":182,"column":45}},{"start":{"line":182,"column":49},"end":{"line":182,"column":51}}],"line":182},"24":{"loc":{"start":{"line":185,"column":6},"end":{"line":187,"column":7}},"type":"if","locations":[{"start":{"line":185,"column":6},"end":{"line":187,"column":7}},{"start":{},"end":{}}],"line":185},"25":{"loc":{"start":{"line":185,"column":10},"end":{"line":185,"column":69}},"type":"binary-expr","locations":[{"start":{"line":185,"column":10},"end":{"line":185,"column":36}},{"start":{"line":185,"column":40},"end":{"line":185,"column":69}}],"line":185},"26":{"loc":{"start":{"line":190,"column":6},"end":{"line":192,"column":7}},"type":"if","locations":[{"start":{"line":190,"column":6},"end":{"line":192,"column":7}},{"start":{},"end":{}}],"line":190},"27":{"loc":{"start":{"line":190,"column":10},"end":{"line":190,"column":58}},"type":"binary-expr","locations":[{"start":{"line":190,"column":10},"end":{"line":190,"column":32}},{"start":{"line":190,"column":36},"end":{"line":190,"column":58}}],"line":190},"28":{"loc":{"start":{"line":196,"column":11},"end":{"line":198,"column":5}},"type":"if","locations":[{"start":{"line":196,"column":11},"end":{"line":198,"column":5}},{"start":{},"end":{}}],"line":196},"29":{"loc":{"start":{"line":196,"column":15},"end":{"line":196,"column":91}},"type":"binary-expr","locations":[{"start":{"line":196,"column":15},"end":{"line":196,"column":62}},{"start":{"line":196,"column":66},"end":{"line":196,"column":91}}],"line":196},"30":{"loc":{"start":{"line":225,"column":19},"end":{"line":225,"column":61}},"type":"binary-expr","locations":[{"start":{"line":225,"column":19},"end":{"line":225,"column":39}},{"start":{"line":225,"column":43},"end":{"line":225,"column":61}}],"line":225},"31":{"loc":{"start":{"line":239,"column":4},"end":{"line":243,"column":5}},"type":"if","locations":[{"start":{"line":239,"column":4},"end":{"line":243,"column":5}},{"start":{"line":241,"column":11},"end":{"line":243,"column":5}}],"line":239},"32":{"loc":{"start":{"line":239,"column":8},"end":{"line":239,"column":72}},"type":"binary-expr","locations":[{"start":{"line":239,"column":8},"end":{"line":239,"column":48}},{"start":{"line":239,"column":52},"end":{"line":239,"column":72}}],"line":239},"33":{"loc":{"start":{"line":241,"column":11},"end":{"line":243,"column":5}},"type":"if","locations":[{"start":{"line":241,"column":11},"end":{"line":243,"column":5}},{"start":{},"end":{}}],"line":241},"34":{"loc":{"start":{"line":241,"column":15},"end":{"line":241,"column":89}},"type":"binary-expr","locations":[{"start":{"line":241,"column":15},"end":{"line":241,"column":60}},{"start":{"line":241,"column":64},"end":{"line":241,"column":89}}],"line":241}},"s":{"0":2,"1":2,"2":2,"3":2,"4":2,"5":2,"6":4,"7":4,"8":4,"9":2,"10":2,"11":2,"12":9,"13":9,"14":9,"15":9,"16":9,"17":9,"18":9,"19":9,"20":9,"21":9,"22":9,"23":0,"24":0,"25":0,"26":9,"27":9,"28":3,"29":3,"30":1,"31":2,"32":0,"33":2,"34":2,"35":0,"36":6,"37":1,"38":6,"39":0,"40":6,"41":0,"42":6,"43":5,"44":1,"45":1,"46":1,"47":8,"48":0,"49":8,"50":0,"51":8,"52":0,"53":8,"54":8,"55":0,"56":0,"57":2,"58":4,"59":4,"60":4,"61":3,"62":3,"63":1,"64":3,"65":0,"66":3,"67":3,"68":1,"69":1,"70":4,"71":4,"72":0,"73":2,"74":3,"75":3,"76":3,"77":3,"78":3,"79":2,"80":1,"81":0,"82":3,"83":2,"84":1,"85":2,"86":2,"87":2,"88":2,"89":2,"90":2,"91":0},"f":{"0":4,"1":9,"2":4,"3":3,"4":2},"b":{"0":[9,5],"1":[9,5],"2":[9,5],"3":[9,1,1,1],"4":[0,9],"5":[9,1,1],"6":[3,6],"7":[1,2],"8":[3,2],"9":[0,2],"10":[2,0],"11":[1,5],"12":[6,1],"13":[0,6],"14":[6,6],"15":[0,6],"16":[5,1],"17":[0,8],"18":[0,8],"19":[0,8],"20":[4,3],"21":[0,4],"22":[3,1],"23":[3,0],"24":[1,2],"25":[3,1],"26":[0,3],"27":[3,1],"28":[1,0],"29":[1,1],"30":[3,3],"31":[2,1],"32":[3,3],"33":[0,1],"34":[1,0]},"_coverageSchema":"1a1c01bbd47fc00a2c39e90264f33305004495a9","hash":"11acfa49c59dbbe2f913d3c776932ce1f7ee6dd4"}
,"/var/www/amicus/backend/controllers/authController.js": {"path":"/var/www/amicus/backend/controllers/authController.js","statementMap":{"0":{"start":{"line":1,"column":20},"end":{"line":1,"column":54}},"1":{"start":{"line":2,"column":21},"end":{"line":2,"column":58}},"2":{"start":{"line":5,"column":22},"end":{"line":10,"column":1}},"3":{"start":{"line":12,"column":0},"end":{"line":64,"column":2}},"4":{"start":{"line":13,"column":2},"end":{"line":63,"column":3}},"5":{"start":{"line":14,"column":21},"end":{"line":25,"column":5}},"6":{"start":{"line":27,"column":29},"end":{"line":27,"column":58}},"7":{"start":{"line":28,"column":21},"end":{"line":28,"column":42}},"8":{"start":{"line":31,"column":32},"end":{"line":31,"column":68}},"9":{"start":{"line":32,"column":21},"end":{"line":32,"column":46}},"10":{"start":{"line":35,"column":35},"end":{"line":35,"column":75}},"11":{"start":{"line":38,"column":19},"end":{"line":44,"column":5}},"12":{"start":{"line":47,"column":4},"end":{"line":49,"column":5}},"13":{"start":{"line":48,"column":6},"end":{"line":48,"column":69}},"14":{"start":{"line":51,"column":4},"end":{"line":60,"column":7}},"15":{"start":{"line":62,"column":4},"end":{"line":62,"column":16}},"16":{"start":{"line":66,"column":0},"end":{"line":102,"column":2}},"17":{"start":{"line":67,"column":2},"end":{"line":101,"column":3}},"18":{"start":{"line":68,"column":4},"end":{"line":68,"column":62}},"19":{"start":{"line":69,"column":4},"end":{"line":69,"column":58}},"20":{"start":{"line":71,"column":32},"end":{"line":71,"column":40}},"21":{"start":{"line":73,"column":4},"end":{"line":76,"column":5}},"22":{"start":{"line":74,"column":6},"end":{"line":74,"column":57}},"23":{"start":{"line":75,"column":6},"end":{"line":75,"column":66}},"24":{"start":{"line":78,"column":4},"end":{"line":97,"column":5}},"25":{"start":{"line":79,"column":6},"end":{"line":79,"column":65}},"26":{"start":{"line":80,"column":21},"end":{"line":80,"column":61}},"27":{"start":{"line":81,"column":6},"end":{"line":81,"column":66}},"28":{"start":{"line":84,"column":6},"end":{"line":84,"column":69}},"29":{"start":{"line":86,"column":6},"end":{"line":93,"column":9}},"30":{"start":{"line":95,"column":6},"end":{"line":95,"column":78}},"31":{"start":{"line":96,"column":6},"end":{"line":96,"column":69}},"32":{"start":{"line":99,"column":4},"end":{"line":99,"column":70}},"33":{"start":{"line":100,"column":4},"end":{"line":100,"column":70}},"34":{"start":{"line":104,"column":0},"end":{"line":118,"column":2}},"35":{"start":{"line":105,"column":2},"end":{"line":117,"column":3}},"36":{"start":{"line":106,"column":19},"end":{"line":106,"column":63}},"37":{"start":{"line":108,"column":4},"end":{"line":114,"column":7}},"38":{"start":{"line":116,"column":4},"end":{"line":116,"column":16}},"39":{"start":{"line":121,"column":0},"end":{"line":148,"column":2}},"40":{"start":{"line":122,"column":2},"end":{"line":147,"column":3}},"41":{"start":{"line":124,"column":25},"end":{"line":124,"column":49}},"42":{"start":{"line":126,"column":4},"end":{"line":128,"column":5}},"43":{"start":{"line":127,"column":6},"end":{"line":127,"column":60}},"44":{"start":{"line":131,"column":19},"end":{"line":131,"column":69}},"45":{"start":{"line":134,"column":4},"end":{"line":134,"column":67}},"46":{"start":{"line":137,"column":4},"end":{"line":142,"column":7}},"47":{"start":{"line":144,"column":4},"end":{"line":144,"column":49}},"48":{"start":{"line":145,"column":4},"end":{"line":145,"column":36}},"49":{"start":{"line":146,"column":4},"end":{"line":146,"column":82}},"50":{"start":{"line":151,"column":0},"end":{"line":163,"column":2}},"51":{"start":{"line":152,"column":2},"end":{"line":162,"column":3}},"52":{"start":{"line":154,"column":4},"end":{"line":154,"column":36}},"53":{"start":{"line":156,"column":4},"end":{"line":159,"column":7}},"54":{"start":{"line":161,"column":4},"end":{"line":161,"column":16}}},"fnMap":{"0":{"name":"(anonymous_0)","decl":{"start":{"line":12,"column":19},"end":{"line":12,"column":20}},"loc":{"start":{"line":12,"column":45},"end":{"line":64,"column":1}},"line":12},"1":{"name":"(anonymous_1)","decl":{"start":{"line":66,"column":16},"end":{"line":66,"column":17}},"loc":{"start":{"line":66,"column":42},"end":{"line":102,"column":1}},"line":66},"2":{"name":"(anonymous_2)","decl":{"start":{"line":104,"column":16},"end":{"line":104,"column":17}},"loc":{"start":{"line":104,"column":42},"end":{"line":118,"column":1}},"line":104},"3":{"name":"(anonymous_3)","decl":{"start":{"line":121,"column":23},"end":{"line":121,"column":24}},"loc":{"start":{"line":121,"column":49},"end":{"line":148,"column":1}},"line":121},"4":{"name":"(anonymous_4)","decl":{"start":{"line":151,"column":17},"end":{"line":151,"column":18}},"loc":{"start":{"line":151,"column":43},"end":{"line":163,"column":1}},"line":151}},"branchMap":{"0":{"loc":{"start":{"line":27,"column":29},"end":{"line":27,"column":58}},"type":"binary-expr","locations":[{"start":{"line":27,"column":29},"end":{"line":27,"column":50}},{"start":{"line":27,"column":54},"end":{"line":27,"column":58}}],"line":27},"1":{"loc":{"start":{"line":28,"column":21},"end":{"line":28,"column":42}},"type":"binary-expr","locations":[{"start":{"line":28,"column":21},"end":{"line":28,"column":34}},{"start":{"line":28,"column":38},"end":{"line":28,"column":42}}],"line":28},"2":{"loc":{"start":{"line":31,"column":32},"end":{"line":31,"column":68}},"type":"binary-expr","locations":[{"start":{"line":31,"column":32},"end":{"line":31,"column":60}},{"start":{"line":31,"column":64},"end":{"line":31,"column":68}}],"line":31},"3":{"loc":{"start":{"line":32,"column":21},"end":{"line":32,"column":46}},"type":"binary-expr","locations":[{"start":{"line":32,"column":21},"end":{"line":32,"column":34}},{"start":{"line":32,"column":38},"end":{"line":32,"column":46}}],"line":32},"4":{"loc":{"start":{"line":47,"column":4},"end":{"line":49,"column":5}},"type":"if","locations":[{"start":{"line":47,"column":4},"end":{"line":49,"column":5}},{"start":{},"end":{}}],"line":47},"5":{"loc":{"start":{"line":58,"column":12},"end":{"line":58,"column":71}},"type":"cond-expr","locations":[{"start":{"line":58,"column":37},"end":{"line":58,"column":39}},{"start":{"line":58,"column":42},"end":{"line":58,"column":71}}],"line":58},"6":{"loc":{"start":{"line":73,"column":4},"end":{"line":76,"column":5}},"type":"if","locations":[{"start":{"line":73,"column":4},"end":{"line":76,"column":5}},{"start":{},"end":{}}],"line":73},"7":{"loc":{"start":{"line":73,"column":8},"end":{"line":73,"column":27}},"type":"binary-expr","locations":[{"start":{"line":73,"column":8},"end":{"line":73,"column":14}},{"start":{"line":73,"column":18},"end":{"line":73,"column":27}}],"line":73},"8":{"loc":{"start":{"line":126,"column":4},"end":{"line":128,"column":5}},"type":"if","locations":[{"start":{"line":126,"column":4},"end":{"line":128,"column":5}},{"start":{},"end":{}}],"line":126}},"s":{"0":2,"1":2,"2":2,"3":2,"4":6,"5":6,"6":6,"7":6,"8":6,"9":6,"10":6,"11":6,"12":4,"13":3,"14":4,"15":2,"16":2,"17":6,"18":6,"19":6,"20":6,"21":6,"22":2,"23":2,"24":4,"25":4,"26":4,"27":2,"28":2,"29":2,"30":2,"31":2,"32":0,"33":0,"34":2,"35":3,"36":3,"37":2,"38":1,"39":2,"40":5,"41":5,"42":5,"43":2,"44":3,"45":2,"46":2,"47":1,"48":1,"49":1,"50":2,"51":2,"52":2,"53":2,"54":0},"f":{"0":6,"1":6,"2":3,"3":5,"4":2},"b":{"0":[6,4],"1":[6,6],"2":[6,6],"3":[6,6],"4":[3,1],"5":[1,3],"6":[2,4],"7":[6,5],"8":[2,3]},"_coverageSchema":"1a1c01bbd47fc00a2c39e90264f33305004495a9","hash":"0821bf118a6ac01fdf8512b67ee4c6ee1b3a745e"}
,"/var/www/amicus/backend/controllers/bullController.js": {"path":"/var/www/amicus/backend/controllers/bullController.js","statementMap":{"0":{"start":{"line":1,"column":20},"end":{"line":1,"column":54}},"1":{"start":{"line":2,"column":21},"end":{"line":2,"column":58}},"2":{"start":{"line":4,"column":0},"end":{"line":16,"column":2}},"3":{"start":{"line":5,"column":2},"end":{"line":15,"column":3}},"4":{"start":{"line":6,"column":19},"end":{"line":6,"column":32}},"5":{"start":{"line":7,"column":17},"end":{"line":7,"column":50}},"6":{"start":{"line":9,"column":4},"end":{"line":12,"column":7}},"7":{"start":{"line":14,"column":4},"end":{"line":14,"column":16}},"8":{"start":{"line":18,"column":0},"end":{"line":111,"column":2}},"9":{"start":{"line":19,"column":2},"end":{"line":110,"column":3}},"10":{"start":{"line":21,"column":17},"end":{"line":21,"column":46}},"11":{"start":{"line":22,"column":18},"end":{"line":22,"column":49}},"12":{"start":{"line":23,"column":20},"end":{"line":23,"column":38}},"13":{"start":{"line":24,"column":26},"end":{"line":24,"column":58}},"14":{"start":{"line":27,"column":20},"end":{"line":31,"column":5}},"15":{"start":{"line":33,"column":20},"end":{"line":36,"column":5}},"16":{"start":{"line":39,"column":23},"end":{"line":39,"column":45}},"17":{"start":{"line":40,"column":30},"end":{"line":40,"column":47}},"18":{"start":{"line":43,"column":31},"end":{"line":43,"column":60}},"19":{"start":{"line":46,"column":25},"end":{"line":46,"column":43}},"20":{"start":{"line":49,"column":4},"end":{"line":54,"column":5}},"21":{"start":{"line":50,"column":6},"end":{"line":50,"column":52}},"22":{"start":{"line":52,"column":6},"end":{"line":52,"column":42}},"23":{"start":{"line":53,"column":6},"end":{"line":53,"column":102}},"24":{"start":{"line":60,"column":4},"end":{"line":82,"column":5}},"25":{"start":{"line":61,"column":6},"end":{"line":61,"column":133}},"26":{"start":{"line":63,"column":6},"end":{"line":63,"column":95}},"27":{"start":{"line":66,"column":6},"end":{"line":68,"column":7}},"28":{"start":{"line":67,"column":8},"end":{"line":67,"column":144}},"29":{"start":{"line":70,"column":6},"end":{"line":81,"column":7}},"30":{"start":{"line":71,"column":8},"end":{"line":71,"column":71}},"31":{"start":{"line":73,"column":11},"end":{"line":81,"column":7}},"32":{"start":{"line":74,"column":8},"end":{"line":74,"column":85}},"33":{"start":{"line":77,"column":8},"end":{"line":80,"column":11}},"34":{"start":{"line":85,"column":4},"end":{"line":87,"column":5}},"35":{"start":{"line":86,"column":6},"end":{"line":86,"column":111}},"36":{"start":{"line":90,"column":4},"end":{"line":92,"column":5}},"37":{"start":{"line":91,"column":6},"end":{"line":91,"column":24}},"38":{"start":{"line":95,"column":4},"end":{"line":97,"column":5}},"39":{"start":{"line":96,"column":6},"end":{"line":96,"column":95}},"40":{"start":{"line":100,"column":4},"end":{"line":100,"column":76}},"41":{"start":{"line":102,"column":4},"end":{"line":106,"column":7}},"42":{"start":{"line":108,"column":4},"end":{"line":108,"column":79}},"43":{"start":{"line":109,"column":4},"end":{"line":109,"column":16}},"44":{"start":{"line":113,"column":0},"end":{"line":141,"column":2}},"45":{"start":{"line":114,"column":2},"end":{"line":140,"column":3}},"46":{"start":{"line":116,"column":21},"end":{"line":125,"column":5}},"47":{"start":{"line":128,"column":4},"end":{"line":130,"column":5}},"48":{"start":{"line":132,"column":17},"end":{"line":132,"column":55}},"49":{"start":{"line":134,"column":4},"end":{"line":137,"column":7}},"50":{"start":{"line":139,"column":4},"end":{"line":139,"column":16}},"51":{"start":{"line":143,"column":0},"end":{"line":173,"column":2}},"52":{"start":{"line":144,"column":2},"end":{"line":172,"column":3}},"53":{"start":{"line":145,"column":19},"end":{"line":145,"column":32}},"54":{"start":{"line":148,"column":17},"end":{"line":148,"column":50}},"55":{"start":{"line":151,"column":21},"end":{"line":159,"column":5}},"56":{"start":{"line":162,"column":4},"end":{"line":162,"column":94}},"57":{"start":{"line":162,"column":41},"end":{"line":162,"column":92}},"58":{"start":{"line":164,"column":24},"end":{"line":164,"column":70}},"59":{"start":{"line":166,"column":4},"end":{"line":169,"column":7}},"60":{"start":{"line":171,"column":4},"end":{"line":171,"column":16}},"61":{"start":{"line":175,"column":0},"end":{"line":188,"column":2}},"62":{"start":{"line":176,"column":2},"end":{"line":187,"column":3}},"63":{"start":{"line":177,"column":19},"end":{"line":177,"column":32}},"64":{"start":{"line":179,"column":4},"end":{"line":179,"column":41}},"65":{"start":{"line":181,"column":4},"end":{"line":184,"column":7}},"66":{"start":{"line":186,"column":4},"end":{"line":186,"column":16}},"67":{"start":{"line":190,"column":0},"end":{"line":202,"column":2}},"68":{"start":{"line":191,"column":2},"end":{"line":201,"column":3}},"69":{"start":{"line":192,"column":19},"end":{"line":192,"column":32}},"70":{"start":{"line":193,"column":18},"end":{"line":193,"column":56}},"71":{"start":{"line":195,"column":4},"end":{"line":198,"column":7}},"72":{"start":{"line":200,"column":4},"end":{"line":200,"column":16}},"73":{"start":{"line":204,"column":0},"end":{"line":219,"column":2}},"74":{"start":{"line":205,"column":2},"end":{"line":218,"column":3}},"75":{"start":{"line":206,"column":19},"end":{"line":206,"column":32}},"76":{"start":{"line":207,"column":17},"end":{"line":207,"column":46}},"77":{"start":{"line":208,"column":18},"end":{"line":208,"column":49}},"78":{"start":{"line":210,"column":23},"end":{"line":210,"column":79}},"79":{"start":{"line":212,"column":4},"end":{"line":215,"column":7}},"80":{"start":{"line":217,"column":4},"end":{"line":217,"column":16}},"81":{"start":{"line":221,"column":0},"end":{"line":236,"column":2}},"82":{"start":{"line":222,"column":2},"end":{"line":235,"column":3}},"83":{"start":{"line":223,"column":19},"end":{"line":223,"column":32}},"84":{"start":{"line":224,"column":17},"end":{"line":224,"column":46}},"85":{"start":{"line":225,"column":18},"end":{"line":225,"column":49}},"86":{"start":{"line":227,"column":26},"end":{"line":227,"column":85}},"87":{"start":{"line":229,"column":4},"end":{"line":232,"column":7}},"88":{"start":{"line":234,"column":4},"end":{"line":234,"column":16}}},"fnMap":{"0":{"name":"(anonymous_0)","decl":{"start":{"line":4,"column":18},"end":{"line":4,"column":19}},"loc":{"start":{"line":4,"column":44},"end":{"line":16,"column":1}},"line":4},"1":{"name":"(anonymous_1)","decl":{"start":{"line":18,"column":19},"end":{"line":18,"column":20}},"loc":{"start":{"line":18,"column":45},"end":{"line":111,"column":1}},"line":18},"2":{"name":"(anonymous_2)","decl":{"start":{"line":113,"column":21},"end":{"line":113,"column":22}},"loc":{"start":{"line":113,"column":47},"end":{"line":141,"column":1}},"line":113},"3":{"name":"(anonymous_3)","decl":{"start":{"line":143,"column":21},"end":{"line":143,"column":22}},"loc":{"start":{"line":143,"column":47},"end":{"line":173,"column":1}},"line":143},"4":{"name":"(anonymous_4)","decl":{"start":{"line":162,"column":34},"end":{"line":162,"column":35}},"loc":{"start":{"line":162,"column":41},"end":{"line":162,"column":92}},"line":162},"5":{"name":"(anonymous_5)","decl":{"start":{"line":175,"column":21},"end":{"line":175,"column":22}},"loc":{"start":{"line":175,"column":47},"end":{"line":188,"column":1}},"line":175},"6":{"name":"(anonymous_6)","decl":{"start":{"line":190,"column":23},"end":{"line":190,"column":24}},"loc":{"start":{"line":190,"column":49},"end":{"line":202,"column":1}},"line":190},"7":{"name":"(anonymous_7)","decl":{"start":{"line":204,"column":28},"end":{"line":204,"column":29}},"loc":{"start":{"line":204,"column":54},"end":{"line":219,"column":1}},"line":204},"8":{"name":"(anonymous_8)","decl":{"start":{"line":221,"column":31},"end":{"line":221,"column":32}},"loc":{"start":{"line":221,"column":57},"end":{"line":236,"column":1}},"line":221}},"branchMap":{"0":{"loc":{"start":{"line":21,"column":17},"end":{"line":21,"column":46}},"type":"binary-expr","locations":[{"start":{"line":21,"column":17},"end":{"line":21,"column":41}},{"start":{"line":21,"column":45},"end":{"line":21,"column":46}}],"line":21},"1":{"loc":{"start":{"line":22,"column":18},"end":{"line":22,"column":49}},"type":"binary-expr","locations":[{"start":{"line":22,"column":18},"end":{"line":22,"column":43}},{"start":{"line":22,"column":47},"end":{"line":22,"column":49}}],"line":22},"2":{"loc":{"start":{"line":34,"column":13},"end":{"line":34,"column":60}},"type":"binary-expr","locations":[{"start":{"line":34,"column":13},"end":{"line":34,"column":33}},{"start":{"line":34,"column":37},"end":{"line":34,"column":60}}],"line":34},"3":{"loc":{"start":{"line":35,"column":17},"end":{"line":35,"column":50}},"type":"binary-expr","locations":[{"start":{"line":35,"column":17},"end":{"line":35,"column":41}},{"start":{"line":35,"column":45},"end":{"line":35,"column":50}}],"line":35},"4":{"loc":{"start":{"line":39,"column":23},"end":{"line":39,"column":45}},"type":"binary-expr","locations":[{"start":{"line":39,"column":23},"end":{"line":39,"column":39}},{"start":{"line":39,"column":43},"end":{"line":39,"column":45}}],"line":39},"5":{"loc":{"start":{"line":49,"column":4},"end":{"line":54,"column":5}},"type":"if","locations":[{"start":{"line":49,"column":4},"end":{"line":54,"column":5}},{"start":{},"end":{}}],"line":49},"6":{"loc":{"start":{"line":49,"column":8},"end":{"line":49,"column":98}},"type":"binary-expr","locations":[{"start":{"line":49,"column":8},"end":{"line":49,"column":23}},{"start":{"line":49,"column":27},"end":{"line":49,"column":35}},{"start":{"line":49,"column":39},"end":{"line":49,"column":61}},{"start":{"line":49,"column":65},"end":{"line":49,"column":98}}],"line":49},"7":{"loc":{"start":{"line":60,"column":4},"end":{"line":82,"column":5}},"type":"if","locations":[{"start":{"line":60,"column":4},"end":{"line":82,"column":5}},{"start":{"line":64,"column":11},"end":{"line":82,"column":5}}],"line":60},"8":{"loc":{"start":{"line":66,"column":6},"end":{"line":68,"column":7}},"type":"if","locations":[{"start":{"line":66,"column":6},"end":{"line":68,"column":7}},{"start":{},"end":{}}],"line":66},"9":{"loc":{"start":{"line":66,"column":10},"end":{"line":66,"column":70}},"type":"binary-expr","locations":[{"start":{"line":66,"column":10},"end":{"line":66,"column":38}},{"start":{"line":66,"column":42},"end":{"line":66,"column":70}}],"line":66},"10":{"loc":{"start":{"line":70,"column":6},"end":{"line":81,"column":7}},"type":"if","locations":[{"start":{"line":70,"column":6},"end":{"line":81,"column":7}},{"start":{"line":73,"column":11},"end":{"line":81,"column":7}}],"line":70},"11":{"loc":{"start":{"line":73,"column":11},"end":{"line":81,"column":7}},"type":"if","locations":[{"start":{"line":73,"column":11},"end":{"line":81,"column":7}},{"start":{"line":76,"column":11},"end":{"line":81,"column":7}}],"line":73},"12":{"loc":{"start":{"line":85,"column":4},"end":{"line":87,"column":5}},"type":"if","locations":[{"start":{"line":85,"column":4},"end":{"line":87,"column":5}},{"start":{},"end":{}}],"line":85},"13":{"loc":{"start":{"line":90,"column":4},"end":{"line":92,"column":5}},"type":"if","locations":[{"start":{"line":90,"column":4},"end":{"line":92,"column":5}},{"start":{},"end":{}}],"line":90},"14":{"loc":{"start":{"line":95,"column":4},"end":{"line":97,"column":5}},"type":"if","locations":[{"start":{"line":95,"column":4},"end":{"line":97,"column":5}},{"start":{},"end":{}}],"line":95},"15":{"loc":{"start":{"line":122,"column":16},"end":{"line":122,"column":47}},"type":"binary-expr","locations":[{"start":{"line":122,"column":16},"end":{"line":122,"column":33}},{"start":{"line":122,"column":37},"end":{"line":122,"column":47}}],"line":122},"16":{"loc":{"start":{"line":128,"column":4},"end":{"line":130,"column":5}},"type":"if","locations":[{"start":{"line":128,"column":4},"end":{"line":130,"column":5}},{"start":{},"end":{}}],"line":128},"17":{"loc":{"start":{"line":162,"column":41},"end":{"line":162,"column":92}},"type":"binary-expr","locations":[{"start":{"line":162,"column":41},"end":{"line":162,"column":68}},{"start":{"line":162,"column":72},"end":{"line":162,"column":92}}],"line":162},"18":{"loc":{"start":{"line":207,"column":17},"end":{"line":207,"column":46}},"type":"binary-expr","locations":[{"start":{"line":207,"column":17},"end":{"line":207,"column":41}},{"start":{"line":207,"column":45},"end":{"line":207,"column":46}}],"line":207},"19":{"loc":{"start":{"line":208,"column":18},"end":{"line":208,"column":49}},"type":"binary-expr","locations":[{"start":{"line":208,"column":18},"end":{"line":208,"column":43}},{"start":{"line":208,"column":47},"end":{"line":208,"column":49}}],"line":208},"20":{"loc":{"start":{"line":224,"column":17},"end":{"line":224,"column":46}},"type":"binary-expr","locations":[{"start":{"line":224,"column":17},"end":{"line":224,"column":41}},{"start":{"line":224,"column":45},"end":{"line":224,"column":46}}],"line":224},"21":{"loc":{"start":{"line":225,"column":18},"end":{"line":225,"column":49}},"type":"binary-expr","locations":[{"start":{"line":225,"column":18},"end":{"line":225,"column":43}},{"start":{"line":225,"column":47},"end":{"line":225,"column":49}}],"line":225}},"s":{"0":0,"1":0,"2":0,"3":0,"4":0,"5":0,"6":0,"7":0,"8":0,"9":0,"10":0,"11":0,"12":0,"13":0,"14":0,"15":0,"16":0,"17":0,"18":0,"19":0,"20":0,"21":0,"22":0,"23":0,"24":0,"25":0,"26":0,"27":0,"28":0,"29":0,"30":0,"31":0,"32":0,"33":0,"34":0,"35":0,"36":0,"37":0,"38":0,"39":0,"40":0,"41":0,"42":0,"43":0,"44":0,"45":0,"46":0,"47":0,"48":0,"49":0,"50":0,"51":0,"52":0,"53":0,"54":0,"55":0,"56":0,"57":0,"58":0,"59":0,"60":0,"61":0,"62":0,"63":0,"64":0,"65":0,"66":0,"67":0,"68":0,"69":0,"70":0,"71":0,"72":0,"73":0,"74":0,"75":0,"76":0,"77":0,"78":0,"79":0,"80":0,"81":0,"82":0,"83":0,"84":0,"85":0,"86":0,"87":0,"88":0},"f":{"0":0,"1":0,"2":0,"3":0,"4":0,"5":0,"6":0,"7":0,"8":0},"b":{"0":[0,0],"1":[0,0],"2":[0,0],"3":[0,0],"4":[0,0],"5":[0,0],"6":[0,0,0,0],"7":[0,0],"8":[0,0],"9":[0,0],"10":[0,0],"11":[0,0],"12":[0,0],"13":[0,0],"14":[0,0],"15":[0,0],"16":[0,0],"17":[0,0],"18":[0,0],"19":[0,0],"20":[0,0],"21":[0,0]}}
,"/var/www/amicus/backend/controllers/clientController.js": {"path":"/var/www/amicus/backend/controllers/clientController.js","statementMap":{"0":{"start":{"line":1,"column":23},"end":{"line":1,"column":64}},"1":{"start":{"line":2,"column":31},"end":{"line":2,"column":80}},"2":{"start":{"line":3,"column":21},"end":{"line":3,"column":58}},"3":{"start":{"line":4,"column":14},"end":{"line":4,"column":43}},"4":{"start":{"line":7,"column":24},"end":{"line":11,"column":1}},"5":{"start":{"line":8,"column":2},"end":{"line":8,"column":25}},"6":{"start":{"line":8,"column":13},"end":{"line":8,"column":25}},"7":{"start":{"line":9,"column":47},"end":{"line":9,"column":51}},"8":{"start":{"line":10,"column":2},"end":{"line":10,"column":29}},"9":{"start":{"line":14,"column":0},"end":{"line":81,"column":2}},"10":{"start":{"line":15,"column":2},"end":{"line":80,"column":3}},"11":{"start":{"line":16,"column":29},"end":{"line":16,"column":32}},"12":{"start":{"line":17,"column":25},"end":{"line":19,"column":109}},"13":{"start":{"line":21,"column":4},"end":{"line":21,"column":117}},"14":{"start":{"line":23,"column":18},"end":{"line":23,"column":20}},"15":{"start":{"line":24,"column":24},"end":{"line":24,"column":28}},"16":{"start":{"line":27,"column":4},"end":{"line":32,"column":5}},"17":{"start":{"line":28,"column":22},"end":{"line":28,"column":101}},"18":{"start":{"line":28,"column":53},"end":{"line":28,"column":100}},"19":{"start":{"line":29,"column":6},"end":{"line":31,"column":7}},"20":{"start":{"line":30,"column":8},"end":{"line":30,"column":51}},"21":{"start":{"line":34,"column":4},"end":{"line":34,"column":116}},"22":{"start":{"line":37,"column":4},"end":{"line":63,"column":5}},"23":{"start":{"line":38,"column":6},"end":{"line":38,"column":122}},"24":{"start":{"line":39,"column":6},"end":{"line":39,"column":76}},"25":{"start":{"line":40,"column":6},"end":{"line":40,"column":114}},"26":{"start":{"line":43,"column":9},"end":{"line":63,"column":5}},"27":{"start":{"line":44,"column":6},"end":{"line":44,"column":51}},"28":{"start":{"line":47,"column":9},"end":{"line":63,"column":5}},"29":{"start":{"line":48,"column":6},"end":{"line":51,"column":8}},"30":{"start":{"line":54,"column":9},"end":{"line":63,"column":5}},"31":{"start":{"line":55,"column":25},"end":{"line":55,"column":67}},"32":{"start":{"line":56,"column":6},"end":{"line":56,"column":47}},"33":{"start":{"line":60,"column":6},"end":{"line":60,"column":113}},"34":{"start":{"line":61,"column":25},"end":{"line":61,"column":67}},"35":{"start":{"line":62,"column":6},"end":{"line":62,"column":47}},"36":{"start":{"line":66,"column":35},"end":{"line":66,"column":63}},"37":{"start":{"line":68,"column":4},"end":{"line":68,"column":89}},"38":{"start":{"line":70,"column":4},"end":{"line":76,"column":7}},"39":{"start":{"line":78,"column":4},"end":{"line":78,"column":55}},"40":{"start":{"line":79,"column":4},"end":{"line":79,"column":79}},"41":{"start":{"line":84,"column":0},"end":{"line":194,"column":2}},"42":{"start":{"line":85,"column":2},"end":{"line":193,"column":3}},"43":{"start":{"line":86,"column":29},"end":{"line":86,"column":32}},"44":{"start":{"line":87,"column":25},"end":{"line":87,"column":35}},"45":{"start":{"line":88,"column":27},"end":{"line":90,"column":113}},"46":{"start":{"line":92,"column":4},"end":{"line":92,"column":131}},"47":{"start":{"line":94,"column":4},"end":{"line":99,"column":5}},"48":{"start":{"line":95,"column":6},"end":{"line":98,"column":9}},"49":{"start":{"line":102,"column":24},"end":{"line":102,"column":28}},"50":{"start":{"line":103,"column":4},"end":{"line":109,"column":5}},"51":{"start":{"line":104,"column":22},"end":{"line":104,"column":111}},"52":{"start":{"line":104,"column":53},"end":{"line":104,"column":110}},"53":{"start":{"line":105,"column":6},"end":{"line":108,"column":7}},"54":{"start":{"line":106,"column":8},"end":{"line":106,"column":73}},"55":{"start":{"line":107,"column":8},"end":{"line":107,"column":120}},"56":{"start":{"line":112,"column":4},"end":{"line":118,"column":5}},"57":{"start":{"line":113,"column":6},"end":{"line":113,"column":115}},"58":{"start":{"line":114,"column":6},"end":{"line":117,"column":9}},"59":{"start":{"line":121,"column":24},"end":{"line":121,"column":29}},"60":{"start":{"line":124,"column":4},"end":{"line":156,"column":5}},"61":{"start":{"line":125,"column":6},"end":{"line":125,"column":27}},"62":{"start":{"line":126,"column":6},"end":{"line":126,"column":122}},"63":{"start":{"line":129,"column":9},"end":{"line":156,"column":5}},"64":{"start":{"line":130,"column":6},"end":{"line":150,"column":7}},"65":{"start":{"line":132,"column":27},"end":{"line":132,"column":93}},"66":{"start":{"line":133,"column":32},"end":{"line":133,"column":76}},"67":{"start":{"line":135,"column":8},"end":{"line":135,"column":99}},"68":{"start":{"line":138,"column":8},"end":{"line":144,"column":9}},"69":{"start":{"line":139,"column":10},"end":{"line":139,"column":31}},"70":{"start":{"line":140,"column":10},"end":{"line":140,"column":110}},"71":{"start":{"line":142,"column":10},"end":{"line":142,"column":137}},"72":{"start":{"line":143,"column":10},"end":{"line":143,"column":121}},"73":{"start":{"line":147,"column":8},"end":{"line":147,"column":103}},"74":{"start":{"line":148,"column":8},"end":{"line":148,"column":29}},"75":{"start":{"line":149,"column":8},"end":{"line":149,"column":100}},"76":{"start":{"line":153,"column":9},"end":{"line":156,"column":5}},"77":{"start":{"line":154,"column":6},"end":{"line":154,"column":64}},"78":{"start":{"line":155,"column":6},"end":{"line":155,"column":115}},"79":{"start":{"line":158,"column":4},"end":{"line":164,"column":5}},"80":{"start":{"line":159,"column":6},"end":{"line":159,"column":141}},"81":{"start":{"line":160,"column":6},"end":{"line":163,"column":9}},"82":{"start":{"line":167,"column":4},"end":{"line":189,"column":5}},"83":{"start":{"line":168,"column":6},"end":{"line":168,"column":79}},"84":{"start":{"line":169,"column":21},"end":{"line":169,"column":65}},"85":{"start":{"line":171,"column":6},"end":{"line":177,"column":7}},"86":{"start":{"line":172,"column":8},"end":{"line":172,"column":83}},"87":{"start":{"line":173,"column":8},"end":{"line":176,"column":11}},"88":{"start":{"line":179,"column":6},"end":{"line":179,"column":82}},"89":{"start":{"line":180,"column":6},"end":{"line":185,"column":9}},"90":{"start":{"line":187,"column":6},"end":{"line":187,"column":101}},"91":{"start":{"line":188,"column":6},"end":{"line":188,"column":95}},"92":{"start":{"line":191,"column":4},"end":{"line":191,"column":55}},"93":{"start":{"line":192,"column":4},"end":{"line":192,"column":79}},"94":{"start":{"line":197,"column":0},"end":{"line":305,"column":2}},"95":{"start":{"line":198,"column":2},"end":{"line":304,"column":3}},"96":{"start":{"line":199,"column":29},"end":{"line":199,"column":32}},"97":{"start":{"line":200,"column":25},"end":{"line":200,"column":35}},"98":{"start":{"line":201,"column":27},"end":{"line":203,"column":114}},"99":{"start":{"line":205,"column":4},"end":{"line":205,"column":133}},"100":{"start":{"line":207,"column":4},"end":{"line":212,"column":5}},"101":{"start":{"line":208,"column":6},"end":{"line":211,"column":9}},"102":{"start":{"line":215,"column":24},"end":{"line":215,"column":28}},"103":{"start":{"line":216,"column":4},"end":{"line":222,"column":5}},"104":{"start":{"line":217,"column":22},"end":{"line":217,"column":111}},"105":{"start":{"line":217,"column":53},"end":{"line":217,"column":110}},"106":{"start":{"line":218,"column":6},"end":{"line":221,"column":7}},"107":{"start":{"line":219,"column":8},"end":{"line":219,"column":73}},"108":{"start":{"line":220,"column":8},"end":{"line":220,"column":120}},"109":{"start":{"line":225,"column":4},"end":{"line":231,"column":5}},"110":{"start":{"line":226,"column":6},"end":{"line":226,"column":115}},"111":{"start":{"line":227,"column":6},"end":{"line":230,"column":9}},"112":{"start":{"line":234,"column":24},"end":{"line":234,"column":29}},"113":{"start":{"line":237,"column":4},"end":{"line":245,"column":5}},"114":{"start":{"line":238,"column":6},"end":{"line":238,"column":27}},"115":{"start":{"line":239,"column":6},"end":{"line":239,"column":121}},"116":{"start":{"line":242,"column":9},"end":{"line":245,"column":5}},"117":{"start":{"line":243,"column":6},"end":{"line":243,"column":27}},"118":{"start":{"line":244,"column":6},"end":{"line":244,"column":82}},"119":{"start":{"line":247,"column":4},"end":{"line":253,"column":5}},"120":{"start":{"line":248,"column":6},"end":{"line":248,"column":146}},"121":{"start":{"line":249,"column":6},"end":{"line":252,"column":9}},"122":{"start":{"line":256,"column":27},"end":{"line":256,"column":71}},"123":{"start":{"line":258,"column":4},"end":{"line":264,"column":5}},"124":{"start":{"line":259,"column":6},"end":{"line":259,"column":81}},"125":{"start":{"line":260,"column":6},"end":{"line":263,"column":9}},"126":{"start":{"line":267,"column":23},"end":{"line":277,"column":5}},"127":{"start":{"line":280,"column":4},"end":{"line":289,"column":5}},"128":{"start":{"line":281,"column":26},"end":{"line":281,"column":76}},"129":{"start":{"line":282,"column":6},"end":{"line":288,"column":7}},"130":{"start":{"line":283,"column":8},"end":{"line":283,"column":111}},"131":{"start":{"line":284,"column":8},"end":{"line":287,"column":11}},"132":{"start":{"line":291,"column":4},"end":{"line":291,"column":79}},"133":{"start":{"line":292,"column":26},"end":{"line":292,"column":79}},"134":{"start":{"line":294,"column":4},"end":{"line":294,"column":87}},"135":{"start":{"line":295,"column":4},"end":{"line":300,"column":7}},"136":{"start":{"line":302,"column":4},"end":{"line":302,"column":55}},"137":{"start":{"line":303,"column":4},"end":{"line":303,"column":81}},"138":{"start":{"line":308,"column":0},"end":{"line":404,"column":2}},"139":{"start":{"line":309,"column":2},"end":{"line":403,"column":3}},"140":{"start":{"line":310,"column":29},"end":{"line":310,"column":32}},"141":{"start":{"line":311,"column":25},"end":{"line":311,"column":35}},"142":{"start":{"line":312,"column":27},"end":{"line":314,"column":113}},"143":{"start":{"line":316,"column":4},"end":{"line":316,"column":149}},"144":{"start":{"line":318,"column":4},"end":{"line":323,"column":5}},"145":{"start":{"line":319,"column":6},"end":{"line":322,"column":9}},"146":{"start":{"line":326,"column":24},"end":{"line":326,"column":28}},"147":{"start":{"line":327,"column":4},"end":{"line":333,"column":5}},"148":{"start":{"line":328,"column":22},"end":{"line":328,"column":111}},"149":{"start":{"line":328,"column":53},"end":{"line":328,"column":110}},"150":{"start":{"line":329,"column":6},"end":{"line":332,"column":7}},"151":{"start":{"line":330,"column":8},"end":{"line":330,"column":73}},"152":{"start":{"line":331,"column":8},"end":{"line":331,"column":120}},"153":{"start":{"line":336,"column":4},"end":{"line":342,"column":5}},"154":{"start":{"line":337,"column":6},"end":{"line":337,"column":150}},"155":{"start":{"line":338,"column":6},"end":{"line":341,"column":9}},"156":{"start":{"line":345,"column":19},"end":{"line":345,"column":63}},"157":{"start":{"line":347,"column":4},"end":{"line":353,"column":5}},"158":{"start":{"line":348,"column":6},"end":{"line":348,"column":81}},"159":{"start":{"line":349,"column":6},"end":{"line":352,"column":9}},"160":{"start":{"line":356,"column":25},"end":{"line":358,"column":5}},"161":{"start":{"line":357,"column":6},"end":{"line":357,"column":63}},"162":{"start":{"line":360,"column":4},"end":{"line":366,"column":5}},"163":{"start":{"line":361,"column":6},"end":{"line":361,"column":104}},"164":{"start":{"line":362,"column":6},"end":{"line":365,"column":9}},"165":{"start":{"line":369,"column":28},"end":{"line":371,"column":26}},"166":{"start":{"line":370,"column":6},"end":{"line":370,"column":63}},"167":{"start":{"line":373,"column":4},"end":{"line":379,"column":5}},"168":{"start":{"line":374,"column":6},"end":{"line":374,"column":93}},"169":{"start":{"line":375,"column":6},"end":{"line":378,"column":9}},"170":{"start":{"line":382,"column":4},"end":{"line":388,"column":5}},"171":{"start":{"line":383,"column":6},"end":{"line":383,"column":93}},"172":{"start":{"line":384,"column":6},"end":{"line":387,"column":9}},"173":{"start":{"line":391,"column":4},"end":{"line":391,"column":86}},"174":{"start":{"line":393,"column":4},"end":{"line":393,"column":129}},"175":{"start":{"line":395,"column":4},"end":{"line":398,"column":7}},"176":{"start":{"line":401,"column":4},"end":{"line":401,"column":55}},"177":{"start":{"line":402,"column":4},"end":{"line":402,"column":95}},"178":{"start":{"line":407,"column":0},"end":{"line":550,"column":2}},"179":{"start":{"line":408,"column":2},"end":{"line":549,"column":3}},"180":{"start":{"line":409,"column":29},"end":{"line":409,"column":32}},"181":{"start":{"line":410,"column":69},"end":{"line":410,"column":78}},"182":{"start":{"line":411,"column":19},"end":{"line":411,"column":57}},"183":{"start":{"line":413,"column":27},"end":{"line":415,"column":111}},"184":{"start":{"line":417,"column":4},"end":{"line":417,"column":154}},"185":{"start":{"line":419,"column":4},"end":{"line":424,"column":5}},"186":{"start":{"line":420,"column":6},"end":{"line":423,"column":9}},"187":{"start":{"line":427,"column":24},"end":{"line":427,"column":28}},"188":{"start":{"line":428,"column":4},"end":{"line":434,"column":5}},"189":{"start":{"line":429,"column":22},"end":{"line":429,"column":111}},"190":{"start":{"line":429,"column":53},"end":{"line":429,"column":110}},"191":{"start":{"line":430,"column":6},"end":{"line":433,"column":7}},"192":{"start":{"line":431,"column":8},"end":{"line":431,"column":73}},"193":{"start":{"line":432,"column":8},"end":{"line":432,"column":120}},"194":{"start":{"line":436,"column":4},"end":{"line":442,"column":5}},"195":{"start":{"line":437,"column":6},"end":{"line":437,"column":115}},"196":{"start":{"line":438,"column":6},"end":{"line":441,"column":9}},"197":{"start":{"line":445,"column":31},"end":{"line":445,"column":33}},"198":{"start":{"line":448,"column":4},"end":{"line":491,"column":5}},"199":{"start":{"line":449,"column":6},"end":{"line":449,"column":77}},"200":{"start":{"line":450,"column":6},"end":{"line":450,"column":125}},"201":{"start":{"line":453,"column":9},"end":{"line":491,"column":5}},"202":{"start":{"line":454,"column":6},"end":{"line":454,"column":50}},"203":{"start":{"line":455,"column":6},"end":{"line":455,"column":131}},"204":{"start":{"line":458,"column":9},"end":{"line":491,"column":5}},"205":{"start":{"line":460,"column":6},"end":{"line":490,"column":7}},"206":{"start":{"line":466,"column":8},"end":{"line":466,"column":91}},"207":{"start":{"line":468,"column":27},"end":{"line":468,"column":69}},"208":{"start":{"line":469,"column":37},"end":{"line":469,"column":84}},"209":{"start":{"line":471,"column":8},"end":{"line":483,"column":11}},"210":{"start":{"line":485,"column":8},"end":{"line":485,"column":131}},"211":{"start":{"line":486,"column":8},"end":{"line":489,"column":11}},"212":{"start":{"line":494,"column":4},"end":{"line":510,"column":5}},"213":{"start":{"line":495,"column":6},"end":{"line":495,"column":102}},"214":{"start":{"line":496,"column":6},"end":{"line":509,"column":9}},"215":{"start":{"line":513,"column":4},"end":{"line":513,"column":132}},"216":{"start":{"line":515,"column":4},"end":{"line":545,"column":5}},"217":{"start":{"line":516,"column":21},"end":{"line":522,"column":7}},"218":{"start":{"line":525,"column":35},"end":{"line":525,"column":88}},"219":{"start":{"line":527,"column":6},"end":{"line":527,"column":165}},"220":{"start":{"line":529,"column":6},"end":{"line":541,"column":9}},"221":{"start":{"line":543,"column":6},"end":{"line":543,"column":77}},"222":{"start":{"line":544,"column":6},"end":{"line":544,"column":95}},"223":{"start":{"line":547,"column":4},"end":{"line":547,"column":55}},"224":{"start":{"line":548,"column":4},"end":{"line":548,"column":75}}},"fnMap":{"0":{"name":"(anonymous_0)","decl":{"start":{"line":7,"column":24},"end":{"line":7,"column":25}},"loc":{"start":{"line":7,"column":34},"end":{"line":11,"column":1}},"line":7},"1":{"name":"(anonymous_1)","decl":{"start":{"line":14,"column":21},"end":{"line":14,"column":22}},"loc":{"start":{"line":14,"column":47},"end":{"line":81,"column":1}},"line":14},"2":{"name":"(anonymous_2)","decl":{"start":{"line":28,"column":46},"end":{"line":28,"column":47}},"loc":{"start":{"line":28,"column":53},"end":{"line":28,"column":100}},"line":28},"3":{"name":"(anonymous_3)","decl":{"start":{"line":84,"column":24},"end":{"line":84,"column":25}},"loc":{"start":{"line":84,"column":50},"end":{"line":194,"column":1}},"line":84},"4":{"name":"(anonymous_4)","decl":{"start":{"line":104,"column":46},"end":{"line":104,"column":47}},"loc":{"start":{"line":104,"column":53},"end":{"line":104,"column":110}},"line":104},"5":{"name":"(anonymous_5)","decl":{"start":{"line":197,"column":23},"end":{"line":197,"column":24}},"loc":{"start":{"line":197,"column":49},"end":{"line":305,"column":1}},"line":197},"6":{"name":"(anonymous_6)","decl":{"start":{"line":217,"column":46},"end":{"line":217,"column":47}},"loc":{"start":{"line":217,"column":53},"end":{"line":217,"column":110}},"line":217},"7":{"name":"(anonymous_7)","decl":{"start":{"line":308,"column":27},"end":{"line":308,"column":28}},"loc":{"start":{"line":308,"column":53},"end":{"line":404,"column":1}},"line":308},"8":{"name":"(anonymous_8)","decl":{"start":{"line":328,"column":46},"end":{"line":328,"column":47}},"loc":{"start":{"line":328,"column":53},"end":{"line":328,"column":110}},"line":328},"9":{"name":"(anonymous_9)","decl":{"start":{"line":356,"column":75},"end":{"line":356,"column":76}},"loc":{"start":{"line":357,"column":6},"end":{"line":357,"column":63}},"line":357},"10":{"name":"(anonymous_10)","decl":{"start":{"line":369,"column":54},"end":{"line":369,"column":55}},"loc":{"start":{"line":370,"column":6},"end":{"line":370,"column":63}},"line":370},"11":{"name":"(anonymous_11)","decl":{"start":{"line":407,"column":24},"end":{"line":407,"column":25}},"loc":{"start":{"line":407,"column":50},"end":{"line":550,"column":1}},"line":407},"12":{"name":"(anonymous_12)","decl":{"start":{"line":429,"column":46},"end":{"line":429,"column":47}},"loc":{"start":{"line":429,"column":53},"end":{"line":429,"column":110}},"line":429}},"branchMap":{"0":{"loc":{"start":{"line":8,"column":2},"end":{"line":8,"column":25}},"type":"if","locations":[{"start":{"line":8,"column":2},"end":{"line":8,"column":25}},{"start":{},"end":{}}],"line":8},"1":{"loc":{"start":{"line":17,"column":25},"end":{"line":19,"column":109}},"type":"binary-expr","locations":[{"start":{"line":17,"column":25},"end":{"line":17,"column":49}},{"start":{"line":18,"column":22},"end":{"line":18,"column":47}},{"start":{"line":19,"column":23},"end":{"line":19,"column":108}}],"line":17},"2":{"loc":{"start":{"line":19,"column":23},"end":{"line":19,"column":108}},"type":"cond-expr","locations":[{"start":{"line":19,"column":77},"end":{"line":19,"column":101}},{"start":{"line":19,"column":104},"end":{"line":19,"column":108}}],"line":19},"3":{"loc":{"start":{"line":19,"column":23},"end":{"line":19,"column":74}},"type":"binary-expr","locations":[{"start":{"line":19,"column":23},"end":{"line":19,"column":41}},{"start":{"line":19,"column":45},"end":{"line":19,"column":74}}],"line":19},"4":{"loc":{"start":{"line":27,"column":4},"end":{"line":32,"column":5}},"type":"if","locations":[{"start":{"line":27,"column":4},"end":{"line":32,"column":5}},{"start":{},"end":{}}],"line":27},"5":{"loc":{"start":{"line":29,"column":6},"end":{"line":31,"column":7}},"type":"if","locations":[{"start":{"line":29,"column":6},"end":{"line":31,"column":7}},{"start":{},"end":{}}],"line":29},"6":{"loc":{"start":{"line":37,"column":4},"end":{"line":63,"column":5}},"type":"if","locations":[{"start":{"line":37,"column":4},"end":{"line":63,"column":5}},{"start":{"line":43,"column":9},"end":{"line":63,"column":5}}],"line":37},"7":{"loc":{"start":{"line":43,"column":9},"end":{"line":63,"column":5}},"type":"if","locations":[{"start":{"line":43,"column":9},"end":{"line":63,"column":5}},{"start":{"line":47,"column":9},"end":{"line":63,"column":5}}],"line":43},"8":{"loc":{"start":{"line":47,"column":9},"end":{"line":63,"column":5}},"type":"if","locations":[{"start":{"line":47,"column":9},"end":{"line":63,"column":5}},{"start":{"line":54,"column":9},"end":{"line":63,"column":5}}],"line":47},"9":{"loc":{"start":{"line":54,"column":9},"end":{"line":63,"column":5}},"type":"if","locations":[{"start":{"line":54,"column":9},"end":{"line":63,"column":5}},{"start":{"line":59,"column":9},"end":{"line":63,"column":5}}],"line":54},"10":{"loc":{"start":{"line":56,"column":16},"end":{"line":56,"column":46}},"type":"cond-expr","locations":[{"start":{"line":56,"column":29},"end":{"line":56,"column":41}},{"start":{"line":56,"column":44},"end":{"line":56,"column":46}}],"line":56},"11":{"loc":{"start":{"line":62,"column":16},"end":{"line":62,"column":46}},"type":"cond-expr","locations":[{"start":{"line":62,"column":29},"end":{"line":62,"column":41}},{"start":{"line":62,"column":44},"end":{"line":62,"column":46}}],"line":62},"12":{"loc":{"start":{"line":88,"column":27},"end":{"line":90,"column":113}},"type":"binary-expr","locations":[{"start":{"line":88,"column":27},"end":{"line":88,"column":51}},{"start":{"line":89,"column":26},"end":{"line":89,"column":51}},{"start":{"line":90,"column":27},"end":{"line":90,"column":112}}],"line":88},"13":{"loc":{"start":{"line":90,"column":27},"end":{"line":90,"column":112}},"type":"cond-expr","locations":[{"start":{"line":90,"column":81},"end":{"line":90,"column":105}},{"start":{"line":90,"column":108},"end":{"line":90,"column":112}}],"line":90},"14":{"loc":{"start":{"line":90,"column":27},"end":{"line":90,"column":78}},"type":"binary-expr","locations":[{"start":{"line":90,"column":27},"end":{"line":90,"column":45}},{"start":{"line":90,"column":49},"end":{"line":90,"column":78}}],"line":90},"15":{"loc":{"start":{"line":94,"column":4},"end":{"line":99,"column":5}},"type":"if","locations":[{"start":{"line":94,"column":4},"end":{"line":99,"column":5}},{"start":{},"end":{}}],"line":94},"16":{"loc":{"start":{"line":103,"column":4},"end":{"line":109,"column":5}},"type":"if","locations":[{"start":{"line":103,"column":4},"end":{"line":109,"column":5}},{"start":{},"end":{}}],"line":103},"17":{"loc":{"start":{"line":104,"column":53},"end":{"line":104,"column":110}},"type":"binary-expr","locations":[{"start":{"line":104,"column":53},"end":{"line":104,"column":59}},{"start":{"line":104,"column":63},"end":{"line":104,"column":110}}],"line":104},"18":{"loc":{"start":{"line":105,"column":6},"end":{"line":108,"column":7}},"type":"if","locations":[{"start":{"line":105,"column":6},"end":{"line":108,"column":7}},{"start":{},"end":{}}],"line":105},"19":{"loc":{"start":{"line":106,"column":24},"end":{"line":106,"column":72}},"type":"cond-expr","locations":[{"start":{"line":106,"column":39},"end":{"line":106,"column":65}},{"start":{"line":106,"column":68},"end":{"line":106,"column":72}}],"line":106},"20":{"loc":{"start":{"line":112,"column":4},"end":{"line":118,"column":5}},"type":"if","locations":[{"start":{"line":112,"column":4},"end":{"line":118,"column":5}},{"start":{},"end":{}}],"line":112},"21":{"loc":{"start":{"line":124,"column":4},"end":{"line":156,"column":5}},"type":"if","locations":[{"start":{"line":124,"column":4},"end":{"line":156,"column":5}},{"start":{"line":129,"column":9},"end":{"line":156,"column":5}}],"line":124},"22":{"loc":{"start":{"line":129,"column":9},"end":{"line":156,"column":5}},"type":"if","locations":[{"start":{"line":129,"column":9},"end":{"line":156,"column":5}},{"start":{"line":153,"column":9},"end":{"line":156,"column":5}}],"line":129},"23":{"loc":{"start":{"line":133,"column":32},"end":{"line":133,"column":76}},"type":"cond-expr","locations":[{"start":{"line":133,"column":45},"end":{"line":133,"column":69}},{"start":{"line":133,"column":72},"end":{"line":133,"column":76}}],"line":133},"24":{"loc":{"start":{"line":138,"column":8},"end":{"line":144,"column":9}},"type":"if","locations":[{"start":{"line":138,"column":8},"end":{"line":144,"column":9}},{"start":{"line":141,"column":15},"end":{"line":144,"column":9}}],"line":138},"25":{"loc":{"start":{"line":153,"column":9},"end":{"line":156,"column":5}},"type":"if","locations":[{"start":{"line":153,"column":9},"end":{"line":156,"column":5}},{"start":{},"end":{}}],"line":153},"26":{"loc":{"start":{"line":158,"column":4},"end":{"line":164,"column":5}},"type":"if","locations":[{"start":{"line":158,"column":4},"end":{"line":164,"column":5}},{"start":{},"end":{}}],"line":158},"27":{"loc":{"start":{"line":171,"column":6},"end":{"line":177,"column":7}},"type":"if","locations":[{"start":{"line":171,"column":6},"end":{"line":177,"column":7}},{"start":{},"end":{}}],"line":171},"28":{"loc":{"start":{"line":201,"column":27},"end":{"line":203,"column":114}},"type":"binary-expr","locations":[{"start":{"line":201,"column":27},"end":{"line":201,"column":51}},{"start":{"line":202,"column":27},"end":{"line":202,"column":52}},{"start":{"line":203,"column":28},"end":{"line":203,"column":113}}],"line":201},"29":{"loc":{"start":{"line":203,"column":28},"end":{"line":203,"column":113}},"type":"cond-expr","locations":[{"start":{"line":203,"column":82},"end":{"line":203,"column":106}},{"start":{"line":203,"column":109},"end":{"line":203,"column":113}}],"line":203},"30":{"loc":{"start":{"line":203,"column":28},"end":{"line":203,"column":79}},"type":"binary-expr","locations":[{"start":{"line":203,"column":28},"end":{"line":203,"column":46}},{"start":{"line":203,"column":50},"end":{"line":203,"column":79}}],"line":203},"31":{"loc":{"start":{"line":207,"column":4},"end":{"line":212,"column":5}},"type":"if","locations":[{"start":{"line":207,"column":4},"end":{"line":212,"column":5}},{"start":{},"end":{}}],"line":207},"32":{"loc":{"start":{"line":216,"column":4},"end":{"line":222,"column":5}},"type":"if","locations":[{"start":{"line":216,"column":4},"end":{"line":222,"column":5}},{"start":{},"end":{}}],"line":216},"33":{"loc":{"start":{"line":217,"column":53},"end":{"line":217,"column":110}},"type":"binary-expr","locations":[{"start":{"line":217,"column":53},"end":{"line":217,"column":59}},{"start":{"line":217,"column":63},"end":{"line":217,"column":110}}],"line":217},"34":{"loc":{"start":{"line":218,"column":6},"end":{"line":221,"column":7}},"type":"if","locations":[{"start":{"line":218,"column":6},"end":{"line":221,"column":7}},{"start":{},"end":{}}],"line":218},"35":{"loc":{"start":{"line":219,"column":24},"end":{"line":219,"column":72}},"type":"cond-expr","locations":[{"start":{"line":219,"column":39},"end":{"line":219,"column":65}},{"start":{"line":219,"column":68},"end":{"line":219,"column":72}}],"line":219},"36":{"loc":{"start":{"line":225,"column":4},"end":{"line":231,"column":5}},"type":"if","locations":[{"start":{"line":225,"column":4},"end":{"line":231,"column":5}},{"start":{},"end":{}}],"line":225},"37":{"loc":{"start":{"line":237,"column":4},"end":{"line":245,"column":5}},"type":"if","locations":[{"start":{"line":237,"column":4},"end":{"line":245,"column":5}},{"start":{"line":242,"column":9},"end":{"line":245,"column":5}}],"line":237},"38":{"loc":{"start":{"line":242,"column":9},"end":{"line":245,"column":5}},"type":"if","locations":[{"start":{"line":242,"column":9},"end":{"line":245,"column":5}},{"start":{},"end":{}}],"line":242},"39":{"loc":{"start":{"line":247,"column":4},"end":{"line":253,"column":5}},"type":"if","locations":[{"start":{"line":247,"column":4},"end":{"line":253,"column":5}},{"start":{},"end":{}}],"line":247},"40":{"loc":{"start":{"line":258,"column":4},"end":{"line":264,"column":5}},"type":"if","locations":[{"start":{"line":258,"column":4},"end":{"line":264,"column":5}},{"start":{},"end":{}}],"line":258},"41":{"loc":{"start":{"line":268,"column":13},"end":{"line":268,"column":51}},"type":"binary-expr","locations":[{"start":{"line":268,"column":13},"end":{"line":268,"column":27}},{"start":{"line":268,"column":31},"end":{"line":268,"column":51}}],"line":268},"42":{"loc":{"start":{"line":269,"column":18},"end":{"line":269,"column":66}},"type":"binary-expr","locations":[{"start":{"line":269,"column":18},"end":{"line":269,"column":37}},{"start":{"line":269,"column":41},"end":{"line":269,"column":66}}],"line":269},"43":{"loc":{"start":{"line":270,"column":17},"end":{"line":270,"column":63}},"type":"binary-expr","locations":[{"start":{"line":270,"column":17},"end":{"line":270,"column":35}},{"start":{"line":270,"column":39},"end":{"line":270,"column":63}}],"line":270},"44":{"loc":{"start":{"line":271,"column":13},"end":{"line":271,"column":51}},"type":"binary-expr","locations":[{"start":{"line":271,"column":13},"end":{"line":271,"column":27}},{"start":{"line":271,"column":31},"end":{"line":271,"column":51}}],"line":271},"45":{"loc":{"start":{"line":272,"column":14},"end":{"line":272,"column":54}},"type":"binary-expr","locations":[{"start":{"line":272,"column":14},"end":{"line":272,"column":29}},{"start":{"line":272,"column":33},"end":{"line":272,"column":54}}],"line":272},"46":{"loc":{"start":{"line":273,"column":20},"end":{"line":273,"column":72}},"type":"binary-expr","locations":[{"start":{"line":273,"column":20},"end":{"line":273,"column":41}},{"start":{"line":273,"column":45},"end":{"line":273,"column":72}}],"line":273},"47":{"loc":{"start":{"line":274,"column":12},"end":{"line":274,"column":48}},"type":"binary-expr","locations":[{"start":{"line":274,"column":12},"end":{"line":274,"column":25}},{"start":{"line":274,"column":29},"end":{"line":274,"column":48}}],"line":274},"48":{"loc":{"start":{"line":275,"column":19},"end":{"line":275,"column":69}},"type":"binary-expr","locations":[{"start":{"line":275,"column":19},"end":{"line":275,"column":39}},{"start":{"line":275,"column":43},"end":{"line":275,"column":69}}],"line":275},"49":{"loc":{"start":{"line":276,"column":14},"end":{"line":276,"column":54}},"type":"binary-expr","locations":[{"start":{"line":276,"column":14},"end":{"line":276,"column":29}},{"start":{"line":276,"column":33},"end":{"line":276,"column":54}}],"line":276},"50":{"loc":{"start":{"line":280,"column":4},"end":{"line":289,"column":5}},"type":"if","locations":[{"start":{"line":280,"column":4},"end":{"line":289,"column":5}},{"start":{},"end":{}}],"line":280},"51":{"loc":{"start":{"line":282,"column":6},"end":{"line":288,"column":7}},"type":"if","locations":[{"start":{"line":282,"column":6},"end":{"line":288,"column":7}},{"start":{},"end":{}}],"line":282},"52":{"loc":{"start":{"line":312,"column":27},"end":{"line":314,"column":113}},"type":"binary-expr","locations":[{"start":{"line":312,"column":27},"end":{"line":312,"column":51}},{"start":{"line":313,"column":26},"end":{"line":313,"column":51}},{"start":{"line":314,"column":27},"end":{"line":314,"column":112}}],"line":312},"53":{"loc":{"start":{"line":314,"column":27},"end":{"line":314,"column":112}},"type":"cond-expr","locations":[{"start":{"line":314,"column":81},"end":{"line":314,"column":105}},{"start":{"line":314,"column":108},"end":{"line":314,"column":112}}],"line":314},"54":{"loc":{"start":{"line":314,"column":27},"end":{"line":314,"column":78}},"type":"binary-expr","locations":[{"start":{"line":314,"column":27},"end":{"line":314,"column":45}},{"start":{"line":314,"column":49},"end":{"line":314,"column":78}}],"line":314},"55":{"loc":{"start":{"line":318,"column":4},"end":{"line":323,"column":5}},"type":"if","locations":[{"start":{"line":318,"column":4},"end":{"line":323,"column":5}},{"start":{},"end":{}}],"line":318},"56":{"loc":{"start":{"line":327,"column":4},"end":{"line":333,"column":5}},"type":"if","locations":[{"start":{"line":327,"column":4},"end":{"line":333,"column":5}},{"start":{},"end":{}}],"line":327},"57":{"loc":{"start":{"line":328,"column":53},"end":{"line":328,"column":110}},"type":"binary-expr","locations":[{"start":{"line":328,"column":53},"end":{"line":328,"column":59}},{"start":{"line":328,"column":63},"end":{"line":328,"column":110}}],"line":328},"58":{"loc":{"start":{"line":329,"column":6},"end":{"line":332,"column":7}},"type":"if","locations":[{"start":{"line":329,"column":6},"end":{"line":332,"column":7}},{"start":{},"end":{}}],"line":329},"59":{"loc":{"start":{"line":330,"column":24},"end":{"line":330,"column":72}},"type":"cond-expr","locations":[{"start":{"line":330,"column":39},"end":{"line":330,"column":65}},{"start":{"line":330,"column":68},"end":{"line":330,"column":72}}],"line":330},"60":{"loc":{"start":{"line":336,"column":4},"end":{"line":342,"column":5}},"type":"if","locations":[{"start":{"line":336,"column":4},"end":{"line":342,"column":5}},{"start":{},"end":{}}],"line":336},"61":{"loc":{"start":{"line":347,"column":4},"end":{"line":353,"column":5}},"type":"if","locations":[{"start":{"line":347,"column":4},"end":{"line":353,"column":5}},{"start":{},"end":{}}],"line":347},"62":{"loc":{"start":{"line":356,"column":25},"end":{"line":358,"column":5}},"type":"binary-expr","locations":[{"start":{"line":356,"column":25},"end":{"line":356,"column":45}},{"start":{"line":356,"column":49},"end":{"line":358,"column":5}}],"line":356},"63":{"loc":{"start":{"line":357,"column":6},"end":{"line":357,"column":63}},"type":"binary-expr","locations":[{"start":{"line":357,"column":6},"end":{"line":357,"column":12}},{"start":{"line":357,"column":16},"end":{"line":357,"column":63}}],"line":357},"64":{"loc":{"start":{"line":360,"column":4},"end":{"line":366,"column":5}},"type":"if","locations":[{"start":{"line":360,"column":4},"end":{"line":366,"column":5}},{"start":{},"end":{}}],"line":360},"65":{"loc":{"start":{"line":370,"column":6},"end":{"line":370,"column":63}},"type":"binary-expr","locations":[{"start":{"line":370,"column":6},"end":{"line":370,"column":12}},{"start":{"line":370,"column":16},"end":{"line":370,"column":63}}],"line":370},"66":{"loc":{"start":{"line":373,"column":4},"end":{"line":379,"column":5}},"type":"if","locations":[{"start":{"line":373,"column":4},"end":{"line":379,"column":5}},{"start":{},"end":{}}],"line":373},"67":{"loc":{"start":{"line":373,"column":8},"end":{"line":373,"column":69}},"type":"binary-expr","locations":[{"start":{"line":373,"column":8},"end":{"line":373,"column":35}},{"start":{"line":373,"column":39},"end":{"line":373,"column":69}}],"line":373},"68":{"loc":{"start":{"line":382,"column":4},"end":{"line":388,"column":5}},"type":"if","locations":[{"start":{"line":382,"column":4},"end":{"line":388,"column":5}},{"start":{},"end":{}}],"line":382},"69":{"loc":{"start":{"line":382,"column":8},"end":{"line":382,"column":80}},"type":"binary-expr","locations":[{"start":{"line":382,"column":8},"end":{"line":382,"column":49}},{"start":{"line":382,"column":53},"end":{"line":382,"column":80}}],"line":382},"70":{"loc":{"start":{"line":410,"column":19},"end":{"line":410,"column":42}},"type":"default-arg","locations":[{"start":{"line":410,"column":27},"end":{"line":410,"column":42}}],"line":410},"71":{"loc":{"start":{"line":410,"column":44},"end":{"line":410,"column":52}},"type":"default-arg","locations":[{"start":{"line":410,"column":51},"end":{"line":410,"column":52}}],"line":410},"72":{"loc":{"start":{"line":410,"column":54},"end":{"line":410,"column":64}},"type":"default-arg","locations":[{"start":{"line":410,"column":62},"end":{"line":410,"column":64}}],"line":410},"73":{"loc":{"start":{"line":413,"column":27},"end":{"line":415,"column":111}},"type":"binary-expr","locations":[{"start":{"line":413,"column":27},"end":{"line":413,"column":51}},{"start":{"line":414,"column":24},"end":{"line":414,"c
[...]
3,"column":7}},{"start":{},"end":{}}],"line":301},"33":{"loc":{"start":{"line":309,"column":6},"end":{"line":311,"column":7}},"type":"if","locations":[{"start":{"line":309,"column":6},"end":{"line":311,"column":7}},{"start":{},"end":{}}],"line":309},"34":{"loc":{"start":{"line":326,"column":6},"end":{"line":328,"column":7}},"type":"if","locations":[{"start":{"line":326,"column":6},"end":{"line":328,"column":7}},{"start":{},"end":{}}],"line":326},"35":{"loc":{"start":{"line":334,"column":6},"end":{"line":336,"column":7}},"type":"if","locations":[{"start":{"line":334,"column":6},"end":{"line":336,"column":7}},{"start":{},"end":{}}],"line":334},"36":{"loc":{"start":{"line":334,"column":10},"end":{"line":334,"column":74}},"type":"binary-expr","locations":[{"start":{"line":334,"column":10},"end":{"line":334,"column":23}},{"start":{"line":334,"column":27},"end":{"line":334,"column":74}}],"line":334},"37":{"loc":{"start":{"line":338,"column":6},"end":{"line":340,"column":7}},"type":"if","locations":[{"start":{"line":338,"column":6},"end":{"line":340,"column":7}},{"start":{},"end":{}}],"line":338}},"s":{"0":0,"1":0,"2":0,"3":0,"4":0,"5":0,"6":0,"7":0,"8":0,"9":0,"10":0,"11":0,"12":0,"13":0,"14":0,"15":0,"16":0,"17":0,"18":0,"19":0,"20":0,"21":0,"22":0,"23":0,"24":0,"25":0,"26":0,"27":0,"28":0,"29":0,"30":0,"31":0,"32":0,"33":0,"34":0,"35":0,"36":0,"37":0,"38":0,"39":0,"40":0,"41":0,"42":0,"43":0,"44":0,"45":0,"46":0,"47":0,"48":0,"49":0,"50":0,"51":0,"52":0,"53":0,"54":0,"55":0,"56":0,"57":0,"58":0,"59":0,"60":0,"61":0,"62":0,"63":0,"64":0,"65":0,"66":0,"67":0,"68":0,"69":0,"70":0,"71":0,"72":0,"73":0,"74":0,"75":0,"76":0,"77":0,"78":0,"79":0,"80":0,"81":0,"82":0,"83":0,"84":0,"85":0,"86":0,"87":0,"88":0,"89":0,"90":0,"91":0,"92":0},"f":{"0":0,"1":0,"2":0,"3":0,"4":0,"5":0,"6":0,"7":0,"8":0,"9":0},"b":{"0":[0],"1":[0],"2":[0,0],"3":[0,0],"4":[0],"5":[0],"6":[0],"7":[0,0],"8":[0,0],"9":[0,0],"10":[0],"11":[0],"12":[0,0],"13":[0,0],"14":[0],"15":[0],"16":[0],"17":[0,0],"18":[0,0],"19":[0],"20":[0],"21":[0,0],"22":[0,0],"23":[0,0],"24":[0,0],"25":[0,0],"26":[0,0],"27":[0,0],"28":[0,0],"29":[0,0],"30":[0,0],"31":[0,0],"32":[0,0],"33":[0,0],"34":[0,0],"35":[0,0],"36":[0,0],"37":[0,0]}}
,"/var/www/amicus/backend/services/userService.js": {"path":"/var/www/amicus/backend/services/userService.js","statementMap":{"0":{"start":{"line":1,"column":23},"end":{"line":1,"column":64}},"1":{"start":{"line":2,"column":31},"end":{"line":2,"column":80}},"2":{"start":{"line":3,"column":15},"end":{"line":3,"column":34}},"3":{"start":{"line":7,"column":17},"end":{"line":7,"column":54}},"4":{"start":{"line":8,"column":4},"end":{"line":10,"column":5}},"5":{"start":{"line":9,"column":6},"end":{"line":9,"column":51}},"6":{"start":{"line":13,"column":26},"end":{"line":13,"column":83}},"7":{"start":{"line":15,"column":4},"end":{"line":18,"column":6}},"8":{"start":{"line":23,"column":17},"end":{"line":23,"column":54}},"9":{"start":{"line":24,"column":4},"end":{"line":26,"column":5}},"10":{"start":{"line":25,"column":6},"end":{"line":25,"column":51}},"11":{"start":{"line":29,"column":24},"end":{"line":29,"column":69}},"12":{"start":{"line":30,"column":4},"end":{"line":30,"column":23}},"13":{"start":{"line":35,"column":17},"end":{"line":35,"column":57}},"14":{"start":{"line":36,"column":4},"end":{"line":38,"column":5}},"15":{"start":{"line":37,"column":6},"end":{"line":37,"column":51}},"16":{"start":{"line":41,"column":28},"end":{"line":41,"column":80}},"17":{"start":{"line":42,"column":4},"end":{"line":44,"column":5}},"18":{"start":{"line":43,"column":6},"end":{"line":43,"column":59}},"19":{"start":{"line":47,"column":17},"end":{"line":47,"column":41}},"20":{"start":{"line":48,"column":27},"end":{"line":48,"column":63}},"21":{"start":{"line":55,"column":4},"end":{"line":55,"column":65}},"22":{"start":{"line":59,"column":4},"end":{"line":61,"column":5}},"23":{"start":{"line":60,"column":6},"end":{"line":60,"column":54}},"24":{"start":{"line":63,"column":4},"end":{"line":63,"column":80}},"25":{"start":{"line":67,"column":0},"end":{"line":67,"column":35}}},"fnMap":{"0":{"name":"(anonymous_0)","decl":{"start":{"line":6,"column":2},"end":{"line":6,"column":3}},"loc":{"start":{"line":6,"column":31},"end":{"line":19,"column":3}},"line":6},"1":{"name":"(anonymous_1)","decl":{"start":{"line":21,"column":2},"end":{"line":21,"column":3}},"loc":{"start":{"line":21,"column":44},"end":{"line":31,"column":3}},"line":21},"2":{"name":"(anonymous_2)","decl":{"start":{"line":33,"column":2},"end":{"line":33,"column":3}},"loc":{"start":{"line":33,"column":61},"end":{"line":56,"column":3}},"line":33},"3":{"name":"(anonymous_3)","decl":{"start":{"line":58,"column":2},"end":{"line":58,"column":3}},"loc":{"start":{"line":58,"column":56},"end":{"line":64,"column":3}},"line":58}},"branchMap":{"0":{"loc":{"start":{"line":8,"column":4},"end":{"line":10,"column":5}},"type":"if","locations":[{"start":{"line":8,"column":4},"end":{"line":10,"column":5}},{"start":{},"end":{}}],"line":8},"1":{"loc":{"start":{"line":24,"column":4},"end":{"line":26,"column":5}},"type":"if","locations":[{"start":{"line":24,"column":4},"end":{"line":26,"column":5}},{"start":{},"end":{}}],"line":24},"2":{"loc":{"start":{"line":36,"column":4},"end":{"line":38,"column":5}},"type":"if","locations":[{"start":{"line":36,"column":4},"end":{"line":38,"column":5}},{"start":{},"end":{}}],"line":36},"3":{"loc":{"start":{"line":42,"column":4},"end":{"line":44,"column":5}},"type":"if","locations":[{"start":{"line":42,"column":4},"end":{"line":44,"column":5}},{"start":{},"end":{}}],"line":42},"4":{"loc":{"start":{"line":59,"column":4},"end":{"line":61,"column":5}},"type":"if","locations":[{"start":{"line":59,"column":4},"end":{"line":61,"column":5}},{"start":{},"end":{}}],"line":59}},"s":{"0":1,"1":1,"2":1,"3":2,"4":2,"5":1,"6":1,"7":1,"8":2,"9":2,"10":1,"11":1,"12":1,"13":3,"14":3,"15":1,"16":2,"17":2,"18":1,"19":1,"20":1,"21":1,"22":2,"23":1,"24":1,"25":1},"f":{"0":2,"1":2,"2":3,"3":2},"b":{"0":[1,1],"1":[1,1],"2":[1,2],"3":[1,1],"4":[1,1]},"_coverageSchema":"1a1c01bbd47fc00a2c39e90264f33305004495a9","hash":"ed6c53a867a6eb20893a34c1b38578719e6f66c3"}
,"/var/www/amicus/backend/services/visitService.js": {"path":"/var/www/amicus/backend/services/visitService.js","statementMap":{"0":{"start":{"line":1,"column":24},"end":{"line":1,"column":66}},"1":{"start":{"line":2,"column":23},"end":{"line":2,"column":64}},"2":{"start":{"line":6,"column":18},"end":{"line":6,"column":57}},"3":{"start":{"line":7,"column":4},"end":{"line":9,"column":5}},"4":{"start":{"line":8,"column":6},"end":{"line":8,"column":47}},"5":{"start":{"line":10,"column":4},"end":{"line":10,"column":17}},"6":{"start":{"line":15,"column":19},"end":{"line":15,"column":58}},"7":{"start":{"line":16,"column":4},"end":{"line":18,"column":5}},"8":{"start":{"line":17,"column":6},"end":{"line":17,"column":51}},"9":{"start":{"line":20,"column":19},"end":{"line":20,"column":37}},"10":{"start":{"line":21,"column":19},"end":{"line":21,"column":80}},"11":{"start":{"line":22,"column":23},"end":{"line":22,"column":70}},"12":{"start":{"line":24,"column":4},"end":{"line":32,"column":6}},"13":{"start":{"line":37,"column":16},"end":{"line":37,"column":52}},"14":{"start":{"line":38,"column":4},"end":{"line":40,"column":5}},"15":{"start":{"line":39,"column":6},"end":{"line":39,"column":51}},"16":{"start":{"line":42,"column":19},"end":{"line":42,"column":37}},"17":{"start":{"line":43,"column":19},"end":{"line":43,"column":74}},"18":{"start":{"line":44,"column":23},"end":{"line":44,"column":64}},"19":{"start":{"line":46,"column":4},"end":{"line":54,"column":6}},"20":{"start":{"line":59,"column":19},"end":{"line":59,"column":69}},"21":{"start":{"line":60,"column":4},"end":{"line":62,"column":5}},"22":{"start":{"line":61,"column":6},"end":{"line":61,"column":47}},"23":{"start":{"line":65,"column":4},"end":{"line":70,"column":5}},"24":{"start":{"line":66,"column":18},"end":{"line":66,"column":65}},"25":{"start":{"line":67,"column":6},"end":{"line":69,"column":7}},"26":{"start":{"line":68,"column":8},"end":{"line":68,"column":53}},"27":{"start":{"line":73,"column":4},"end":{"line":78,"column":5}},"28":{"start":{"line":74,"column":23},"end":{"line":74,"column":75}},"29":{"start":{"line":75,"column":6},"end":{"line":77,"column":7}},"30":{"start":{"line":76,"column":8},"end":{"line":76,"column":52}},"31":{"start":{"line":80,"column":4},"end":{"line":80,"column":51}},"32":{"start":{"line":85,"column":18},"end":{"line":85,"column":57}},"33":{"start":{"line":86,"column":4},"end":{"line":88,"column":5}},"34":{"start":{"line":87,"column":6},"end":{"line":87,"column":47}},"35":{"start":{"line":91,"column":4},"end":{"line":96,"column":5}},"36":{"start":{"line":92,"column":18},"end":{"line":92,"column":65}},"37":{"start":{"line":93,"column":6},"end":{"line":95,"column":7}},"38":{"start":{"line":94,"column":8},"end":{"line":94,"column":53}},"39":{"start":{"line":99,"column":4},"end":{"line":104,"column":5}},"40":{"start":{"line":100,"column":23},"end":{"line":100,"column":75}},"41":{"start":{"line":101,"column":6},"end":{"line":103,"column":7}},"42":{"start":{"line":102,"column":8},"end":{"line":102,"column":52}},"43":{"start":{"line":106,"column":4},"end":{"line":106,"column":60}},"44":{"start":{"line":110,"column":18},"end":{"line":110,"column":57}},"45":{"start":{"line":111,"column":4},"end":{"line":113,"column":5}},"46":{"start":{"line":112,"column":6},"end":{"line":112,"column":47}},"47":{"start":{"line":115,"column":4},"end":{"line":115,"column":42}},"48":{"start":{"line":116,"column":4},"end":{"line":116,"column":65}},"49":{"start":{"line":120,"column":0},"end":{"line":120,"column":36}}},"fnMap":{"0":{"name":"(anonymous_0)","decl":{"start":{"line":5,"column":2},"end":{"line":5,"column":3}},"loc":{"start":{"line":5,"column":26},"end":{"line":11,"column":3}},"line":5},"1":{"name":"(anonymous_1)","decl":{"start":{"line":13,"column":2},"end":{"line":13,"column":3}},"loc":{"start":{"line":13,"column":56},"end":{"line":33,"column":3}},"line":13},"2":{"name":"(anonymous_2)","decl":{"start":{"line":35,"column":2},"end":{"line":35,"column":3}},"loc":{"start":{"line":35,"column":50},"end":{"line":55,"column":3}},"line":35},"3":{"name":"(anonymous_3)","decl":{"start":{"line":57,"column":2},"end":{"line":57,"column":3}},"loc":{"start":{"line":57,"column":31},"end":{"line":81,"column":3}},"line":57},"4":{"name":"(anonymous_4)","decl":{"start":{"line":83,"column":2},"end":{"line":83,"column":3}},"loc":{"start":{"line":83,"column":40},"end":{"line":107,"column":3}},"line":83},"5":{"name":"(anonymous_5)","decl":{"start":{"line":109,"column":2},"end":{"line":109,"column":3}},"loc":{"start":{"line":109,"column":29},"end":{"line":117,"column":3}},"line":109}},"branchMap":{"0":{"loc":{"start":{"line":7,"column":4},"end":{"line":9,"column":5}},"type":"if","locations":[{"start":{"line":7,"column":4},"end":{"line":9,"column":5}},{"start":{},"end":{}}],"line":7},"1":{"loc":{"start":{"line":13,"column":34},"end":{"line":13,"column":42}},"type":"default-arg","locations":[{"start":{"line":13,"column":41},"end":{"line":13,"column":42}}],"line":13},"2":{"loc":{"start":{"line":13,"column":44},"end":{"line":13,"column":54}},"type":"default-arg","locations":[{"start":{"line":13,"column":52},"end":{"line":13,"column":54}}],"line":13},"3":{"loc":{"start":{"line":16,"column":4},"end":{"line":18,"column":5}},"type":"if","locations":[{"start":{"line":16,"column":4},"end":{"line":18,"column":5}},{"start":{},"end":{}}],"line":16},"4":{"loc":{"start":{"line":35,"column":28},"end":{"line":35,"column":36}},"type":"default-arg","locations":[{"start":{"line":35,"column":35},"end":{"line":35,"column":36}}],"line":35},"5":{"loc":{"start":{"line":35,"column":38},"end":{"line":35,"column":48}},"type":"default-arg","locations":[{"start":{"line":35,"column":46},"end":{"line":35,"column":48}}],"line":35},"6":{"loc":{"start":{"line":38,"column":4},"end":{"line":40,"column":5}},"type":"if","locations":[{"start":{"line":38,"column":4},"end":{"line":40,"column":5}},{"start":{},"end":{}}],"line":38},"7":{"loc":{"start":{"line":60,"column":4},"end":{"line":62,"column":5}},"type":"if","locations":[{"start":{"line":60,"column":4},"end":{"line":62,"column":5}},{"start":{},"end":{}}],"line":60},"8":{"loc":{"start":{"line":65,"column":4},"end":{"line":70,"column":5}},"type":"if","locations":[{"start":{"line":65,"column":4},"end":{"line":70,"column":5}},{"start":{},"end":{}}],"line":65},"9":{"loc":{"start":{"line":67,"column":6},"end":{"line":69,"column":7}},"type":"if","locations":[{"start":{"line":67,"column":6},"end":{"line":69,"column":7}},{"start":{},"end":{}}],"line":67},"10":{"loc":{"start":{"line":73,"column":4},"end":{"line":78,"column":5}},"type":"if","locations":[{"start":{"line":73,"column":4},"end":{"line":78,"column":5}},{"start":{},"end":{}}],"line":73},"11":{"loc":{"start":{"line":75,"column":6},"end":{"line":77,"column":7}},"type":"if","locations":[{"start":{"line":75,"column":6},"end":{"line":77,"column":7}},{"start":{},"end":{}}],"line":75},"12":{"loc":{"start":{"line":86,"column":4},"end":{"line":88,"column":5}},"type":"if","locations":[{"start":{"line":86,"column":4},"end":{"line":88,"column":5}},{"start":{},"end":{}}],"line":86},"13":{"loc":{"start":{"line":91,"column":4},"end":{"line":96,"column":5}},"type":"if","locations":[{"start":{"line":91,"column":4},"end":{"line":96,"column":5}},{"start":{},"end":{}}],"line":91},"14":{"loc":{"start":{"line":93,"column":6},"end":{"line":95,"column":7}},"type":"if","locations":[{"start":{"line":93,"column":6},"end":{"line":95,"column":7}},{"start":{},"end":{}}],"line":93},"15":{"loc":{"start":{"line":99,"column":4},"end":{"line":104,"column":5}},"type":"if","locations":[{"start":{"line":99,"column":4},"end":{"line":104,"column":5}},{"start":{},"end":{}}],"line":99},"16":{"loc":{"start":{"line":101,"column":6},"end":{"line":103,"column":7}},"type":"if","locations":[{"start":{"line":101,"column":6},"end":{"line":103,"column":7}},{"start":{},"end":{}}],"line":101},"17":{"loc":{"start":{"line":111,"column":4},"end":{"line":113,"column":5}},"type":"if","locations":[{"start":{"line":111,"column":4},"end":{"line":113,"column":5}},{"start":{},"end":{}}],"line":111}},"s":{"0":0,"1":0,"2":0,"3":0,"4":0,"5":0,"6":0,"7":0,"8":0,"9":0,"10":0,"11":0,"12":0,"13":0,"14":0,"15":0,"16":0,"17":0,"18":0,"19":0,"20":0,"21":0,"22":0,"23":0,"24":0,"25":0,"26":0,"27":0,"28":0,"29":0,"30":0,"31":0,"32":0,"33":0,"34":0,"35":0,"36":0,"37":0,"38":0,"39":0,"40":0,"41":0,"42":0,"43":0,"44":0,"45":0,"46":0,"47":0,"48":0,"49":0},"f":{"0":0,"1":0,"2":0,"3":0,"4":0,"5":0},"b":{"0":[0,0],"1":[0],"2":[0],"3":[0,0],"4":[0],"5":[0],"6":[0,0],"7":[0,0],"8":[0,0],"9":[0,0],"10":[0,0],"11":[0,0],"12":[0,0],"13":[0,0],"14":[0,0],"15":[0,0],"16":[0,0],"17":[0,0]}}
,"/var/www/amicus/backend/utils/testApi.js": {"path":"/var/www/amicus/backend/utils/testApi.js","statementMap":{"0":{"start":{"line":1,"column":14},"end":{"line":1,"column":30}},"1":{"start":{"line":3,"column":16},"end":{"line":3,"column":43}},"2":{"start":{"line":4,"column":12},"end":{"line":4,"column":16}},"3":{"start":{"line":7,"column":21},"end":{"line":26,"column":1}},"4":{"start":{"line":8,"column":2},"end":{"line":25,"column":3}},"5":{"start":{"line":9,"column":21},"end":{"line":18,"column":6}},"6":{"start":{"line":20,"column":4},"end":{"line":20,"column":67}},"7":{"start":{"line":21,"column":4},"end":{"line":21,"column":25}},"8":{"start":{"line":23,"column":4},"end":{"line":23,"column":93}},"9":{"start":{"line":24,"column":4},"end":{"line":24,"column":16}},"10":{"start":{"line":29,"column":18},"end":{"line":43,"column":1}},"11":{"start":{"line":30,"column":2},"end":{"line":42,"column":3}},"12":{"start":{"line":31,"column":21},"end":{"line":34,"column":6}},"13":{"start":{"line":36,"column":4},"end":{"line":36,"column":37}},"14":{"start":{"line":37,"column":4},"end":{"line":37,"column":65}},"15":{"start":{"line":38,"column":4},"end":{"line":38,"column":25}},"16":{"start":{"line":40,"column":4},"end":{"line":40,"column":91}},"17":{"start":{"line":41,"column":4},"end":{"line":41,"column":16}},"18":{"start":{"line":46,"column":23},"end":{"line":65,"column":1}},"19":{"start":{"line":47,"column":2},"end":{"line":64,"column":3}},"20":{"start":{"line":48,"column":4},"end":{"line":51,"column":5}},"21":{"start":{"line":49,"column":6},"end":{"line":49,"column":57}},"22":{"start":{"line":50,"column":6},"end":{"line":50,"column":18}},"23":{"start":{"line":53,"column":21},"end":{"line":57,"column":6}},"24":{"start":{"line":59,"column":4},"end":{"line":59,"column":74}},"25":{"start":{"line":60,"column":4},"end":{"line":60,"column":25}},"26":{"start":{"line":62,"column":4},"end":{"line":62,"column":100}},"27":{"start":{"line":63,"column":4},"end":{"line":63,"column":16}},"28":{"start":{"line":68,"column":17},"end":{"line":86,"column":1}},"29":{"start":{"line":69,"column":2},"end":{"line":69,"column":45}},"30":{"start":{"line":72,"column":20},"end":{"line":72,"column":37}},"31":{"start":{"line":75,"column":2},"end":{"line":79,"column":3}},"32":{"start":{"line":76,"column":4},"end":{"line":76,"column":59}},"33":{"start":{"line":77,"column":4},"end":{"line":77,"column":25}},"34":{"start":{"line":78,"column":4},"end":{"line":78,"column":36}},"35":{"start":{"line":81,"column":2},"end":{"line":83,"column":3}},"36":{"start":{"line":82,"column":4},"end":{"line":82,"column":27}},"37":{"start":{"line":85,"column":2},"end":{"line":85,"column":38}},"38":{"start":{"line":89,"column":0},"end":{"line":89,"column":11}}},"fnMap":{"0":{"name":"(anonymous_0)","decl":{"start":{"line":7,"column":21},"end":{"line":7,"column":22}},"loc":{"start":{"line":7,"column":33},"end":{"line":26,"column":1}},"line":7},"1":{"name":"(anonymous_1)","decl":{"start":{"line":29,"column":18},"end":{"line":29,"column":19}},"loc":{"start":{"line":29,"column":30},"end":{"line":43,"column":1}},"line":29},"2":{"name":"(anonymous_2)","decl":{"start":{"line":46,"column":23},"end":{"line":46,"column":24}},"loc":{"start":{"line":46,"column":35},"end":{"line":65,"column":1}},"line":46},"3":{"name":"(anonymous_3)","decl":{"start":{"line":68,"column":17},"end":{"line":68,"column":18}},"loc":{"start":{"line":68,"column":29},"end":{"line":86,"column":1}},"line":68}},"branchMap":{"0":{"loc":{"start":{"line":23,"column":39},"end":{"line":23,"column":91}},"type":"cond-expr","locations":[{"start":{"line":23,"column":56},"end":{"line":23,"column":75}},{"start":{"line":23,"column":78},"end":{"line":23,"column":91}}],"line":23},"1":{"loc":{"start":{"line":40,"column":37},"end":{"line":40,"column":89}},"type":"cond-expr","locations":[{"start":{"line":40,"column":54},"end":{"line":40,"column":73}},{"start":{"line":40,"column":76},"end":{"line":40,"column":89}}],"line":40},"2":{"loc":{"start":{"line":48,"column":4},"end":{"line":51,"column":5}},"type":"if","locations":[{"start":{"line":48,"column":4},"end":{"line":51,"column":5}},{"start":{},"end":{}}],"line":48},"3":{"loc":{"start":{"line":62,"column":46},"end":{"line":62,"column":98}},"type":"cond-expr","locations":[{"start":{"line":62,"column":63},"end":{"line":62,"column":82}},{"start":{"line":62,"column":85},"end":{"line":62,"column":98}}],"line":62},"4":{"loc":{"start":{"line":75,"column":2},"end":{"line":79,"column":3}},"type":"if","locations":[{"start":{"line":75,"column":2},"end":{"line":79,"column":3}},{"start":{},"end":{}}],"line":75},"5":{"loc":{"start":{"line":81,"column":2},"end":{"line":83,"column":3}},"type":"if","locations":[{"start":{"line":81,"column":2},"end":{"line":83,"column":3}},{"start":{},"end":{}}],"line":81}},"s":{"0":0,"1":0,"2":0,"3":0,"4":0,"5":0,"6":0,"7":0,"8":0,"9":0,"10":0,"11":0,"12":0,"13":0,"14":0,"15":0,"16":0,"17":0,"18":0,"19":0,"20":0,"21":0,"22":0,"23":0,"24":0,"25":0,"26":0,"27":0,"28":0,"29":0,"30":0,"31":0,"32":0,"33":0,"34":0,"35":0,"36":0,"37":0,"38":0},"f":{"0":0,"1":0,"2":0,"3":0},"b":{"0":[0,0],"1":[0,0],"2":[0,0],"3":[0,0],"4":[0,0],"5":[0,0]}}
}
