{"/var/www/amicus/backend/controllers/authController.ts": {"path":"/var/www/amicus/backend/controllers/authController.ts","statementMap":{"0":{"start":{"line":8,"column":0},"end":{"line":8,"column":50}},"1":{"start":{"line":9,"column":0},"end":{"line":9,"column":65}},"2":{"start":{"line":10,"column":0},"end":{"line":10,"column":54}},"3":{"start":{"line":35,"column":37},"end":{"line":40,"column":2}},"4":{"start":{"line":42,"column":44},"end":{"line":100,"column":1}},"5":{"start":{"line":47,"column":2},"end":{"line":99,"column":3}},"6":{"start":{"line":48,"column":37},"end":{"line":59,"column":6}},"7":{"start":{"line":61,"column":29},"end":{"line":61,"column":58}},"8":{"start":{"line":62,"column":21},"end":{"line":62,"column":42}},"9":{"start":{"line":65,"column":47},"end":{"line":65,"column":83}},"10":{"start":{"line":66,"column":29},"end":{"line":66,"column":54}},"11":{"start":{"line":69,"column":44},"end":{"line":69,"column":84}},"12":{"start":{"line":72,"column":19},"end":{"line":77,"column":null}},"13":{"start":{"line":81,"column":4},"end":{"line":83,"column":5}},"14":{"start":{"line":82,"column":6},"end":{"line":82,"column":69}},"15":{"start":{"line":85,"column":47},"end":{"line":91,"column":6}},"16":{"start":{"line":93,"column":4},"end":{"line":96,"column":7}},"17":{"start":{"line":98,"column":4},"end":{"line":98,"column":16}},"18":{"start":{"line":42,"column":13},"end":{"line":42,"column":44}},"19":{"start":{"line":102,"column":41},"end":{"line":144,"column":1}},"20":{"start":{"line":107,"column":2},"end":{"line":143,"column":3}},"21":{"start":{"line":108,"column":4},"end":{"line":108,"column":62}},"22":{"start":{"line":109,"column":4},"end":{"line":109,"column":58}},"23":{"start":{"line":111,"column":32},"end":{"line":111,"column":40}},"24":{"start":{"line":113,"column":4},"end":{"line":116,"column":5}},"25":{"start":{"line":114,"column":6},"end":{"line":114,"column":57}},"26":{"start":{"line":115,"column":6},"end":{"line":115,"column":66}},"27":{"start":{"line":118,"column":4},"end":{"line":139,"column":5}},"28":{"start":{"line":119,"column":6},"end":{"line":119,"column":65}},"29":{"start":{"line":120,"column":21},"end":{"line":120,"column":61}},"30":{"start":{"line":121,"column":6},"end":{"line":121,"column":66}},"31":{"start":{"line":124,"column":6},"end":{"line":124,"column":69}},"32":{"start":{"line":126,"column":46},"end":{"line":130,"column":8}},"33":{"start":{"line":132,"column":6},"end":{"line":135,"column":9}},"34":{"start":{"line":137,"column":6},"end":{"line":137,"column":70}},"35":{"start":{"line":138,"column":6},"end":{"line":138,"column":32}},"36":{"start":{"line":141,"column":4},"end":{"line":141,"column":62}},"37":{"start":{"line":142,"column":4},"end":{"line":142,"column":23}},"38":{"start":{"line":102,"column":13},"end":{"line":102,"column":41}},"39":{"start":{"line":146,"column":41},"end":{"line":210,"column":1}},"40":{"start":{"line":151,"column":2},"end":{"line":209,"column":3}},"41":{"start":{"line":153,"column":19},"end":{"line":153,"column":29}},"42":{"start":{"line":155,"column":4},"end":{"line":160,"column":5}},"43":{"start":{"line":156,"column":6},"end":{"line":159,"column":9}},"44":{"start":{"line":162,"column":4},"end":{"line":206,"column":5}},"45":{"start":{"line":164,"column":21},"end":{"line":164,"column":71}},"46":{"start":{"line":167,"column":6},"end":{"line":175,"column":7}},"47":{"start":{"line":168,"column":8},"end":{"line":168,"column":61}},"48":{"start":{"line":171,"column":24},"end":{"line":171,"column":52}},"49":{"start":{"line":172,"column":8},"end":{"line":174,"column":9}},"50":{"start":{"line":173,"column":10},"end":{"line":173,"column":57}},"51":{"start":{"line":177,"column":6},"end":{"line":183,"column":9}},"52":{"start":{"line":185,"column":6},"end":{"line":185,"column":84}},"53":{"start":{"line":188,"column":19},"end":{"line":188,"column":66}},"54":{"start":{"line":190,"column":6},"end":{"line":195,"column":7}},"55":{"start":{"line":191,"column":8},"end":{"line":194,"column":11}},"56":{"start":{"line":197,"column":51},"end":{"line":197,"column":55}},"57":{"start":{"line":199,"column":6},"end":{"line":205,"column":9}},"58":{"start":{"line":208,"column":4},"end":{"line":208,"column":16}},"59":{"start":{"line":146,"column":13},"end":{"line":146,"column":41}},"60":{"start":{"line":213,"column":48},"end":{"line":246,"column":1}},"61":{"start":{"line":218,"column":2},"end":{"line":245,"column":3}},"62":{"start":{"line":220,"column":25},"end":{"line":220,"column":50}},"63":{"start":{"line":222,"column":4},"end":{"line":224,"column":5}},"64":{"start":{"line":223,"column":6},"end":{"line":223,"column":60}},"65":{"start":{"line":227,"column":19},"end":{"line":227,"column":69}},"66":{"start":{"line":230,"column":4},"end":{"line":230,"column":67}},"67":{"start":{"line":233,"column":44},"end":{"line":235,"column":6}},"68":{"start":{"line":237,"column":4},"end":{"line":240,"column":7}},"69":{"start":{"line":242,"column":4},"end":{"line":242,"column":49}},"70":{"start":{"line":243,"column":4},"end":{"line":243,"column":36}},"71":{"start":{"line":244,"column":4},"end":{"line":244,"column":16}},"72":{"start":{"line":213,"column":13},"end":{"line":213,"column":48}},"73":{"start":{"line":249,"column":42},"end":{"line":265,"column":1}},"74":{"start":{"line":254,"column":2},"end":{"line":264,"column":3}},"75":{"start":{"line":256,"column":4},"end":{"line":256,"column":36}},"76":{"start":{"line":258,"column":4},"end":{"line":261,"column":7}},"77":{"start":{"line":263,"column":4},"end":{"line":263,"column":16}},"78":{"start":{"line":249,"column":13},"end":{"line":249,"column":42}}},"fnMap":{"0":{"name":"(anonymous_10)","decl":{"start":{"line":42,"column":44},"end":{"line":42,"column":49}},"loc":{"start":{"line":46,"column":4},"end":{"line":100,"column":1}}},"1":{"name":"(anonymous_11)","decl":{"start":{"line":102,"column":41},"end":{"line":102,"column":46}},"loc":{"start":{"line":106,"column":4},"end":{"line":144,"column":1}}},"2":{"name":"(anonymous_12)","decl":{"start":{"line":146,"column":41},"end":{"line":146,"column":46}},"loc":{"start":{"line":150,"column":4},"end":{"line":210,"column":1}}},"3":{"name":"(anonymous_13)","decl":{"start":{"line":213,"column":48},"end":{"line":213,"column":53}},"loc":{"start":{"line":217,"column":4},"end":{"line":246,"column":1}}},"4":{"name":"(anonymous_14)","decl":{"start":{"line":249,"column":42},"end":{"line":249,"column":47}},"loc":{"start":{"line":253,"column":4},"end":{"line":265,"column":1}}}},"branchMap":{"0":{"loc":{"start":{"line":61,"column":29},"end":{"line":61,"column":58}},"type":"binary-expr","locations":[{"start":{"line":61,"column":29},"end":{"line":61,"column":50}},{"start":{"line":61,"column":54},"end":{"line":61,"column":58}}]},"1":{"loc":{"start":{"line":62,"column":21},"end":{"line":62,"column":42}},"type":"binary-expr","locations":[{"start":{"line":62,"column":21},"end":{"line":62,"column":34}},{"start":{"line":62,"column":38},"end":{"line":62,"column":42}}]},"2":{"loc":{"start":{"line":65,"column":47},"end":{"line":65,"column":83}},"type":"binary-expr","locations":[{"start":{"line":65,"column":47},"end":{"line":65,"column":75}},{"start":{"line":65,"column":79},"end":{"line":65,"column":83}}]},"3":{"loc":{"start":{"line":66,"column":29},"end":{"line":66,"column":54}},"type":"binary-expr","locations":[{"start":{"line":66,"column":29},"end":{"line":66,"column":42}},{"start":{"line":66,"column":46},"end":{"line":66,"column":54}}]},"4":{"loc":{"start":{"line":81,"column":4},"end":{"line":83,"column":5}},"type":"if","locations":[{"start":{"line":81,"column":4},"end":{"line":83,"column":5}}]},"5":{"loc":{"start":{"line":90,"column":10},"end":{"line":90,"column":69}},"type":"cond-expr","locations":[{"start":{"line":90,"column":35},"end":{"line":90,"column":37}},{"start":{"line":90,"column":40},"end":{"line":90,"column":69}}]},"6":{"loc":{"start":{"line":113,"column":4},"end":{"line":116,"column":5}},"type":"if","locations":[{"start":{"line":113,"column":4},"end":{"line":116,"column":5}}]},"7":{"loc":{"start":{"line":113,"column":8},"end":{"line":113,"column":27}},"type":"binary-expr","locations":[{"start":{"line":113,"column":8},"end":{"line":113,"column":14}},{"start":{"line":113,"column":18},"end":{"line":113,"column":27}}]},"8":{"loc":{"start":{"line":155,"column":4},"end":{"line":160,"column":5}},"type":"if","locations":[{"start":{"line":155,"column":4},"end":{"line":160,"column":5}}]},"9":{"loc":{"start":{"line":167,"column":6},"end":{"line":175,"column":7}},"type":"if","locations":[{"start":{"line":167,"column":6},"end":{"line":175,"column":7}}]},"10":{"loc":{"start":{"line":167,"column":10},"end":{"line":167,"column":98}},"type":"binary-expr","locations":[{"start":{"line":167,"column":10},"end":{"line":167,"column":35}},{"start":{"line":167,"column":39},"end":{"line":167,"column":75}},{"start":{"line":167,"column":79},"end":{"line":167,"column":98}}]},"11":{"loc":{"start":{"line":172,"column":8},"end":{"line":174,"column":9}},"type":"if","locations":[{"start":{"line":172,"column":8},"end":{"line":174,"column":9}}]},"12":{"loc":{"start":{"line":190,"column":6},"end":{"line":195,"column":7}},"type":"if","locations":[{"start":{"line":190,"column":6},"end":{"line":195,"column":7}}]},"13":{"loc":{"start":{"line":220,"column":25},"end":{"line":220,"column":50}},"type":"cond-expr","locations":[{"start":{"line":220,"column":36},"end":{"line":220,"column":38}},{"start":{"line":220,"column":36},"end":{"line":220,"column":50}}]},"14":{"loc":{"start":{"line":220,"column":25},"end":{"line":220,"column":38}},"type":"binary-expr","locations":[{"start":{"line":220,"column":25},"end":{"line":220,"column":38}},{"start":{"line":220,"column":36},"end":{"line":220,"column":38}}]},"15":{"loc":{"start":{"line":222,"column":4},"end":{"line":224,"column":5}},"type":"if","locations":[{"start":{"line":222,"column":4},"end":{"line":224,"column":5}}]}},"s":{"0":1,"1":1,"2":1,"3":1,"4":1,"5":3,"6":3,"7":3,"8":3,"9":3,"10":3,"11":3,"12":3,"13":2,"14":1,"15":2,"16":2,"17":1,"18":1,"19":1,"20":2,"21":2,"22":2,"23":2,"24":2,"25":1,"26":1,"27":1,"28":1,"29":1,"30":1,"31":1,"32":1,"33":1,"34":0,"35":0,"36":0,"37":0,"38":1,"39":1,"40":0,"41":0,"42":0,"43":0,"44":0,"45":0,"46":0,"47":0,"48":0,"49":0,"50":0,"51":0,"52":0,"53":0,"54":0,"55":0,"56":0,"57":0,"58":0,"59":1,"60":1,"61":2,"62":2,"63":2,"64":1,"65":1,"66":1,"67":1,"68":1,"69":0,"70":0,"71":0,"72":1,"73":1,"74":1,"75":1,"76":1,"77":0,"78":1},"f":{"0":3,"1":2,"2":0,"3":2,"4":1},"b":{"0":[3,2],"1":[3,3],"2":[3,3],"3":[3,3],"4":[1],"5":[1,1],"6":[1],"7":[2,2],"8":[0],"9":[0],"10":[0,0,0],"11":[0],"12":[0],"13":[0,2],"14":[2,2],"15":[1]}}
,"/var/www/amicus/backend/middleware/errorHandler.ts": {"path":"/var/www/amicus/backend/middleware/errorHandler.ts","statementMap":{"0":{"start":{"line":2,"column":0},"end":{"line":2,"column":30}},"1":{"start":{"line":5,"column":15},"end":{"line":15,"column":2}},"2":{"start":{"line":23,"column":4},"end":{"line":23,"column":19}},"3":{"start":{"line":24,"column":4},"end":{"line":24,"column":33}},"4":{"start":{"line":25,"column":4},"end":{"line":25,"column":30}},"5":{"start":{"line":26,"column":4},"end":{"line":26,"column":52}},"6":{"start":{"line":18,"column":0},"end":{"line":18,"column":13}},"7":{"start":{"line":31,"column":28},"end":{"line":90,"column":1}},"8":{"start":{"line":38,"column":21},"end":{"line":38,"column":42}},"9":{"start":{"line":39,"column":16},"end":{"line":39,"column":54}},"10":{"start":{"line":42,"column":2},"end":{"line":48,"column":5}},"11":{"start":{"line":51,"column":2},"end":{"line":56,"column":3}},"12":{"start":{"line":52,"column":4},"end":{"line":55,"column":7}},"13":{"start":{"line":54,"column":28},"end":{"line":54,"column":62}},"14":{"start":{"line":59,"column":2},"end":{"line":64,"column":3}},"15":{"start":{"line":60,"column":4},"end":{"line":63,"column":7}},"16":{"start":{"line":67,"column":2},"end":{"line":72,"column":3}},"17":{"start":{"line":68,"column":4},"end":{"line":71,"column":7}},"18":{"start":{"line":76,"column":23},"end":{"line":76,"column":60}},"19":{"start":{"line":78,"column":2},"end":{"line":80,"column":3}},"20":{"start":{"line":79,"column":4},"end":{"line":79,"column":38}},"21":{"start":{"line":83,"column":2},"end":{"line":89,"column":5}},"22":{"start":{"line":31,"column":13},"end":{"line":31,"column":28}},"23":{"start":{"line":93,"column":31},"end":{"line":100,"column":1}},"24":{"start":{"line":98,"column":16},"end":{"line":98,"column":72}},"25":{"start":{"line":99,"column":2},"end":{"line":99,"column":14}},"26":{"start":{"line":93,"column":13},"end":{"line":93,"column":31}}},"fnMap":{"0":{"name":"(anonymous_1)","decl":{"start":{"line":22,"column":2},"end":{"line":22,"column":14}},"loc":{"start":{"line":22,"column":49},"end":{"line":27,"column":3}}},"1":{"name":"(anonymous_2)","decl":{"start":{"line":31,"column":28},"end":{"line":31,"column":null}},"loc":{"start":{"line":36,"column":14},"end":{"line":90,"column":1}}},"2":{"name":"(anonymous_3)","decl":{"start":{"line":54,"column":22},"end":{"line":54,"column":23}},"loc":{"start":{"line":54,"column":28},"end":{"line":54,"column":62}}},"3":{"name":"(anonymous_4)","decl":{"start":{"line":93,"column":31},"end":{"line":93,"column":null}},"loc":{"start":{"line":97,"column":10},"end":{"line":100,"column":1}}}},"branchMap":{"0":{"loc":{"start":{"line":38,"column":21},"end":{"line":38,"column":42}},"type":"binary-expr","locations":[{"start":{"line":38,"column":21},"end":{"line":38,"column":35}},{"start":{"line":38,"column":39},"end":{"line":38,"column":42}}]},"1":{"loc":{"start":{"line":39,"column":16},"end":{"line":39,"column":54}},"type":"binary-expr","locations":[{"start":{"line":39,"column":16},"end":{"line":39,"column":27}},{"start":{"line":39,"column":31},"end":{"line":39,"column":54}}]},"2":{"loc":{"start":{"line":43,"column":13},"end":{"line":43,"column":43}},"type":"binary-expr","locations":[{"start":{"line":43,"column":13},"end":{"line":43,"column":24}},{"start":{"line":43,"column":28},"end":{"line":43,"column":43}}]},"3":{"loc":{"start":{"line":44,"column":11},"end":{"line":44,"column":54}},"type":"binary-expr","locations":[{"start":{"line":44,"column":11},"end":{"line":44,"column":20}},{"start":{"line":44,"column":24},"end":{"line":44,"column":54}}]},"4":{"loc":{"start":{"line":51,"column":2},"end":{"line":56,"column":3}},"type":"if","locations":[{"start":{"line":51,"column":2},"end":{"line":56,"column":3}}]},"5":{"loc":{"start":{"line":51,"column":6},"end":{"line":51,"column":92}},"type":"binary-expr","locations":[{"start":{"line":51,"column":6},"end":{"line":51,"column":24}},{"start":{"line":51,"column":28},"end":{"line":51,"column":42}},{"start":{"line":51,"column":46},"end":{"line":51,"column":52}},{"start":{"line":51,"column":56},"end":{"line":51,"column":73}},{"start":{"line":51,"column":77},"end":{"line":51,"column":92}}]},"6":{"loc":{"start":{"line":59,"column":2},"end":{"line":64,"column":3}},"type":"if","locations":[{"start":{"line":59,"column":2},"end":{"line":64,"column":3}}]},"7":{"loc":{"start":{"line":59,"column":6},"end":{"line":59,"column":74}},"type":"binary-expr","locations":[{"start":{"line":59,"column":6},"end":{"line":59,"column":38}},{"start":{"line":59,"column":42},"end":{"line":59,"column":74}}]},"8":{"loc":{"start":{"line":67,"column":2},"end":{"line":72,"column":3}},"type":"if","locations":[{"start":{"line":67,"column":2},"end":{"line":72,"column":3}}]},"9":{"loc":{"start":{"line":78,"column":2},"end":{"line":80,"column":3}},"type":"if","locations":[{"start":{"line":78,"column":2},"end":{"line":80,"column":3}}]},"10":{"loc":{"start":{"line":78,"column":6},"end":{"line":78,"column":40}},"type":"binary-expr","locations":[{"start":{"line":78,"column":6},"end":{"line":78,"column":24}},{"start":{"line":78,"column":28},"end":{"line":78,"column":40}}]},"11":{"loc":{"start":{"line":86,"column":8},"end":{"line":88,"column":6}},"type":"binary-expr","locations":[{"start":{"line":86,"column":8},"end":{"line":86,"column":46}},{"start":{"line":86,"column":50},"end":{"line":86,"column":68}},{"start":{"line":86,"column":72},"end":{"line":88,"column":6}}]}},"s":{"0":5,"1":5,"2":11,"3":11,"4":11,"5":11,"6":5,"7":5,"8":0,"9":0,"10":0,"11":0,"12":0,"13":0,"14":0,"15":0,"16":0,"17":0,"18":0,"19":0,"20":0,"21":0,"22":5,"23":5,"24":0,"25":0,"26":5},"f":{"0":11,"1":0,"2":0,"3":0},"b":{"0":[0,0],"1":[0,0],"2":[0,0],"3":[0,0],"4":[0],"5":[0,0,0,0,0],"6":[0],"7":[0,0],"8":[0],"9":[0],"10":[0,0],"11":[0,0,0]}}
,"/var/www/amicus/backend/services/authService.ts": {"path":"/var/www/amicus/backend/services/authService.ts","statementMap":{"0":{"start":{"line":7,"column":0},"end":{"line":7,"column":30}},"1":{"start":{"line":8,"column":0},"end":{"line":8,"column":31}},"2":{"start":{"line":9,"column":0},"end":{"line":9,"column":65}},"3":{"start":{"line":10,"column":0},"end":{"line":10,"column":81}},"4":{"start":{"line":11,"column":0},"end":{"line":11,"column":65}},"5":{"start":{"line":22,"column":0},"end":{"line":22,"column":54}},"6":{"start":{"line":23,"column":0},"end":{"line":23,"column":47}},"7":{"start":{"line":47,"column":4},"end":{"line":47,"column":87}},"8":{"start":{"line":48,"column":4},"end":{"line":48,"column":79}},"9":{"start":{"line":51,"column":4},"end":{"line":167,"column":7}},"10":{"start":{"line":53,"column":27},"end":{"line":53,"column":75}},"11":{"start":{"line":54,"column":6},"end":{"line":56,"column":7}},"12":{"start":{"line":55,"column":8},"end":{"line":55,"column":81}},"13":{"start":{"line":59,"column":6},"end":{"line":68,"column":7}},"14":{"start":{"line":61,"column":23},"end":{"line":61,"column":71}},"15":{"start":{"line":62,"column":8},"end":{"line":67,"column":9}},"16":{"start":{"line":63,"column":29},"end":{"line":63,"column":91}},"17":{"start":{"line":64,"column":10},"end":{"line":66,"column":11}},"18":{"start":{"line":65,"column":12},"end":{"line":65,"column":109}},"19":{"start":{"line":71,"column":19},"end":{"line":71,"column":43}},"20":{"start":{"line":72,"column":29},"end":{"line":72,"column":71}},"21":{"start":{"line":75,"column":6},"end":{"line":75,"column":41}},"22":{"start":{"line":78,"column":22},"end":{"line":78,"column":59}},"23":{"start":{"line":79,"column":6},"end":{"line":79,"column":82}},"24":{"start":{"line":81,"column":52},"end":{"line":81,"column":56}},"25":{"start":{"line":84,"column":6},"end":{"line":90,"column":7}},"26":{"start":{"line":85,"column":8},"end":{"line":85,"column":84}},"27":{"start":{"line":86,"column":32},"end":{"line":86,"column":92}},"28":{"start":{"line":87,"column":8},"end":{"line":87,"column":100}},"29":{"start":{"line":88,"column":8},"end":{"line":88,"column":45}},"30":{"start":{"line":89,"column":8},"end":{"line":89,"column":85}},"31":{"start":{"line":93,"column":28},"end":{"line":93,"column":32}},"32":{"start":{"line":94,"column":6},"end":{"line":118,"column":7}},"33":{"start":{"line":96,"column":23},"end":{"line":96,"column":71}},"34":{"start":{"line":98,"column":8},"end":{"line":117,"column":9}},"35":{"start":{"line":99,"column":10},"end":{"line":99,"column":80}},"36":{"start":{"line":103,"column":51},"end":{"line":112,"column":12}},"37":{"start":{"line":115,"column":10},"end":{"line":115,"column":65}},"38":{"start":{"line":116,"column":10},"end":{"line":116,"column":86}},"39":{"start":{"line":121,"column":6},"end":{"line":130,"column":7}},"40":{"start":{"line":122,"column":8},"end":{"line":129,"column":9}},"41":{"start":{"line":123,"column":10},"end":{"line":123,"column":133}},"42":{"start":{"line":124,"column":10},"end":{"line":124,"column":104}},"43":{"start":{"line":125,"column":10},"end":{"line":125,"column":96}},"44":{"start":{"line":127,"column":10},"end":{"line":127,"column":104}},"45":{"start":{"line":128,"column":10},"end":{"line":128,"column":84}},"46":{"start":{"line":133,"column":50},"end":{"line":133,"column":52}},"47":{"start":{"line":134,"column":6},"end":{"line":136,"column":7}},"48":{"start":{"line":135,"column":8},"end":{"line":135,"column":77}},"49":{"start":{"line":139,"column":6},"end":{"line":148,"column":7}},"50":{"start":{"line":141,"column":29},"end":{"line":142,"column":null}},"51":{"start":{"line":142,"column":10},"end":{"line":142,"column":72}},"52":{"start":{"line":145,"column":8},"end":{"line":147,"column":9}},"53":{"start":{"line":146,"column":10},"end":{"line":146,"column":78}},"54":{"start":{"line":151,"column":24},"end":{"line":151,"column":26}},"55":{"start":{"line":152,"column":25},"end":{"line":152,"column":27}},"56":{"start":{"line":154,"column":6},"end":{"line":158,"column":7}},"57":{"start":{"line":155,"column":23},"end":{"line":155,"column":73}},"58":{"start":{"line":156,"column":8},"end":{"line":156,"column":41}},"59":{"start":{"line":157,"column":8},"end":{"line":157,"column":43}},"60":{"start":{"line":160,"column":6},"end":{"line":166,"column":8}},"61":{"start":{"line":177,"column":4},"end":{"line":177,"column":60}},"62":{"start":{"line":179,"column":4},"end":{"line":246,"column":5}},"63":{"start":{"line":181,"column":6},"end":{"line":181,"column":60}},"64":{"start":{"line":182,"column":19},"end":{"line":182,"column":58}},"65":{"start":{"line":184,"column":6},"end":{"line":187,"column":7}},"66":{"start":{"line":185,"column":8},"end":{"line":185,"column":58}},"67":{"start":{"line":186,"column":8},"end":{"line":186,"column":64}},"68":{"start":{"line":189,"column":6},"end":{"line":189,"column":66}},"69":{"start":{"line":192,"column":6},"end":{"line":192,"column":49}},"70":{"start":{"line":193,"column":30},"end":{"line":193,"column":81}},"71":{"start":{"line":195,"column":6},"end":{"line":198,"column":7}},"72":{"start":{"line":196,"column":8},"end":{"line":196,"column":52}},"73":{"start":{"line":197,"column":8},"end":{"line":197,"column":64}},"74":{"start":{"line":200,"column":6},"end":{"line":200,"column":60}},"75":{"start":{"line":203,"column":6},"end":{"line":203,"column":75}},"76":{"start":{"line":204,"column":42},"end":{"line":204,"column":44}},"77":{"start":{"line":205,"column":59},"end":{"line":205,"column":61}},"78":{"start":{"line":207,"column":6},"end":{"line":222,"column":7}},"79":{"start":{"line":209,"column":8},"end":{"line":209,"column":92}},"80":{"start":{"line":210,"column":8},"end":{"line":210,"column":84}},"81":{"start":{"line":213,"column":8},"end":{"line":216,"column":12}},"82":{"start":{"line":213,"column":63},"end":{"line":216,"column":10}},"83":{"start":{"line":218,"column":8},"end":{"line":218,"column":99}},"84":{"start":{"line":220,"column":8},"end":{"line":220,"column":27}},"85":{"start":{"line":221,"column":8},"end":{"line":221,"column":40}},"86":{"start":{"line":225,"column":6},"end":{"line":225,"column":55}},"87":{"start":{"line":226,"column":44},"end":{"line":226,"column":100}},"88":{"start":{"line":227,"column":6},"end":{"line":227,"column":50}},"89":{"start":{"line":230,"column":27},"end":{"line":230,"column":38}},"90":{"start":{"line":231,"column":6},"end":{"line":231,"column":35}},"91":{"start":{"line":233,"column":6},"end":{"line":233,"column":61}},"92":{"start":{"line":234,"column":6},"end":{"line":239,"column":8}},"93":{"start":{"line":241,"column":6},"end":{"line":241,"column":61}},"94":{"start":{"line":242,"column":6},"end":{"line":244,"column":7}},"95":{"start":{"line":243,"column":8},"end":{"line":243,"column":20}},"96":{"start":{"line":245,"column":6},"end":{"line":245,"column":65}},"97":{"start":{"line":256,"column":25},"end":{"line":260,"column":6}},"98":{"start":{"line":262,"column":24},"end":{"line":265,"column":null}},"99":{"start":{"line":268,"column":25},"end":{"line":271,"column":null}},"100":{"start":{"line":274,"column":4},"end":{"line":274,"column":41}},"101":{"start":{"line":283,"column":4},"end":{"line":283,"column":51}},"102":{"start":{"line":292,"column":4},"end":{"line":292,"column":52}},"103":{"start":{"line":301,"column":4},"end":{"line":323,"column":5}},"104":{"start":{"line":303,"column":22},"end":{"line":305,"column":null}},"105":{"start":{"line":308,"column":21},"end":{"line":308,"column":31}},"106":{"start":{"line":309,"column":32},"end":{"line":309,"column":59}},"107":{"start":{"line":312,"column":19},"end":{"line":312,"column":56}},"108":{"start":{"line":313,"column":6},"end":{"line":315,"column":7}},"109":{"start":{"line":314,"column":8},"end":{"line":314,"column":61}},"110":{"start":{"line":318,"column":21},"end":{"line":318,"column":67}},"111":{"start":{"line":320,"column":6},"end":{"line":320,"column":20}},"112":{"start":{"line":322,"column":6},"end":{"line":322,"column":61}},"113":{"start":{"line":332,"column":4},"end":{"line":366,"column":5}},"114":{"start":{"line":334,"column":19},"end":{"line":334,"column":56}},"115":{"start":{"line":336,"column":6},"end":{"line":338,"column":7}},"116":{"start":{"line":337,"column":8},"end":{"line":337,"column":50}},"117":{"start":{"line":341,"column":28},"end":{"line":341,"column":94}},"118":{"start":{"line":344,"column":27},"end":{"line":354,"column":8}},"119":{"start":{"line":346,"column":49},"end":{"line":353,"column":10}},"120":{"start":{"line":357,"column":6},"end":{"line":357,"column":35}},"121":{"start":{"line":359,"column":6},"end":{"line":362,"column":8}},"122":{"start":{"line":364,"column":6},"end":{"line":364,"column":70}},"123":{"start":{"line":365,"column":6},"end":{"line":365,"column":18}},"124":{"start":{"line":378,"column":17},"end":{"line":378,"column":54}},"125":{"start":{"line":379,"column":4},"end":{"line":381,"column":5}},"126":{"start":{"line":380,"column":6},"end":{"line":380,"column":48}},"127":{"start":{"line":384,"column":28},"end":{"line":384,"column":86}},"128":{"start":{"line":385,"column":4},"end":{"line":387,"column":5}},"129":{"start":{"line":386,"column":6},"end":{"line":386,"column":67}},"130":{"start":{"line":390,"column":17},"end":{"line":390,"column":41}},"131":{"start":{"line":391,"column":27},"end":{"line":391,"column":63}},"132":{"start":{"line":394,"column":4},"end":{"line":394,"column":64}},"133":{"start":{"line":396,"column":4},"end":{"line":396,"column":29}},"134":{"start":{"line":406,"column":4},"end":{"line":431,"column":5}},"135":{"start":{"line":408,"column":22},"end":{"line":410,"column":null}},"136":{"start":{"line":413,"column":21},"end":{"line":413,"column":31}},"137":{"start":{"line":416,"column":19},"end":{"line":416,"column":56}},"138":{"start":{"line":417,"column":6},"end":{"line":419,"column":7}},"139":{"start":{"line":418,"column":8},"end":{"line":418,"column":61}},"140":{"start":{"line":422,"column":19},"end":{"line":422,"column":43}},"141":{"start":{"line":423,"column":29},"end":{"line":423,"column":65}},"142":{"start":{"line":426,"column":6},"end":{"line":426,"column":66}},"143":{"start":{"line":428,"column":6},"end":{"line":428,"column":31}},"144":{"start":{"line":430,"column":6},"end":{"line":430,"column":71}},"145":{"start":{"line":440,"column":4},"end":{"line":449,"column":5}},"146":{"start":{"line":441,"column":22},"end":{"line":443,"column":null}},"147":{"start":{"line":446,"column":6},"end":{"line":446,"column":21}},"148":{"start":{"line":448,"column":6},"end":{"line":448,"column":18}},"149":{"start":{"line":453,"column":0},"end":{"line":453,"column":33}}},"fnMap":{"0":{"name":"(anonymous_10)","decl":{"start":{"line":39,"column":2},"end":{"line":39,"column":7}},"loc":{"start":{"line":45,"column":40},"end":{"line":168,"column":3}}},"1":{"name":"(anonymous_11)","decl":{"start":{"line":51,"column":27},"end":{"line":51,"column":32}},"loc":{"start":{"line":51,"column":44},"end":{"line":167,"column":5}}},"2":{"name":"(anonymous_12)","decl":{"start":{"line":141,"column":52},"end":{"line":141,"column":55}},"loc":{"start":{"line":142,"column":10},"end":{"line":142,"column":72}}},"3":{"name":"(anonymous_13)","decl":{"start":{"line":176,"column":2},"end":{"line":176,"column":7}},"loc":{"start":{"line":176,"column":45},"end":{"line":247,"column":3}}},"4":{"name":"(anonymous_14)","decl":{"start":{"line":213,"column":55},"end":{"line":213,"column":58}},"loc":{"start":{"line":213,"column":63},"end":{"line":216,"column":10}}},"5":{"name":"(anonymous_15)","decl":{"start":{"line":255,"column":2},"end":{"line":255,"column":16}},"loc":{"start":{"line":255,"column":75},"end":{"line":275,"column":3}}},"6":{"name":"(anonymous_16)","decl":{"start":{"line":282,"column":2},"end":{"line":282,"column":15}},"loc":{"start":{"line":282,"column":30},"end":{"line":284,"column":3}}},"7":{"name":"(anonymous_17)","decl":{"start":{"line":291,"column":2},"end":{"line":291,"column":22}},"loc":{"start":{"line":291,"column":37},"end":{"line":293,"column":3}}},"8":{"name":"(anonymous_18)","decl":{"start":{"line":300,"column":2},"end":{"line":300,"column":7}},"loc":{"start":{"line":300,"column":47},"end":{"line":324,"column":3}}},"9":{"name":"(anonymous_19)","decl":{"start":{"line":331,"column":2},"end":{"line":331,"column":7}},"loc":{"start":{"line":331,"column":37},"end":{"line":367,"column":3}}},"10":{"name":"(anonymous_20)","decl":{"start":{"line":346,"column":41},"end":{"line":346,"column":44}},"loc":{"start":{"line":346,"column":49},"end":{"line":353,"column":10}}},"11":{"name":"(anonymous_21)","decl":{"start":{"line":376,"column":2},"end":{"line":376,"column":7}},"loc":{"start":{"line":376,"column":83},"end":{"line":397,"column":3}}},"12":{"name":"(anonymous_22)","decl":{"start":{"line":405,"column":2},"end":{"line":405,"column":7}},"loc":{"start":{"line":405,"column":61},"end":{"line":432,"column":3}}},"13":{"name":"(anonymous_23)","decl":{"start":{"line":439,"column":2},"end":{"line":439,"column":13}},"loc":{"start":{"line":439,"column":27},"end":{"line":450,"column":3}}}},"branchMap":{"0":{"loc":{"start":{"line":41,"column":4},"end":{"line":41,"column":57}},"type":"default-arg","locations":[{"start":{"line":41,"column":53},"end":{"line":41,"column":57}}]},"1":{"loc":{"start":{"line":42,"column":4},"end":{"line":42,"column":31}},"type":"default-arg","locations":[{"start":{"line":42,"column":27},"end":{"line":42,"column":31}}]},"2":{"loc":{"start":{"line":43,"column":4},"end":{"line":43,"column":45}},"type":"default-arg","locations":[{"start":{"line":43,"column":41},"end":{"line":43,"column":45}}]},"3":{"loc":{"start":{"line":44,"column":4},"end":{"line":44,"column":31}},"type":"default-arg","locations":[{"start":{"line":44,"column":23},"end":{"line":44,"column":31}}]},"4":{"loc":{"start":{"line":45,"column":4},"end":{"line":45,"column":40}},"type":"default-arg","locations":[{"start":{"line":45,"column":35},"end":{"line":45,"column":40}}]},"5":{"loc":{"start":{"line":54,"column":6},"end":{"line":56,"column":7}},"type":"if","locations":[{"start":{"line":54,"column":6},"end":{"line":56,"column":7}}]},"6":{"loc":{"start":{"line":59,"column":6},"end":{"line":68,"column":7}},"type":"if","locations":[{"start":{"line":59,"column":6},"end":{"line":68,"column":7}}]},"7":{"loc":{"start":{"line":61,"column":23},"end":{"line":61,"column":71}},"type":"binary-expr","locations":[{"start":{"line":61,"column":23},"end":{"line":61,"column":39}},{"start":{"line":61,"column":43},"end":{"line":61,"column":71}}]},"8":{"loc":{"start":{"line":62,"column":8},"end":{"line":67,"column":9}},"type":"if","locations":[{"start":{"line":62,"column":8},"end":{"line":67,"column":9}}]},"9":{"loc":{"start":{"line":64,"column":10},"end":{"line":66,"column":11}},"type":"if","locations":[{"start":{"line":64,"column":10},"end":{"line":66,"column":11}}]},"10":{"loc":{"start":{"line":84,"column":6},"end":{"line":90,"column":7}},"type":"if","locations":[{"start":{"line":84,"column":6},"end":{"line":90,"column":7}}]},"11":{"loc":{"start":{"line":84,"column":10},"end":{"line":84,"column":51}},"type":"binary-expr","locations":[{"start":{"line":84,"column":10},"end":{"line":84,"column":26}},{"start":{"line":84,"column":30},"end":{"line":84,"column":51}}]},"12":{"loc":{"start":{"line":94,"column":6},"end":{"line":118,"column":7}},"type":"if","locations":[{"start":{"line":94,"column":6},"end":{"line":118,"column":7}}]},"13":{"loc":{"start":{"line":96,"column":23},"end":{"line":96,"column":71}},"type":"binary-expr","locations":[{"start":{"line":96,"column":23},"end":{"line":96,"column":39}},{"start":{"line":96,"column":43},"end":{"line":96,"column":71}}]},"14":{"loc":{"start":{"line":98,"column":8},"end":{"line":117,"column":9}},"type":"if","locations":[{"start":{"line":98,"column":8},"end":{"line":117,"column":9}}]},"15":{"loc":{"start":{"line":111,"column":26},"end":{"line":111,"column":90}},"type":"binary-expr","locations":[{"start":{"line":111,"column":26},"end":{"line":111,"column":47}},{"start":{"line":111,"column":51},"end":{"line":111,"column":77}},{"start":{"line":111,"column":81},"end":{"line":111,"column":90}}]},"16":{"loc":{"start":{"line":116,"column":68},"end":{"line":116,"column":82}},"type":"cond-expr","locations":[{"start":{"line":116,"column":78},"end":{"line":116,"column":80}},{"start":{"line":116,"column":68},"end":{"line":116,"column":82}}]},"17":{"loc":{"start":{"line":116,"column":68},"end":{"line":116,"column":80}},"type":"binary-expr","locations":[{"start":{"line":116,"column":68},"end":{"line":116,"column":80}},{"start":{"line":116,"column":68},"end":{"line":116,"column":80}}]},"18":{"loc":{"start":{"line":121,"column":6},"end":{"line":130,"column":7}},"type":"if","locations":[{"start":{"line":121,"column":6},"end":{"line":130,"column":7}}]},"19":{"loc":{"start":{"line":134,"column":6},"end":{"line":136,"column":7}},"type":"if","locations":[{"start":{"line":134,"column":6},"end":{"line":136,"column":7}}]},"20":{"loc":{"start":{"line":139,"column":6},"end":{"line":148,"column":7}},"type":"if","locations":[{"start":{"line":139,"column":6},"end":{"line":148,"column":7}}]},"21":{"loc":{"start":{"line":142,"column":10},"end":{"line":142,"column":72}},"type":"binary-expr","locations":[{"start":{"line":142,"column":10},"end":{"line":142,"column":16}},{"start":{"line":142,"column":20},"end":{"line":142,"column":72}}]},"22":{"loc":{"start":{"line":145,"column":8},"end":{"line":147,"column":9}},"type":"if","locations":[{"start":{"line":145,"column":8},"end":{"line":147,"column":9}}]},"23":{"loc":{"start":{"line":154,"column":6},"end":{"line":158,"column":7}},"type":"if","locations":[{"start":{"line":154,"column":6},"end":{"line":158,"column":7}}]},"24":{"loc":{"start":{"line":184,"column":6},"end":{"line":187,"column":7}},"type":"if","locations":[{"start":{"line":184,"column":6},"end":{"line":187,"column":7}}]},"25":{"loc":{"start":{"line":193,"column":61},"end":{"line":193,"column":80}},"type":"binary-expr","locations":[{"start":{"line":193,"column":61},"end":{"line":193,"column":74}},{"start":{"line":193,"column":78},"end":{"line":193,"column":80}}]},"26":{"loc":{"start":{"line":195,"column":6},"end":{"line":198,"column":7}},"type":"if","locations":[{"start":{"line":195,"column":6},"end":{"line":198,"column":7}}]},"27":{"loc":{"start":{"line":215,"column":16},"end":{"line":215,"column":34}},"type":"binary-expr","locations":[{"start":{"line":215,"column":16},"end":{"line":215,"column":24}},{"start":{"line":215,"column":28},"end":{"line":215,"column":34}}]},"28":{"loc":{"start":{"line":242,"column":6},"end":{"line":244,"column":7}},"type":"if","locations":[{"start":{"line":242,"column":6},"end":{"line":244,"column":7}}]},"29":{"loc":{"start":{"line":255,"column":33},"end":{"line":255,"column":75}},"type":"default-arg","locations":[{"start":{"line":255,"column":73},"end":{"line":255,"column":75}}]},"30":{"loc":{"start":{"line":264,"column":6},"end":{"line":264,"column":61}},"type":"binary-expr","locations":[{"start":{"line":264,"column":6},"end":{"line":264,"column":35}},{"start":{"line":264,"column":39},"end":{"line":264,"column":61}}]},"31":{"loc":{"start":{"line":265,"column":19},"end":{"line":265,"column":61}},"type":"binary-expr","locations":[{"start":{"line":265,"column":19},"end":{"line":265,"column":52}},{"start":{"line":265,"column":56},"end":{"line":265,"column":61}}]},"32":{"loc":{"start":{"line":270,"column":6},"end":{"line":270,"column":63}},"type":"binary-expr","locations":[{"start":{"line":270,"column":6},"end":{"line":270,"column":36}},{"start":{"line":270,"column":40},"end":{"line":270,"column":63}}]},"33":{"loc":{"start":{"line":271,"column":19},"end":{"line":271,"column":61}},"type":"binary-expr","locations":[{"start":{"line":271,"column":19},"end":{"line":271,"column":53}},{"start":{"line":271,"column":57},"end":{"line":271,"column":61}}]},"34":{"loc":{"start":{"line":305,"column":8},"end":{"line":305,"column":65}},"type":"binary-expr","locations":[{"start":{"line":305,"column":8},"end":{"line":305,"column":38}},{"start":{"line":305,"column":42},"end":{"line":305,"column":65}}]},"35":{"loc":{"start":{"line":309,"column":32},"end":{"line":309,"column":59}},"type":"binary-expr","locations":[{"start":{"line":309,"column":32},"end":{"line":309,"column":53}},{"start":{"line":309,"column":57},"end":{"line":309,"column":59}}]},"36":{"loc":{"start":{"line":313,"column":6},"end":{"line":315,"column":7}},"type":"if","locations":[{"start":{"line":313,"column":6},"end":{"line":315,"column":7}}]},"37":{"loc":{"start":{"line":336,"column":6},"end":{"line":338,"column":7}},"type":"if","locations":[{"start":{"line":336,"column":6},"end":{"line":338,"column":7}}]},"38":{"loc":{"start":{"line":348,"column":16},"end":{"line":348,"column":50}},"type":"binary-expr","locations":[{"start":{"line":348,"column":16},"end":{"line":348,"column":24}},{"start":{"line":348,"column":28},"end":{"line":348,"column":50}}]},"39":{"loc":{"start":{"line":379,"column":4},"end":{"line":381,"column":5}},"type":"if","locations":[{"start":{"line":379,"column":4},"end":{"line":381,"column":5}}]},"40":{"loc":{"start":{"line":384,"column":66},"end":{"line":384,"column":85}},"type":"binary-expr","locations":[{"start":{"line":384,"column":66},"end":{"line":384,"column":79}},{"start":{"line":384,"column":83},"end":{"line":384,"column":85}}]},"41":{"loc":{"start":{"line":385,"column":4},"end":{"line":387,"column":5}},"type":"if","locations":[{"start":{"line":385,"column":4},"end":{"line":387,"column":5}}]},"42":{"loc":{"start":{"line":410,"column":8},"end":{"line":410,"column":61}},"type":"binary-expr","locations":[{"start":{"line":410,"column":8},"end":{"line":410,"column":36}},{"start":{"line":410,"column":40},"end":{"line":410,"column":61}}]},"43":{"loc":{"start":{"line":417,"column":6},"end":{"line":419,"column":7}},"type":"if","locations":[{"start":{"line":417,"column":6},"end":{"line":419,"column":7}}]},"44":{"loc":{"start":{"line":443,"column":8},"end":{"line":443,"column":63}},"type":"binary-expr","locations":[{"start":{"line":443,"column":8},"end":{"line":443,"column":37}},{"start":{"line":443,"column":41},"end":{"line":443,"column":63}}]}},"s":{"0":4,"1":4,"2":4,"3":4,"4":4,"5":4,"6":4,"7":4,"8":4,"9":4,"10":4,"11":4,"12":2,"13":2,"14":0,"15":0,"16":0,"17":0,"18":0,"19":2,"20":2,"21":2,"22":2,"23":2,"24":2,"25":2,"26":2,"27":2,"28":2,"29":2,"30":2,"31":2,"32":2,"33":0,"34":0,"35":0,"36":0,"37":0,"38":0,"39":2,"40":0,"41":0,"42":0,"43":0,"44":0,"45":0,"46":2,"47":2,"48":2,"49":2,"50":0,"51":0,"52":0,"53":0,"54":2,"55":2,"56":2,"57":2,"58":2,"59":2,"60":2,"61":6,"62":6,"63":6,"64":6,"65":6,"66":2,"67":2,"68":4,"69":4,"70":4,"71":4,"72":2,"73":2,"74":2,"75":2,"76":2,"77":2,"78":2,"79":2,"80":2,"81":2,"82":2,"83":0,"84":0,"85":0,"86":2,"87":2,"88":2,"89":2,"90":2,"91":2,"92":2,"93":4,"94":4,"95":4,"96":0,"97":0,"98":0,"99":0,"100":0,"101":0,"102":0,"103":4,"104":4,"105":2,"106":2,"107":2,"108":2,"109":0,"110":2,"111":2,"112":2,"113":0,"114":0,"115":0,"116":0,"117":0,"118":0,"119":0,"120":0,"121":0,"122":0,"123":0,"124":0,"125":0,"126":0,"127":0,"128":0,"129":0,"130":0,"131":0,"132":0,"133":0,"134":0,"135":0,"136":0,"137":0,"138":0,"139":0,"140":0,"141":0,"142":0,"143":0,"144":0,"145":0,"146":0,"147":0,"148":0,"149":4},"f":{"0":4,"1":4,"2":0,"3":6,"4":2,"5":0,"6":0,"7":0,"8":4,"9":0,"10":0,"11":0,"12":0,"13":0},"b":{"0":[2],"1":[4],"2":[4],"3":[4],"4":[4],"5":[2],"6":[0],"7":[0,0],"8":[0],"9":[0],"10":[2],"11":[2,2],"12":[0],"13":[0,0],"14":[0],"15":[0,0,0],"16":[0,0],"17":[0,0],"18":[0],"19":[2],"20":[0],"21":[0,0],"22":[0],"23":[2],"24":[2],"25":[4,0],"26":[2],"27":[2,0],"28":[4],"29":[0],"30":[0,0],"31":[0,0],"32":[0,0],"33":[0,0],"34":[4,0],"35":[2,0],"36":[0],"37":[0],"38":[0,0],"39":[0],"40":[0,0],"41":[0],"42":[0,0],"43":[0],"44":[0,0]}}
}
