TN:
SF:controllers/actionButtonController.js
FN:5,(anonymous_0)
FN:21,(anonymous_1)
FN:39,(anonymous_2)
FN:66,(anonymous_3)
FN:90,(anonymous_4)
FNF:5
FNH:0
FNDA:0,(anonymous_0)
FNDA:0,(anonymous_1)
FNDA:0,(anonymous_2)
FNDA:0,(anonymous_3)
FNDA:0,(anonymous_4)
DA:1,0
DA:2,0
DA:5,0
DA:6,0
DA:7,0
DA:8,0
DA:10,0
DA:16,0
DA:21,0
DA:22,0
DA:23,0
DA:24,0
DA:29,0
DA:34,0
DA:39,0
DA:40,0
DA:41,0
DA:42,0
DA:43,0
DA:45,0
DA:50,0
DA:52,0
DA:53,0
DA:55,0
DA:60,0
DA:61,0
DA:66,0
DA:67,0
DA:68,0
DA:69,0
DA:70,0
DA:72,0
DA:74,0
DA:79,0
DA:84,0
DA:85,0
DA:90,0
DA:91,0
DA:92,0
DA:93,0
DA:98,0
DA:103,0
LF:42
LH:0
BRDA:6,0,0,0
BRDA:6,0,1,0
BRDA:22,1,0,0
BRDA:22,1,1,0
BRDA:40,2,0,0
BRDA:40,2,1,0
BRDA:67,3,0,0
BRDA:67,3,1,0
BRDA:91,4,0,0
BRDA:91,4,1,0
BRF:10
BRH:0
end_of_record
TN:
SF:controllers/animalController.js
FN:16,(anonymous_0)
FN:30,(anonymous_1)
FN:162,(anonymous_2)
FN:211,(anonymous_3)
FN:256,(anonymous_4)
FNF:5
FNH:5
FNDA:4,(anonymous_0)
FNDA:9,(anonymous_1)
FNDA:4,(anonymous_2)
FNDA:3,(anonymous_3)
FNDA:2,(anonymous_4)
DA:7,2
DA:8,2
DA:9,2
DA:10,2
DA:11,2
DA:16,2
DA:17,4
DA:18,4
DA:19,4
DA:21,2
DA:26,2
DA:30,2
DA:31,9
DA:33,9
DA:34,9
DA:35,9
DA:36,9
DA:37,9
DA:40,9
DA:41,9
DA:44,9
DA:47,9
DA:50,9
DA:51,0
DA:52,0
DA:55,0
DA:61,9
DA:63,9
DA:64,3
DA:67,3
DA:69,1
DA:71,2
DA:73,0
DA:75,2
DA:77,2
DA:80,0
DA:87,6
DA:88,1
DA:91,6
DA:92,0
DA:94,6
DA:95,0
DA:97,6
DA:98,5
DA:101,1
DA:108,1
DA:111,1
DA:123,8
DA:124,0
DA:135,8
DA:136,0
DA:139,8
DA:140,0
DA:149,8
DA:151,8
DA:157,0
DA:158,0
DA:162,2
DA:163,4
DA:165,4
DA:181,4
DA:182,3
DA:185,3
DA:186,1
DA:190,3
DA:191,0
DA:194,3
DA:195,3
DA:196,1
DA:197,1
DA:200,4
DA:202,4
DA:207,0
DA:211,2
DA:212,3
DA:213,3
DA:216,3
DA:222,3
DA:239,3
DA:240,2
DA:241,1
DA:242,0
DA:245,3
DA:247,2
DA:252,1
DA:256,2
DA:257,2
DA:258,2
DA:261,2
DA:263,2
DA:265,2
DA:270,0
LF:92
LH:76
BRDA:33,0,0,9
BRDA:33,0,1,5
BRDA:34,1,0,9
BRDA:34,1,1,5
BRDA:40,2,0,9
BRDA:40,2,1,5
BRDA:47,3,0,9
BRDA:47,3,1,1
BRDA:47,3,2,1
BRDA:47,3,3,1
BRDA:50,4,0,0
BRDA:50,4,1,9
BRDA:50,5,0,9
BRDA:50,5,1,1
BRDA:50,5,2,1
BRDA:63,6,0,3
BRDA:63,6,1,6
BRDA:67,7,0,1
BRDA:67,7,1,2
BRDA:67,8,0,3
BRDA:67,8,1,2
BRDA:71,9,0,0
BRDA:71,9,1,2
BRDA:75,10,0,2
BRDA:75,10,1,0
BRDA:87,11,0,1
BRDA:87,11,1,5
BRDA:87,12,0,6
BRDA:87,12,1,1
BRDA:91,13,0,0
BRDA:91,13,1,6
BRDA:91,14,0,6
BRDA:91,14,1,6
BRDA:94,15,0,0
BRDA:94,15,1,6
BRDA:97,16,0,5
BRDA:97,16,1,1
BRDA:123,17,0,0
BRDA:123,17,1,8
BRDA:135,18,0,0
BRDA:135,18,1,8
BRDA:139,19,0,0
BRDA:139,19,1,8
BRDA:167,20,0,4
BRDA:167,20,1,3
BRDA:174,21,0,0
BRDA:174,21,1,4
BRDA:181,22,0,3
BRDA:181,22,1,1
BRDA:182,23,0,3
BRDA:182,23,1,0
BRDA:185,24,0,1
BRDA:185,24,1,2
BRDA:185,25,0,3
BRDA:185,25,1,1
BRDA:190,26,0,0
BRDA:190,26,1,3
BRDA:190,27,0,3
BRDA:190,27,1,1
BRDA:196,28,0,1
BRDA:196,28,1,0
BRDA:196,29,0,1
BRDA:196,29,1,1
BRDA:225,30,0,3
BRDA:225,30,1,3
BRDA:239,31,0,2
BRDA:239,31,1,1
BRDA:239,32,0,3
BRDA:239,32,1,3
BRDA:241,33,0,0
BRDA:241,33,1,1
BRDA:241,34,0,1
BRDA:241,34,1,0
BRF:73
BRH:59
end_of_record
TN:
SF:controllers/authController.js
FN:12,(anonymous_0)
FN:66,(anonymous_1)
FN:104,(anonymous_2)
FN:121,(anonymous_3)
FN:151,(anonymous_4)
FNF:5
FNH:5
FNDA:6,(anonymous_0)
FNDA:6,(anonymous_1)
FNDA:3,(anonymous_2)
FNDA:5,(anonymous_3)
FNDA:2,(anonymous_4)
DA:1,2
DA:2,2
DA:5,2
DA:12,2
DA:13,6
DA:14,6
DA:27,6
DA:28,6
DA:31,6
DA:32,6
DA:35,6
DA:38,6
DA:47,4
DA:48,3
DA:51,4
DA:62,2
DA:66,2
DA:67,6
DA:68,6
DA:69,6
DA:71,6
DA:73,6
DA:74,2
DA:75,2
DA:78,4
DA:79,4
DA:80,4
DA:81,2
DA:84,2
DA:86,2
DA:95,2
DA:96,2
DA:99,0
DA:100,0
DA:104,2
DA:105,3
DA:106,3
DA:108,2
DA:116,1
DA:121,2
DA:122,5
DA:124,5
DA:126,5
DA:127,2
DA:131,3
DA:134,2
DA:137,2
DA:144,1
DA:145,1
DA:146,1
DA:151,2
DA:152,2
DA:154,2
DA:156,2
DA:161,0
LF:55
LH:52
BRDA:27,0,0,6
BRDA:27,0,1,4
BRDA:28,1,0,6
BRDA:28,1,1,6
BRDA:31,2,0,6
BRDA:31,2,1,6
BRDA:32,3,0,6
BRDA:32,3,1,6
BRDA:47,4,0,3
BRDA:47,4,1,1
BRDA:58,5,0,1
BRDA:58,5,1,3
BRDA:73,6,0,2
BRDA:73,6,1,4
BRDA:73,7,0,6
BRDA:73,7,1,5
BRDA:126,8,0,2
BRDA:126,8,1,3
BRF:18
BRH:18
end_of_record
TN:
SF:controllers/bullController.js
FN:4,(anonymous_0)
FN:18,(anonymous_1)
FN:113,(anonymous_2)
FN:143,(anonymous_3)
FN:162,(anonymous_4)
FN:175,(anonymous_5)
FN:190,(anonymous_6)
FN:204,(anonymous_7)
FN:221,(anonymous_8)
FNF:9
FNH:0
FNDA:0,(anonymous_0)
FNDA:0,(anonymous_1)
FNDA:0,(anonymous_2)
FNDA:0,(anonymous_3)
FNDA:0,(anonymous_4)
FNDA:0,(anonymous_5)
FNDA:0,(anonymous_6)
FNDA:0,(anonymous_7)
FNDA:0,(anonymous_8)
DA:1,0
DA:2,0
DA:4,0
DA:5,0
DA:6,0
DA:7,0
DA:9,0
DA:14,0
DA:18,0
DA:19,0
DA:21,0
DA:22,0
DA:23,0
DA:24,0
DA:27,0
DA:33,0
DA:39,0
DA:40,0
DA:43,0
DA:46,0
DA:49,0
DA:50,0
DA:52,0
DA:53,0
DA:60,0
DA:61,0
DA:63,0
DA:66,0
DA:67,0
DA:70,0
DA:71,0
DA:73,0
DA:74,0
DA:77,0
DA:85,0
DA:86,0
DA:90,0
DA:91,0
DA:95,0
DA:96,0
DA:100,0
DA:102,0
DA:108,0
DA:109,0
DA:113,0
DA:114,0
DA:116,0
DA:128,0
DA:132,0
DA:134,0
DA:139,0
DA:143,0
DA:144,0
DA:145,0
DA:148,0
DA:151,0
DA:162,0
DA:164,0
DA:166,0
DA:171,0
DA:175,0
DA:176,0
DA:177,0
DA:179,0
DA:181,0
DA:186,0
DA:190,0
DA:191,0
DA:192,0
DA:193,0
DA:195,0
DA:200,0
DA:204,0
DA:205,0
DA:206,0
DA:207,0
DA:208,0
DA:210,0
DA:212,0
DA:217,0
DA:221,0
DA:222,0
DA:223,0
DA:224,0
DA:225,0
DA:227,0
DA:229,0
DA:234,0
LF:88
LH:0
BRDA:21,0,0,0
BRDA:21,0,1,0
BRDA:22,1,0,0
BRDA:22,1,1,0
BRDA:34,2,0,0
BRDA:34,2,1,0
BRDA:35,3,0,0
BRDA:35,3,1,0
BRDA:39,4,0,0
BRDA:39,4,1,0
BRDA:49,5,0,0
BRDA:49,5,1,0
BRDA:49,6,0,0
BRDA:49,6,1,0
BRDA:49,6,2,0
BRDA:49,6,3,0
BRDA:60,7,0,0
BRDA:60,7,1,0
BRDA:66,8,0,0
BRDA:66,8,1,0
BRDA:66,9,0,0
BRDA:66,9,1,0
BRDA:70,10,0,0
BRDA:70,10,1,0
BRDA:73,11,0,0
BRDA:73,11,1,0
BRDA:85,12,0,0
BRDA:85,12,1,0
BRDA:90,13,0,0
BRDA:90,13,1,0
BRDA:95,14,0,0
BRDA:95,14,1,0
BRDA:122,15,0,0
BRDA:122,15,1,0
BRDA:128,16,0,0
BRDA:128,16,1,0
BRDA:162,17,0,0
BRDA:162,17,1,0
BRDA:207,18,0,0
BRDA:207,18,1,0
BRDA:208,19,0,0
BRDA:208,19,1,0
BRDA:224,20,0,0
BRDA:224,20,1,0
BRDA:225,21,0,0
BRDA:225,21,1,0
BRF:46
BRH:0
end_of_record
TN:
SF:controllers/clientController.js
FN:7,(anonymous_0)
FN:14,(anonymous_1)
FN:28,(anonymous_2)
FN:84,(anonymous_3)
FN:104,(anonymous_4)
FN:197,(anonymous_5)
FN:217,(anonymous_6)
FN:308,(anonymous_7)
FN:328,(anonymous_8)
FN:356,(anonymous_9)
FN:369,(anonymous_10)
FN:407,(anonymous_11)
FN:429,(anonymous_12)
FNF:13
FNH:0
FNDA:0,(anonymous_0)
FNDA:0,(anonymous_1)
FNDA:0,(anonymous_2)
FNDA:0,(anonymous_3)
FNDA:0,(anonymous_4)
FNDA:0,(anonymous_5)
FNDA:0,(anonymous_6)
FNDA:0,(anonymous_7)
FNDA:0,(anonymous_8)
FNDA:0,(anonymous_9)
FNDA:0,(anonymous_10)
FNDA:0,(anonymous_11)
FNDA:0,(anonymous_12)
DA:1,0
DA:2,0
DA:3,0
DA:4,0
DA:7,0
DA:8,0
DA:9,0
DA:10,0
DA:14,0
DA:15,0
DA:16,0
DA:17,0
DA:21,0
DA:23,0
DA:24,0
DA:27,0
DA:28,0
DA:29,0
DA:30,0
DA:34,0
DA:37,0
DA:38,0
DA:39,0
DA:40,0
DA:43,0
DA:44,0
DA:47,0
DA:48,0
DA:54,0
DA:55,0
DA:56,0
DA:60,0
DA:61,0
DA:62,0
DA:66,0
DA:68,0
DA:70,0
DA:78,0
DA:79,0
DA:84,0
DA:85,0
DA:86,0
DA:87,0
DA:88,0
DA:92,0
DA:94,0
DA:95,0
DA:102,0
DA:103,0
DA:104,0
DA:105,0
DA:106,0
DA:107,0
DA:112,0
DA:113,0
DA:114,0
DA:121,0
DA:124,0
DA:125,0
DA:126,0
DA:129,0
DA:130,0
DA:132,0
DA:133,0
DA:135,0
DA:138,0
DA:139,0
DA:140,0
DA:142,0
DA:143,0
DA:147,0
DA:148,0
DA:149,0
DA:153,0
DA:154,0
DA:155,0
DA:158,0
DA:159,0
DA:160,0
DA:167,0
DA:168,0
DA:169,0
DA:171,0
DA:172,0
DA:173,0
DA:179,0
DA:180,0
DA:187,0
DA:188,0
DA:191,0
DA:192,0
DA:197,0
DA:198,0
DA:199,0
DA:200,0
DA:201,0
DA:205,0
DA:207,0
DA:208,0
DA:215,0
DA:216,0
DA:217,0
DA:218,0
DA:219,0
DA:220,0
DA:225,0
DA:226,0
DA:227,0
DA:234,0
DA:237,0
DA:238,0
DA:239,0
DA:242,0
DA:243,0
DA:244,0
DA:247,0
DA:248,0
DA:249,0
DA:256,0
DA:258,0
DA:259,0
DA:260,0
DA:267,0
DA:280,0
DA:281,0
DA:282,0
DA:283,0
DA:284,0
DA:291,0
DA:292,0
DA:294,0
DA:295,0
DA:302,0
DA:303,0
DA:308,0
DA:309,0
DA:310,0
DA:311,0
DA:312,0
DA:316,0
DA:318,0
DA:319,0
DA:326,0
DA:327,0
DA:328,0
DA:329,0
DA:330,0
DA:331,0
DA:336,0
DA:337,0
DA:338,0
DA:345,0
DA:347,0
DA:348,0
DA:349,0
DA:356,0
DA:357,0
DA:360,0
DA:361,0
DA:362,0
DA:369,0
DA:370,0
DA:373,0
DA:374,0
DA:375,0
DA:382,0
DA:383,0
DA:384,0
DA:391,0
DA:393,0
DA:395,0
DA:401,0
DA:402,0
DA:407,0
DA:408,0
DA:409,0
DA:410,0
DA:411,0
DA:413,0
DA:417,0
DA:419,0
DA:420,0
DA:427,0
DA:428,0
DA:429,0
DA:430,0
DA:431,0
DA:432,0
DA:436,0
DA:437,0
DA:438,0
DA:445,0
DA:448,0
DA:449,0
DA:450,0
DA:453,0
DA:454,0
DA:455,0
DA:458,0
DA:460,0
DA:466,0
DA:468,0
DA:469,0
DA:471,0
DA:485,0
DA:486,0
DA:494,0
DA:495,0
DA:496,0
DA:513,0
DA:515,0
DA:516,0
DA:525,0
DA:527,0
DA:529,0
DA:543,0
DA:544,0
DA:547,0
DA:548,0
LF:219
LH:0
BRDA:8,0,0,0
BRDA:8,0,1,0
BRDA:17,1,0,0
BRDA:17,1,1,0
BRDA:17,1,2,0
BRDA:19,2,0,0
BRDA:19,2,1,0
BRDA:19,3,0,0
BRDA:19,3,1,0
BRDA:27,4,0,0
BRDA:27,4,1,0
BRDA:29,5,0,0
BRDA:29,5,1,0
BRDA:37,6,0,0
BRDA:37,6,1,0
BRDA:43,7,0,0
BRDA:43,7,1,0
BRDA:47,8,0,0
BRDA:47,8,1,0
BRDA:54,9,0,0
BRDA:54,9,1,0
BRDA:56,10,0,0
BRDA:56,10,1,0
BRDA:62,11,0,0
BRDA:62,11,1,0
BRDA:88,12,0,0
BRDA:88,12,1,0
BRDA:88,12,2,0
BRDA:90,13,0,0
BRDA:90,13,1,0
BRDA:90,14,0,0
BRDA:90,14,1,0
BRDA:94,15,0,0
BRDA:94,15,1,0
BRDA:103,16,0,0
BRDA:103,16,1,0
BRDA:104,17,0,0
BRDA:104,17,1,0
BRDA:105,18,0,0
BRDA:105,18,1,0
BRDA:106,19,0,0
BRDA:106,19,1,0
BRDA:112,20,0,0
BRDA:112,20,1,0
BRDA:124,21,0,0
BRDA:124,21,1,0
BRDA:129,22,0,0
BRDA:129,22,1,0
BRDA:133,23,0,0
BRDA:133,23,1,0
BRDA:138,24,0,0
BRDA:138,24,1,0
BRDA:153,25,0,0
BRDA:153,25,1,0
BRDA:158,26,0,0
BRDA:158,26,1,0
BRDA:171,27,0,0
BRDA:171,27,1,0
BRDA:201,28,0,0
BRDA:201,28,1,0
BRDA:201,28,2,0
BRDA:203,29,0,0
BRDA:203,29,1,0
BRDA:203,30,0,0
BRDA:203,30,1,0
BRDA:207,31,0,0
BRDA:207,31,1,0
BRDA:216,32,0,0
BRDA:216,32,1,0
BRDA:217,33,0,0
BRDA:217,33,1,0
BRDA:218,34,0,0
BRDA:218,34,1,0
BRDA:219,35,0,0
BRDA:219,35,1,0
BRDA:225,36,0,0
BRDA:225,36,1,0
BRDA:237,37,0,0
BRDA:237,37,1,0
BRDA:242,38,0,0
BRDA:242,38,1,0
BRDA:247,39,0,0
BRDA:247,39,1,0
BRDA:258,40,0,0
BRDA:258,40,1,0
BRDA:268,41,0,0
BRDA:268,41,1,0
BRDA:269,42,0,0
BRDA:269,42,1,0
BRDA:270,43,0,0
BRDA:270,43,1,0
BRDA:271,44,0,0
BRDA:271,44,1,0
BRDA:272,45,0,0
BRDA:272,45,1,0
BRDA:273,46,0,0
BRDA:273,46,1,0
BRDA:274,47,0,0
BRDA:274,47,1,0
BRDA:275,48,0,0
BRDA:275,48,1,0
BRDA:276,49,0,0
BRDA:276,49,1,0
BRDA:280,50,0,0
BRDA:280,50,1,0
BRDA:282,51,0,0
BRDA:282,51,1,0
BRDA:312,52,0,0
BRDA:312,52,1,0
BRDA:312,52,2,0
BRDA:314,53,0,0
BRDA:314,53,1,0
BRDA:314,54,0,0
BRDA:314,54,1,0
BRDA:318,55,0,0
BRDA:318,55,1,0
BRDA:327,56,0,0
BRDA:327,56,1,0
BRDA:328,57,0,0
BRDA:328,57,1,0
BRDA:329,58,0,0
BRDA:329,58,1,0
BRDA:330,59,0,0
BRDA:330,59,1,0
BRDA:336,60,0,0
BRDA:336,60,1,0
BRDA:347,61,0,0
BRDA:347,61,1,0
BRDA:356,62,0,0
BRDA:356,62,1,0
BRDA:357,63,0,0
BRDA:357,63,1,0
BRDA:360,64,0,0
BRDA:360,64,1,0
BRDA:370,65,0,0
BRDA:370,65,1,0
BRDA:373,66,0,0
BRDA:373,66,1,0
BRDA:373,67,0,0
BRDA:373,67,1,0
BRDA:382,68,0,0
BRDA:382,68,1,0
BRDA:382,69,0,0
BRDA:382,69,1,0
BRDA:410,70,0,0
BRDA:410,71,0,0
BRDA:410,72,0,0
BRDA:413,73,0,0
BRDA:413,73,1,0
BRDA:413,73,2,0
BRDA:415,74,0,0
BRDA:415,74,1,0
BRDA:415,75,0,0
BRDA:415,75,1,0
BRDA:419,76,0,0
BRDA:419,76,1,0
BRDA:428,77,0,0
BRDA:428,77,1,0
BRDA:429,78,0,0
BRDA:429,78,1,0
BRDA:430,79,0,0
BRDA:430,79,1,0
BRDA:431,80,0,0
BRDA:431,80,1,0
BRDA:436,81,0,0
BRDA:436,81,1,0
BRDA:448,82,0,0
BRDA:448,82,1,0
BRDA:449,83,0,0
BRDA:449,83,1,0
BRDA:453,84,0,0
BRDA:453,84,1,0
BRDA:458,85,0,0
BRDA:458,85,1,0
BRDA:460,86,0,0
BRDA:460,86,1,0
BRDA:460,87,0,0
BRDA:460,87,1,0
BRDA:460,87,2,0
BRDA:460,87,3,0
BRDA:460,87,4,0
BRDA:469,88,0,0
BRDA:469,88,1,0
BRDA:494,89,0,0
BRDA:494,89,1,0
BRDA:494,90,0,0
BRDA:494,90,1,0
BRDA:494,90,2,0
BRDA:525,91,0,0
BRDA:525,91,1,0
BRDA:527,92,0,0
BRDA:527,92,1,0
BRDA:534,93,0,0
BRDA:534,93,1,0
BRF:194
BRH:0
end_of_record
TN:
SF:controllers/inseminationController.js
FN:4,(anonymous_0)
FN:23,(anonymous_1)
FN:46,(anonymous_2)
FN:70,(anonymous_3)
FN:106,(anonymous_4)
FN:150,(anonymous_5)
FNF:6
FNH:0
FNDA:0,(anonymous_0)
FNDA:0,(anonymous_1)
FNDA:0,(anonymous_2)
FNDA:0,(anonymous_3)
FNDA:0,(anonymous_4)
FNDA:0,(anonymous_5)
DA:1,0
DA:2,0
DA:4,0
DA:5,0
DA:6,0
DA:7,0
DA:10,0
DA:11,0
DA:14,0
DA:19,0
DA:23,0
DA:24,0
DA:25,0
DA:26,0
DA:27,0
DA:29,0
DA:34,0
DA:42,0
DA:46,0
DA:47,0
DA:48,0
DA:49,0
DA:50,0
DA:53,0
DA:54,0
DA:55,0
DA:56,0
DA:58,0
DA:60,0
DA:66,0
DA:70,0
DA:71,0
DA:73,0
DA:95,0
DA:97,0
DA:102,0
DA:106,0
DA:107,0
DA:108,0
DA:111,0
DA:112,0
DA:113,0
DA:116,0
DA:136,0
DA:141,0
DA:146,0
DA:150,0
DA:151,0
DA:152,0
DA:155,0
DA:156,0
DA:157,0
DA:160,0
DA:162,0
DA:167,0
LF:55
LH:0
BRDA:10,0,0,0
BRDA:10,0,1,0
BRDA:26,1,0,0
BRDA:26,1,1,0
BRDA:27,2,0,0
BRDA:27,2,1,0
BRDA:49,3,0,0
BRDA:49,3,1,0
BRDA:50,4,0,0
BRDA:50,4,1,0
BRDA:54,5,0,0
BRDA:54,5,1,0
BRDA:55,6,0,0
BRDA:55,6,1,0
BRDA:56,7,0,0
BRDA:56,7,1,0
BRDA:112,8,0,0
BRDA:112,8,1,0
BRDA:156,9,0,0
BRDA:156,9,1,0
BRF:20
BRH:0
end_of_record
TN:
SF:controllers/keyController.js
FN:4,(anonymous_0)
FN:25,(anonymous_1)
FNF:2
FNH:0
FNDA:0,(anonymous_0)
FNDA:0,(anonymous_1)
DA:1,0
DA:2,0
DA:4,0
DA:5,0
DA:6,0
DA:7,0
DA:9,0
DA:10,0
DA:16,0
DA:21,0
DA:25,0
DA:26,0
DA:27,0
DA:28,0
DA:30,0
DA:31,0
DA:34,0
DA:39,0
DA:41,0
DA:46,0
LF:20
LH:0
BRDA:9,0,0,0
BRDA:9,0,1,0
BRDA:30,1,0,0
BRDA:30,1,1,0
BRF:4
BRH:0
end_of_record
TN:
SF:controllers/moduleController.js
FN:13,(anonymous_0)
FN:34,(anonymous_1)
FN:60,(anonymous_2)
FN:168,(anonymous_3)
FN:209,(anonymous_4)
FN:292,(anonymous_5)
FN:367,(anonymous_6)
FNF:7
FNH:0
FNDA:0,(anonymous_0)
FNDA:0,(anonymous_1)
FNDA:0,(anonymous_2)
FNDA:0,(anonymous_3)
FNDA:0,(anonymous_4)
FNDA:0,(anonymous_5)
FNDA:0,(anonymous_6)
DA:7,0
DA:8,0
DA:13,0
DA:14,0
DA:15,0
DA:21,0
DA:26,0
DA:27,0
DA:34,0
DA:35,0
DA:36,0
DA:38,0
DA:47,0
DA:52,0
DA:53,0
DA:60,0
DA:61,0
DA:62,0
DA:63,0
DA:65,0
DA:66,0
DA:73,0
DA:76,0
DA:77,0
DA:78,0
DA:79,0
DA:86,0
DA:90,0
DA:91,0
DA:92,0
DA:99,0
DA:104,0
DA:106,0
DA:122,0
DA:124,0
DA:140,0
DA:143,0
DA:152,0
DA:159,0
DA:160,0
DA:161,0
DA:168,0
DA:169,0
DA:170,0
DA:173,0
DA:179,0
DA:180,0
DA:187,0
DA:196,0
DA:201,0
DA:202,0
DA:209,0
DA:210,0
DA:211,0
DA:212,0
DA:215,0
DA:221,0
DA:222,0
DA:229,0
DA:234,0
DA:235,0
DA:242,0
DA:247,0
DA:249,0
DA:258,0
DA:266,0
DA:279,0
DA:284,0
DA:285,0
DA:292,0
DA:293,0
DA:294,0
DA:295,0
DA:297,0
DA:300,0
DA:303,0
DA:306,0
DA:308,0
DA:314,0
DA:316,0
DA:319,0
DA:322,0
DA:326,0
DA:336,0
DA:345,0
DA:348,0
DA:349,0
DA:351,0
DA:358,0
DA:359,0
DA:360,0
DA:367,0
DA:368,0
DA:369,0
DA:370,0
DA:373,0
DA:374,0
DA:377,0
DA:393,0
DA:402,0
DA:403,0
LF:101
LH:0
BRDA:65,0,0,0
BRDA:65,0,1,0
BRDA:77,1,0,0
BRDA:77,1,1,0
BRDA:90,2,0,0
BRDA:90,2,1,0
BRDA:104,3,0,0
BRDA:104,3,1,0
BRDA:117,4,0,0
BRDA:117,4,1,0
BRDA:118,5,0,0
BRDA:118,5,1,0
BRDA:119,6,0,0
BRDA:119,6,1,0
BRDA:120,7,0,0
BRDA:120,7,1,0
BRDA:122,8,0,0
BRDA:122,8,1,0
BRDA:131,9,0,0
BRDA:131,9,1,0
BRDA:132,10,0,0
BRDA:132,10,1,0
BRDA:133,11,0,0
BRDA:133,11,1,0
BRDA:134,12,0,0
BRDA:134,12,1,0
BRDA:179,13,0,0
BRDA:179,13,1,0
BRDA:221,14,0,0
BRDA:221,14,1,0
BRDA:234,15,0,0
BRDA:234,15,1,0
BRDA:247,16,0,0
BRDA:247,16,1,0
BRDA:255,17,0,0
BRDA:255,17,1,0
BRDA:262,18,0,0
BRDA:262,18,1,0
BRDA:297,19,0,0
BRDA:297,19,1,0
BRDA:314,20,0,0
BRDA:314,20,1,0
BRDA:319,21,0,0
BRDA:319,21,1,0
BRDA:319,22,0,0
BRDA:319,22,1,0
BRDA:319,22,2,0
BRDA:373,23,0,0
BRDA:373,23,1,0
BRDA:374,24,0,0
BRDA:374,24,1,0
BRF:51
BRH:0
end_of_record
TN:
SF:controllers/organizationController.js
FN:4,(anonymous_0)
FN:25,(anonymous_1)
FN:47,(anonymous_2)
FN:60,(anonymous_3)
FNF:4
FNH:0
FNDA:0,(anonymous_0)
FNDA:0,(anonymous_1)
FNDA:0,(anonymous_2)
FNDA:0,(anonymous_3)
DA:1,0
DA:2,0
DA:4,0
DA:5,0
DA:6,0
DA:9,0
DA:10,0
DA:11,0
DA:14,0
DA:16,0
DA:21,0
DA:25,0
DA:26,0
DA:27,0
DA:36,0
DA:38,0
DA:43,0
DA:47,0
DA:48,0
DA:49,0
DA:51,0
DA:56,0
DA:60,0
DA:61,0
DA:62,0
DA:65,0
DA:66,0
DA:67,0
DA:70,0
DA:72,0
DA:77,0
LF:31
LH:0
BRDA:10,0,0,0
BRDA:10,0,1,0
BRDA:66,1,0,0
BRDA:66,1,1,0
BRF:4
BRH:0
end_of_record
TN:
SF:controllers/semenProviderController.js
FN:13,(anonymous_0)
FN:30,(anonymous_1)
FN:52,(anonymous_2)
FN:132,(anonymous_3)
FN:151,(anonymous_4)
FN:203,(anonymous_5)
FN:264,(anonymous_6)
FNF:7
FNH:0
FNDA:0,(anonymous_0)
FNDA:0,(anonymous_1)
FNDA:0,(anonymous_2)
FNDA:0,(anonymous_3)
FNDA:0,(anonymous_4)
FNDA:0,(anonymous_5)
FNDA:0,(anonymous_6)
DA:7,0
DA:8,0
DA:13,0
DA:14,0
DA:15,0
DA:16,0
DA:18,0
DA:23,0
DA:30,0
DA:31,0
DA:32,0
DA:33,0
DA:36,0
DA:38,0
DA:44,0
DA:45,0
DA:52,0
DA:53,0
DA:55,0
DA:56,0
DA:57,0
DA:58,0
DA:59,0
DA:62,0
DA:63,0
DA:66,0
DA:69,0
DA:70,0
DA:71,0
DA:81,0
DA:82,0
DA:85,0
DA:87,0
DA:89,0
DA:91,0
DA:95,0
DA:99,0
DA:100,0
DA:103,0
DA:104,0
DA:106,0
DA:107,0
DA:110,0
DA:115,0
DA:116,0
DA:120,0
DA:121,0
DA:125,0
DA:126,0
DA:129,0
DA:132,0
DA:137,0
DA:143,0
DA:144,0
DA:151,0
DA:152,0
DA:154,0
DA:170,0
DA:172,0
DA:173,0
DA:174,0
DA:179,0
DA:180,0
DA:181,0
DA:182,0
DA:186,0
DA:188,0
DA:196,0
DA:203,0
DA:204,0
DA:205,0
DA:208,0
DA:211,0
DA:226,0
DA:227,0
DA:228,0
DA:229,0
DA:233,0
DA:234,0
DA:235,0
DA:240,0
DA:241,0
DA:242,0
DA:243,0
DA:247,0
DA:249,0
DA:257,0
DA:264,0
DA:265,0
DA:266,0
DA:269,0
DA:272,0
DA:273,0
DA:274,0
DA:275,0
DA:280,0
DA:281,0
DA:282,0
DA:283,0
DA:288,0
DA:290,0
DA:295,0
LF:102
LH:0
BRDA:32,0,0,0
BRDA:32,0,1,0
BRDA:33,1,0,0
BRDA:33,1,1,0
BRDA:55,2,0,0
BRDA:55,2,1,0
BRDA:56,3,0,0
BRDA:56,3,1,0
BRDA:62,4,0,0
BRDA:62,4,1,0
BRDA:70,5,0,0
BRDA:70,5,1,0
BRDA:81,6,0,0
BRDA:81,6,1,0
BRDA:85,7,0,0
BRDA:85,7,1,0
BRDA:85,8,0,0
BRDA:85,8,1,0
BRDA:89,9,0,0
BRDA:89,9,1,0
BRDA:99,10,0,0
BRDA:99,10,1,0
BRDA:99,11,0,0
BRDA:99,11,1,0
BRDA:103,12,0,0
BRDA:103,12,1,0
BRDA:103,13,0,0
BRDA:103,13,1,0
BRDA:106,14,0,0
BRDA:106,14,1,0
BRDA:115,15,0,0
BRDA:115,15,1,0
BRDA:120,16,0,0
BRDA:120,16,1,0
BRDA:125,17,0,0
BRDA:125,17,1,0
BRDA:155,18,0,0
BRDA:155,18,1,0
BRDA:166,19,0,0
BRDA:166,19,1,0
BRDA:170,20,0,0
BRDA:170,20,1,0
BRDA:173,21,0,0
BRDA:173,21,1,0
BRDA:173,22,0,0
BRDA:173,22,1,0
BRDA:173,22,2,0
BRDA:179,23,0,0
BRDA:179,23,1,0
BRDA:181,24,0,0
BRDA:181,24,1,0
BRDA:181,25,0,0
BRDA:181,25,1,0
BRDA:222,26,0,0
BRDA:222,26,1,0
BRDA:226,27,0,0
BRDA:226,27,1,0
BRDA:228,28,0,0
BRDA:228,28,1,0
BRDA:228,29,0,0
BRDA:228,29,1,0
BRDA:228,29,2,0
BRDA:234,30,0,0
BRDA:234,30,1,0
BRDA:240,31,0,0
BRDA:240,31,1,0
BRDA:240,32,0,0
BRDA:240,32,1,0
BRDA:242,33,0,0
BRDA:242,33,1,0
BRDA:242,34,0,0
BRDA:242,34,1,0
BRDA:272,35,0,0
BRDA:272,35,1,0
BRDA:274,36,0,0
BRDA:274,36,1,0
BRDA:274,37,0,0
BRDA:274,37,1,0
BRDA:280,38,0,0
BRDA:280,38,1,0
BRDA:282,39,0,0
BRDA:282,39,1,0
BRF:82
BRH:0
end_of_record
TN:
SF:controllers/userController.js
FN:4,(anonymous_0)
FN:17,(anonymous_1)
FN:41,(anonymous_2)
FN:60,(anonymous_3)
FNF:4
FNH:0
FNDA:0,(anonymous_0)
FNDA:0,(anonymous_1)
FNDA:0,(anonymous_2)
FNDA:0,(anonymous_3)
DA:1,0
DA:2,0
DA:4,0
DA:5,0
DA:6,0
DA:8,0
DA:13,0
DA:17,0
DA:18,0
DA:19,0
DA:30,0
DA:32,0
DA:37,0
DA:41,0
DA:42,0
DA:43,0
DA:45,0
DA:46,0
DA:49,0
DA:51,0
DA:56,0
DA:60,0
DA:61,0
DA:62,0
DA:64,0
DA:65,0
DA:68,0
DA:70,0
DA:76,0
LF:29
LH:0
BRDA:45,0,0,0
BRDA:45,0,1,0
BRDA:45,1,0,0
BRDA:45,1,1,0
BRDA:64,2,0,0
BRDA:64,2,1,0
BRF:6
BRH:0
end_of_record
TN:
SF:controllers/visitController.js
FN:4,(anonymous_0)
FN:24,(anonymous_1)
FN:42,(anonymous_2)
FN:60,(anonymous_3)
FN:83,(anonymous_4)
FN:113,(anonymous_5)
FNF:6
FNH:0
FNDA:0,(anonymous_0)
FNDA:0,(anonymous_1)
FNDA:0,(anonymous_2)
FNDA:0,(anonymous_3)
FNDA:0,(anonymous_4)
FNDA:0,(anonymous_5)
DA:1,0
DA:2,0
DA:4,0
DA:5,0
DA:6,0
DA:7,0
DA:11,0
DA:12,0
DA:15,0
DA:20,0
DA:24,0
DA:25,0
DA:26,0
DA:27,0
DA:28,0
DA:30,0
DA:32,0
DA:38,0
DA:42,0
DA:43,0
DA:44,0
DA:45,0
DA:46,0
DA:48,0
DA:50,0
DA:56,0
DA:60,0
DA:61,0
DA:62,0
DA:72,0
DA:74,0
DA:79,0
DA:83,0
DA:84,0
DA:85,0
DA:88,0
DA:89,0
DA:90,0
DA:93,0
DA:102,0
DA:104,0
DA:109,0
DA:113,0
DA:114,0
DA:115,0
DA:118,0
DA:119,0
DA:120,0
DA:123,0
DA:125,0
DA:130,0
LF:51
LH:0
BRDA:11,0,0,0
BRDA:11,0,1,0
BRDA:11,1,0,0
BRDA:11,1,1,0
BRDA:11,1,2,0
BRDA:27,2,0,0
BRDA:27,2,1,0
BRDA:28,3,0,0
BRDA:28,3,1,0
BRDA:45,4,0,0
BRDA:45,4,1,0
BRDA:46,5,0,0
BRDA:46,5,1,0
BRDA:67,6,0,0
BRDA:67,6,1,0
BRDA:89,7,0,0
BRDA:89,7,1,0
BRDA:89,8,0,0
BRDA:89,8,1,0
BRDA:89,8,2,0
BRDA:119,9,0,0
BRDA:119,9,1,0
BRDA:119,10,0,0
BRDA:119,10,1,0
BRDA:119,10,2,0
BRF:25
BRH:0
end_of_record
TN:
SF:middleware/authMiddleware.js
FN:4,(anonymous_0)
FN:64,(anonymous_1)
FN:85,(anonymous_2)
FN:102,(anonymous_3)
FN:104,(anonymous_4)
FN:110,(anonymous_5)
FNF:6
FNH:6
FNDA:5,(anonymous_0)
FNDA:9,(anonymous_1)
FNDA:9,(anonymous_2)
FNDA:14,(anonymous_3)
FNDA:13,(anonymous_4)
FNDA:3,(anonymous_5)
DA:1,1
DA:2,1
DA:4,1
DA:5,5
DA:7,5
DA:8,5
DA:9,1
DA:15,4
DA:18,4
DA:19,4
DA:25,2
DA:28,2
DA:30,2
DA:31,1
DA:36,1
DA:43,2
DA:44,2
DA:45,1
DA:52,1
DA:53,1
DA:58,1
DA:60,0
DA:64,1
DA:65,9
DA:67,9
DA:71,9
DA:72,1
DA:76,8
DA:77,1
DA:84,7
DA:85,9
DA:88,7
DA:89,1
DA:96,6
DA:97,6
DA:99,6
DA:102,14
DA:103,2
DA:104,13
DA:105,1
DA:109,6
DA:110,3
DA:111,3
DA:116,3
DA:117,1
DA:125,5
DA:127,5
DA:129,0
DA:130,0
LF:49
LH:46
BRDA:8,0,0,1
BRDA:8,0,1,4
BRDA:8,1,0,5
BRDA:8,1,1,4
BRDA:21,2,0,4
BRDA:21,2,1,4
BRDA:28,3,0,2
BRDA:28,3,1,1
BRDA:30,4,0,1
BRDA:30,4,1,1
BRDA:44,5,0,1
BRDA:44,5,1,1
BRDA:67,6,0,9
BRDA:67,6,1,3
BRDA:67,6,2,2
BRDA:71,7,0,1
BRDA:71,7,1,8
BRDA:76,8,0,1
BRDA:76,8,1,7
BRDA:76,9,0,8
BRDA:76,9,1,8
BRDA:85,10,0,9
BRDA:85,10,1,3
BRDA:88,11,0,1
BRDA:88,11,1,6
BRDA:102,12,0,2
BRDA:102,12,1,4
BRDA:104,13,0,1
BRDA:104,13,1,3
BRDA:109,14,0,3
BRDA:109,14,1,3
BRDA:111,15,0,3
BRDA:111,15,1,0
BRDA:111,15,2,3
BRDA:111,15,3,3
BRDA:116,16,0,1
BRDA:116,16,1,2
BRF:37
BRH:36
end_of_record
TN:
SF:middleware/errorHandler.js
FN:19,(anonymous_0)
FN:28,(anonymous_1)
FN:43,(anonymous_2)
FN:45,(anonymous_3)
FN:82,(anonymous_4)
FNF:5
FNH:1
FNDA:20,(anonymous_0)
FNDA:0,(anonymous_1)
FNDA:0,(anonymous_2)
FNDA:0,(anonymous_3)
FNDA:0,(anonymous_4)
DA:1,8
DA:2,8
DA:5,8
DA:20,20
DA:21,20
DA:22,20
DA:23,20
DA:28,8
DA:30,0
DA:31,0
DA:34,0
DA:43,0
DA:44,0
DA:45,0
DA:52,0
DA:53,0
DA:54,0
DA:58,0
DA:59,0
DA:60,0
DA:65,0
DA:67,0
DA:68,0
DA:72,0
DA:82,8
DA:83,0
DA:84,0
DA:87,8
LF:28
LH:10
BRDA:30,0,0,0
BRDA:30,0,1,0
BRDA:31,1,0,0
BRDA:31,1,1,0
BRDA:43,2,0,0
BRDA:43,2,1,0
BRDA:43,3,0,0
BRDA:43,3,1,0
BRDA:52,4,0,0
BRDA:52,4,1,0
BRDA:52,5,0,0
BRDA:52,5,1,0
BRDA:58,6,0,0
BRDA:58,6,1,0
BRDA:67,7,0,0
BRDA:67,7,1,0
BRDA:67,8,0,0
BRDA:67,8,1,0
BRDA:75,9,0,0
BRDA:75,9,1,0
BRDA:75,9,2,0
BRF:21
BRH:0
end_of_record
TN:
SF:middleware/moduleMiddleware.js
FN:14,(anonymous_0)
FN:15,(anonymous_1)
FN:53,(anonymous_2)
FN:54,(anonymous_3)
FN:95,(anonymous_4)
FN:96,(anonymous_5)
FN:131,(anonymous_6)
FN:168,(anonymous_7)
FN:169,(anonymous_8)
FN:173,(anonymous_9)
FN:191,(anonymous_10)
FN:192,(anonymous_11)
FN:195,(anonymous_12)
FNF:13
FNH:0
FNDA:0,(anonymous_0)
FNDA:0,(anonymous_1)
FNDA:0,(anonymous_2)
FNDA:0,(anonymous_3)
FNDA:0,(anonymous_4)
FNDA:0,(anonymous_5)
FNDA:0,(anonymous_6)
FNDA:0,(anonymous_7)
FNDA:0,(anonymous_8)
FNDA:0,(anonymous_9)
FNDA:0,(anonymous_10)
FNDA:0,(anonymous_11)
FNDA:0,(anonymous_12)
DA:7,0
DA:8,0
DA:14,0
DA:15,0
DA:16,0
DA:18,0
DA:19,0
DA:26,0
DA:30,0
DA:31,0
DA:38,0
DA:41,0
DA:52,0
DA:53,0
DA:54,0
DA:57,0
DA:75,0
DA:83,0
DA:93,0
DA:94,0
DA:95,0
DA:96,0
DA:98,0
DA:100,0
DA:118,0
DA:127,0
DA:130,0
DA:131,0
DA:132,0
DA:133,0
DA:138,0
DA:155,0
DA:157,0
DA:158,0
DA:168,0
DA:169,0
DA:170,0
DA:172,0
DA:173,0
DA:174,0
DA:177,0
DA:180,0
DA:181,0
DA:191,0
DA:192,0
DA:193,0
DA:195,0
DA:196,0
DA:199,0
DA:205,0
DA:208,0
DA:214,0
DA:215,0
LF:53
LH:0
BRDA:18,0,0,0
BRDA:18,0,1,0
BRDA:18,1,0,0
BRDA:18,1,1,0
BRDA:26,2,0,0
BRDA:26,2,1,0
BRDA:26,2,2,0
BRDA:30,3,0,0
BRDA:30,3,1,0
BRDA:38,4,0,0
BRDA:38,4,1,0
BRDA:52,5,0,0
BRDA:52,5,1,0
BRDA:93,6,0,0
BRDA:93,6,1,0
BRDA:98,7,0,0
BRDA:98,7,1,0
BRDA:130,8,0,0
BRDA:130,8,1,0
BRDA:132,9,0,0
BRDA:132,9,1,0
BRDA:174,10,0,0
BRDA:174,10,1,0
BRDA:196,11,0,0
BRDA:196,11,1,0
BRDA:199,12,0,0
BRDA:199,12,1,0
BRDA:199,13,0,0
BRDA:199,13,1,0
BRDA:199,13,2,0
BRF:30
BRH:0
end_of_record
TN:
SF:middleware/rateLimiter.js
FNF:0
FNH:0
DA:1,0
DA:4,0
DA:17,0
DA:29,0
LF:4
LH:0
BRF:0
BRH:0
end_of_record
TN:
SF:middleware/resourceAccessMiddleware.js
FN:20,(anonymous_0)
FN:21,(anonymous_1)
FN:58,(anonymous_2)
FN:266,getLastUrlParam
FNF:4
FNH:0
FNDA:0,(anonymous_0)
FNDA:0,(anonymous_1)
FNDA:0,(anonymous_2)
FNDA:0,getLastUrlParam
DA:7,1
DA:8,1
DA:9,1
DA:20,1
DA:21,0
DA:22,0
DA:24,0
DA:25,0
DA:32,0
DA:33,0
DA:34,0
DA:35,0
DA:39,0
DA:40,0
DA:45,0
DA:46,0
DA:47,0
DA:54,0
DA:55,0
DA:57,0
DA:58,0
DA:59,0
DA:60,0
DA:61,0
DA:65,0
DA:66,0
DA:67,0
DA:74,0
DA:75,0
DA:78,0
DA:79,0
DA:85,0
DA:89,0
DA:90,0
DA:97,0
DA:99,0
DA:101,0
DA:102,0
DA:105,0
DA:106,0
DA:112,0
DA:115,0
DA:117,0
DA:118,0
DA:119,0
DA:124,0
DA:126,0
DA:127,0
DA:128,0
DA:137,0
DA:139,0
DA:140,0
DA:146,0
DA:148,0
DA:154,0
DA:155,0
DA:156,0
DA:162,0
DA:163,0
DA:166,0
DA:173,0
DA:174,0
DA:175,0
DA:182,0
DA:184,0
DA:185,0
DA:191,0
DA:193,0
DA:194,0
DA:198,0
DA:199,0
DA:200,0
DA:201,0
DA:204,0
DA:205,0
DA:206,0
DA:207,0
DA:210,0
DA:211,0
DA:212,0
DA:213,0
DA:216,0
DA:217,0
DA:218,0
DA:219,0
DA:222,0
DA:223,0
DA:230,0
DA:231,0
DA:232,0
DA:237,0
DA:238,0
DA:239,0
DA:245,0
DA:246,0
DA:251,0
DA:252,0
DA:253,0
DA:255,0
DA:256,0
DA:267,0
DA:268,0
DA:271,0
DA:272,0
DA:273,0
DA:276,0
LF:106
LH:4
BRDA:20,0,0,0
BRDA:24,1,0,0
BRDA:24,1,1,0
BRDA:24,2,0,0
BRDA:24,2,1,0
BRDA:33,3,0,0
BRDA:33,3,1,0
BRDA:39,4,0,0
BRDA:39,4,1,0
BRDA:40,5,0,0
BRDA:40,5,1,0
BRDA:40,5,2,0
BRDA:40,5,3,0
BRDA:43,6,0,0
BRDA:43,6,1,0
BRDA:43,7,0,0
BRDA:43,7,1,0
BRDA:45,8,0,0
BRDA:45,8,1,0
BRDA:57,9,0,0
BRDA:57,9,1,0
BRDA:59,10,0,0
BRDA:59,10,1,0
BRDA:61,11,0,0
BRDA:61,11,1,0
BRDA:65,12,0,0
BRDA:65,12,1,0
BRDA:74,13,0,0
BRDA:74,13,1,0
BRDA:78,14,0,0
BRDA:78,14,1,0
BRDA:85,15,0,0
BRDA:85,15,1,0
BRDA:85,15,2,0
BRDA:85,15,3,0
BRDA:85,15,4,0
BRDA:85,15,5,0
BRDA:85,15,6,0
BRDA:85,15,7,0
BRDA:97,16,0,0
BRDA:97,16,1,0
BRDA:99,17,0,0
BRDA:99,17,1,0
BRDA:99,18,0,0
BRDA:99,18,1,0
BRDA:115,19,0,0
BRDA:115,19,1,0
BRDA:115,20,0,0
BRDA:115,20,1,0
BRDA:117,21,0,0
BRDA:117,21,1,0
BRDA:124,22,0,0
BRDA:124,22,1,0
BRDA:126,23,0,0
BRDA:126,23,1,0
BRDA:154,24,0,0
BRDA:154,24,1,0
BRDA:173,25,0,0
BRDA:173,25,1,0
BRDA:173,26,0,0
BRDA:173,26,1,0
BRDA:182,27,0,0
BRDA:182,27,1,0
BRDA:182,28,0,0
BRDA:182,28,1,0
BRDA:182,28,2,0
BRDA:230,29,0,0
BRDA:230,29,1,0
BRDA:237,30,0,0
BRDA:237,30,1,0
BRDA:272,31,0,0
BRDA:272,31,1,0
BRF:72
BRH:0
end_of_record
TN:
SF:middleware/roleMiddleware.js
FN:8,(anonymous_0)
FN:9,(anonymous_1)
FN:41,(anonymous_2)
FN:74,(anonymous_3)
FN:75,(anonymous_4)
FN:101,(anonymous_5)
FN:113,(anonymous_6)
FNF:7
FNH:0
FNDA:0,(anonymous_0)
FNDA:0,(anonymous_1)
FNDA:0,(anonymous_2)
FNDA:0,(anonymous_3)
FNDA:0,(anonymous_4)
FNDA:0,(anonymous_5)
FNDA:0,(anonymous_6)
DA:1,0
DA:8,0
DA:9,0
DA:10,0
DA:12,0
DA:13,0
DA:20,0
DA:25,0
DA:26,0
DA:33,0
DA:34,0
DA:38,0
DA:41,0
DA:44,0
DA:45,0
DA:52,0
DA:53,0
DA:54,0
DA:61,0
DA:62,0
DA:64,0
DA:66,0
DA:74,0
DA:75,0
DA:76,0
DA:78,0
DA:79,0
DA:86,0
DA:90,0
DA:91,0
DA:98,0
DA:101,0
DA:102,0
DA:105,0
DA:106,0
DA:113,0
DA:114,0
DA:118,0
DA:119,0
DA:121,0
DA:123,0
LF:41
LH:0
BRDA:8,0,0,0
BRDA:12,1,0,0
BRDA:12,1,1,0
BRDA:12,2,0,0
BRDA:12,2,1,0
BRDA:20,3,0,0
BRDA:20,3,1,0
BRDA:20,3,2,0
BRDA:25,4,0,0
BRDA:25,4,1,0
BRDA:25,5,0,0
BRDA:25,5,1,0
BRDA:33,6,0,0
BRDA:33,6,1,0
BRDA:38,7,0,0
BRDA:38,7,1,0
BRDA:44,8,0,0
BRDA:44,8,1,0
BRDA:52,9,0,0
BRDA:52,9,1,0
BRDA:53,10,0,0
BRDA:53,10,1,0
BRDA:78,11,0,0
BRDA:78,11,1,0
BRDA:78,12,0,0
BRDA:78,12,1,0
BRDA:86,13,0,0
BRDA:86,13,1,0
BRDA:86,13,2,0
BRDA:90,14,0,0
BRDA:90,14,1,0
BRDA:98,15,0,0
BRDA:98,15,1,0
BRDA:105,16,0,0
BRDA:105,16,1,0
BRF:35
BRH:0
end_of_record
TN:
SF:middleware/validator.js
FN:4,(anonymous_0)
FN:92,(anonymous_1)
FN:101,(anonymous_2)
FN:114,(anonymous_3)
FN:124,(anonymous_4)
FNF:5
FNH:0
FNDA:0,(anonymous_0)
FNDA:0,(anonymous_1)
FNDA:0,(anonymous_2)
FNDA:0,(anonymous_3)
FNDA:0,(anonymous_4)
DA:1,0
DA:4,0
DA:5,0
DA:6,0
DA:7,0
DA:12,0
DA:16,0
DA:34,0
DA:45,0
DA:94,0
DA:95,0
DA:97,0
DA:103,0
DA:105,0
DA:106,0
DA:109,0
DA:116,0
DA:117,0
DA:119,0
DA:125,0
DA:130,0
DA:132,0
DA:139,0
DA:159,0
DA:186,0
DA:224,0
LF:26
LH:0
BRDA:6,0,0,0
BRDA:6,0,1,0
BRDA:94,1,0,0
BRDA:94,1,1,0
BRDA:94,2,0,0
BRDA:94,2,1,0
BRDA:94,2,2,0
BRDA:103,3,0,0
BRDA:103,3,1,0
BRDA:105,4,0,0
BRDA:105,4,1,0
BRDA:105,5,0,0
BRDA:105,5,1,0
BRDA:116,6,0,0
BRDA:116,6,1,0
BRDA:116,7,0,0
BRDA:116,7,1,0
BRDA:116,7,2,0
BRDA:125,8,0,0
BRDA:125,8,1,0
BRDA:125,9,0,0
BRDA:125,9,1,0
BRDA:125,9,2,0
BRDA:125,9,3,0
BRDA:125,9,4,0
BRF:25
BRH:0
end_of_record
TN:
SF:repositories/actionButtonRepository.js
FN:4,getUserActionButtons
FN:15,getActionButtonById
FN:25,createActionButton
FN:47,updateActionButton
FN:76,deleteActionButton
FNF:5
FNH:0
FNDA:0,getUserActionButtons
FNDA:0,getActionButtonById
FNDA:0,createActionButton
FNDA:0,updateActionButton
FNDA:0,deleteActionButton
DA:1,0
DA:5,0
DA:11,0
DA:16,0
DA:21,0
DA:26,0
DA:27,0
DA:29,0
DA:30,0
DA:38,0
DA:39,0
DA:41,0
DA:42,0
DA:48,0
DA:49,0
DA:51,0
DA:52,0
DA:64,0
DA:65,0
DA:68,0
DA:70,0
DA:71,0
DA:77,0
DA:83,0
DA:86,0
LF:25
LH:0
BRDA:64,0,0,0
BRDA:64,0,1,0
BRF:2
BRH:0
end_of_record
TN:
SF:repositories/animalRepository.js
FN:9,(anonymous_0)
FN:21,(anonymous_1)
FN:39,(anonymous_2)
FN:76,(anonymous_3)
FN:80,(anonymous_4)
FN:87,(anonymous_5)
FN:105,(anonymous_6)
FN:108,(anonymous_7)
FN:127,(anonymous_8)
FN:153,(anonymous_9)
FN:189,(anonymous_10)
FN:206,(anonymous_11)
FN:223,(anonymous_12)
FN:238,(anonymous_13)
FN:248,(anonymous_14)
FN:263,(anonymous_15)
FN:273,(anonymous_16)
FN:300,(anonymous_17)
FN:310,(anonymous_18)
FN:327,(anonymous_19)
FN:359,(anonymous_20)
FN:391,(anonymous_21)
FN:423,(anonymous_22)
FN:442,(anonymous_23)
FN:467,(anonymous_24)
FN:468,(anonymous_25)
FN:540,(anonymous_26)
FN:541,(anonymous_27)
FN:546,(anonymous_28)
FN:581,(anonymous_29)
FN:629,(anonymous_30)
FN:676,(anonymous_31)
FN:677,(anonymous_32)
FNF:33
FNH:13
FNDA:4,(anonymous_0)
FNDA:4,(anonymous_1)
FNDA:5,(anonymous_2)
FNDA:0,(anonymous_3)
FNDA:0,(anonymous_4)
FNDA:0,(anonymous_5)
FNDA:0,(anonymous_6)
FNDA:0,(anonymous_7)
FNDA:0,(anonymous_8)
FNDA:3,(anonymous_9)
FNDA:5,(anonymous_10)
FNDA:3,(anonymous_11)
FNDA:0,(anonymous_12)
FNDA:0,(anonymous_13)
FNDA:0,(anonymous_14)
FNDA:0,(anonymous_15)
FNDA:0,(anonymous_16)
FNDA:0,(anonymous_17)
FNDA:0,(anonymous_18)
FNDA:0,(anonymous_19)
FNDA:0,(anonymous_20)
FNDA:0,(anonymous_21)
FNDA:0,(anonymous_22)
FNDA:0,(anonymous_23)
FNDA:2,(anonymous_24)
FNDA:2,(anonymous_25)
FNDA:1,(anonymous_26)
FNDA:1,(anonymous_27)
FNDA:7,(anonymous_28)
FNDA:0,(anonymous_29)
FNDA:0,(anonymous_30)
FNDA:2,(anonymous_31)
FNDA:2,(anonymous_32)
DA:6,4
DA:11,4
DA:12,4
DA:22,4
DA:23,4
DA:24,4
DA:25,4
DA:26,4
DA:30,2
DA:32,4
DA:40,5
DA:42,4
DA:43,4
DA:46,4
DA:47,2
DA:48,2
DA:49,2
DA:50,0
DA:51,0
DA:57,0
DA:59,0
DA:60,0
DA:61,0
DA:62,0
DA:64,2
DA:65,1
DA:68,4
DA:69,4
DA:77,0
DA:78,0
DA:79,0
DA:80,0
DA:88,0
DA:89,0
DA:91,0
DA:93,0
DA:105,0
DA:106,0
DA:108,0
DA:109,0
DA:112,0
DA:114,0
DA:115,0
DA:116,0
DA:119,0
DA:120,0
DA:128,0
DA:129,0
DA:133,0
DA:135,0
DA:136,0
DA:140,0
DA:141,0
DA:142,0
DA:144,0
DA:145,0
DA:154,3
DA:190,5
DA:191,5
DA:192,5
DA:193,4
DA:194,4
DA:196,1
DA:197,1
DA:207,3
DA:208,3
DA:212,3
DA:213,2
DA:215,1
DA:216,1
DA:224,0
DA:225,0
DA:226,0
DA:237,0
DA:238,0
DA:240,0
DA:241,0
DA:249,0
DA:250,0
DA:251,0
DA:252,0
DA:256,0
DA:257,0
DA:258,0
DA:260,0
DA:261,0
DA:262,0
DA:263,0
DA:265,0
DA:266,0
DA:274,0
DA:275,0
DA:276,0
DA:277,0
DA:293,0
DA:294,0
DA:295,0
DA:297,0
DA:298,0
DA:299,0
DA:300,0
DA:302,0
DA:303,0
DA:311,0
DA:312,0
DA:313,0
DA:314,0
DA:315,0
DA:316,0
DA:317,0
DA:318,0
DA:320,0
DA:321,0
DA:322,0
DA:323,0
DA:324,0
DA:325,0
DA:326,0
DA:327,0
DA:329,0
DA:335,0
DA:336,0
DA:337,0
DA:338,0
DA:348,0
DA:349,0
DA:360,0
DA:361,0
DA:362,0
DA:363,0
DA:364,0
DA:380,0
DA:381,0
DA:382,0
DA:384,0
DA:385,0
DA:386,0
DA:387,0
DA:388,0
DA:389,0
DA:390,0
DA:391,0
DA:392,0
DA:399,0
DA:400,0
DA:401,0
DA:402,0
DA:412,0
DA:413,0
DA:424,0
DA:425,0
DA:426,0
DA:427,0
DA:428,0
DA:429,0
DA:431,0
DA:432,0
DA:434,0
DA:435,0
DA:443,0
DA:444,0
DA:451,0
DA:452,0
DA:453,0
DA:454,0
DA:456,0
DA:457,0
DA:459,0
DA:460,0
DA:468,2
DA:469,2
DA:470,1
DA:472,1
DA:479,1
DA:490,1
DA:491,1
DA:492,0
DA:494,1
DA:495,1
DA:496,1
DA:502,1
DA:509,1
DA:510,1
DA:511,1
DA:512,1
DA:514,0
DA:515,0
DA:521,0
DA:528,0
DA:529,0
DA:530,0
DA:533,1
DA:541,1
DA:542,1
DA:543,1
DA:544,1
DA:545,1
DA:546,1
DA:547,7
DA:548,2
DA:549,2
DA:552,1
DA:554,1
DA:555,1
DA:561,1
DA:562,1
DA:563,1
DA:564,0
DA:566,1
DA:568,0
DA:569,0
DA:570,0
DA:572,0
DA:574,1
DA:575,1
DA:576,1
DA:577,0
DA:578,0
DA:579,0
DA:580,0
DA:581,0
DA:582,0
DA:583,0
DA:584,0
DA:587,0
DA:588,0
DA:589,0
DA:595,0
DA:596,0
DA:597,0
DA:598,0
DA:599,0
DA:603,1
DA:609,1
DA:616,1
DA:617,1
DA:618,0
DA:619,0
DA:622,0
DA:623,0
DA:624,0
DA:625,0
DA:626,0
DA:627,0
DA:628,0
DA:629,0
DA:630,0
DA:631,0
DA:632,0
DA:635,0
DA:636,0
DA:637,0
DA:643,0
DA:644,0
DA:645,0
DA:646,0
DA:650,0
DA:656,0
DA:663,0
DA:664,0
DA:665,0
DA:669,1
DA:677,2
DA:678,2
DA:679,2
DA:680,2
DA:681,2
DA:686,4
LF:268
LH:81
BRDA:22,0,0,0
BRDA:22,0,1,4
BRDA:26,1,0,2
BRDA:26,1,1,2
BRDA:27,2,0,4
BRDA:27,2,1,2
BRDA:27,2,2,1
BRDA:32,3,0,0
BRDA:32,3,1,4
BRDA:40,4,0,1
BRDA:40,4,1,4
BRDA:43,5,0,4
BRDA:43,5,1,0
BRDA:46,6,0,2
BRDA:46,6,1,2
BRDA:47,7,0,2
BRDA:47,7,1,0
BRDA:50,8,0,0
BRDA:50,8,1,0
BRDA:64,9,0,1
BRDA:64,9,1,1
BRDA:64,10,0,2
BRDA:64,10,1,2
BRDA:77,11,0,0
BRDA:77,11,1,0
BRDA:77,12,0,0
BRDA:77,12,1,0
BRDA:79,13,0,0
BRDA:79,13,1,0
BRDA:79,14,0,0
BRDA:79,14,1,0
BRDA:87,15,0,0
BRDA:87,16,0,0
BRDA:89,17,0,0
BRDA:89,17,1,0
BRDA:109,18,0,0
BRDA:109,18,1,0
BRDA:129,19,0,0
BRDA:129,19,1,0
BRDA:130,20,0,0
BRDA:130,20,1,0
BRDA:213,21,0,1
BRDA:213,21,1,1
BRDA:224,22,0,0
BRDA:224,22,1,0
BRDA:238,23,0,0
BRDA:238,23,1,0
BRDA:248,24,0,0
BRDA:248,25,0,0
BRDA:248,26,0,0
BRDA:256,27,0,0
BRDA:256,27,1,0
BRDA:263,28,0,0
BRDA:263,28,1,0
BRDA:273,29,0,0
BRDA:273,30,0,0
BRDA:273,31,0,0
BRDA:293,32,0,0
BRDA:293,32,1,0
BRDA:300,33,0,0
BRDA:300,33,1,0
BRDA:310,34,0,0
BRDA:310,35,0,0
BRDA:310,36,0,0
BRDA:316,37,0,0
BRDA:316,37,1,0
BRDA:327,38,0,0
BRDA:327,38,1,0
BRDA:333,39,0,0
BRDA:333,39,1,0
BRDA:335,40,0,0
BRDA:335,40,1,0
BRDA:337,41,0,0
BRDA:337,41,1,0
BRDA:359,42,0,0
BRDA:359,43,0,0
BRDA:359,44,0,0
BRDA:380,45,0,0
BRDA:380,45,1,0
BRDA:391,46,0,0
BRDA:391,46,1,0
BRDA:397,47,0,0
BRDA:397,47,1,0
BRDA:399,48,0,0
BRDA:399,48,1,0
BRDA:401,49,0,0
BRDA:401,49,1,0
BRDA:423,50,0,0
BRDA:427,51,0,0
BRDA:427,51,1,0
BRDA:432,52,0,0
BRDA:432,52,1,0
BRDA:442,53,0,0
BRDA:452,54,0,0
BRDA:452,54,1,0
BRDA:457,55,0,0
BRDA:457,55,1,0
BRDA:469,56,0,1
BRDA:469,56,1,1
BRDA:469,57,0,2
BRDA:469,57,1,1
BRDA:481,58,0,1
BRDA:481,58,1,0
BRDA:483,59,0,1
BRDA:483,59,1,0
BRDA:484,60,0,1
BRDA:484,60,1,0
BRDA:485,61,0,1
BRDA:485,61,1,0
BRDA:486,62,0,1
BRDA:486,62,1,1
BRDA:487,63,0,1
BRDA:487,63,1,1
BRDA:488,64,0,1
BRDA:488,64,1,1
BRDA:491,65,0,0
BRDA:491,65,1,1
BRDA:495,66,0,1
BRDA:495,66,1,0
BRDA:495,67,0,1
BRDA:495,67,1,1
BRDA:504,68,0,1
BRDA:504,68,1,0
BRDA:505,69,0,1
BRDA:505,69,1,0
BRDA:506,70,0,1
BRDA:506,70,1,0
BRDA:507,71,0,1
BRDA:507,71,1,0
BRDA:510,72,0,1
BRDA:510,72,1,0
BRDA:514,73,0,0
BRDA:514,73,1,0
BRDA:514,74,0,0
BRDA:514,74,1,0
BRDA:523,75,0,0
BRDA:523,75,1,0
BRDA:524,76,0,0
BRDA:524,76,1,0
BRDA:525,77,0,0
BRDA:525,77,1,0
BRDA:526,78,0,0
BRDA:526,78,1,0
BRDA:529,79,0,0
BRDA:529,79,1,0
BRDA:547,80,0,2
BRDA:547,80,1,5
BRDA:554,81,0,1
BRDA:554,81,1,0
BRDA:563,82,0,0
BRDA:563,82,1,1
BRDA:569,83,0,0
BRDA:569,83,1,0
BRDA:574,84,0,1
BRDA:574,84,1,0
BRDA:574,85,0,1
BRDA:574,85,1,1
BRDA:576,86,0,0
BRDA:576,86,1,1
BRDA:582,87,0,0
BRDA:582,87,1,0
BRDA:588,88,0,0
BRDA:588,88,1,0
BRDA:597,89,0,0
BRDA:597,89,1,0
BRDA:611,90,0,1
BRDA:611,90,1,1
BRDA:612,91,0,1
BRDA:612,91,1,1
BRDA:613,92,0,1
BRDA:613,92,1,1
BRDA:614,93,0,1
BRDA:614,93,1,1
BRDA:617,94,0,0
BRDA:617,94,1,1
BRDA:622,95,0,0
BRDA:622,95,1,0
BRDA:622,96,0,0
BRDA:622,96,1,0
BRDA:624,97,0,0
BRDA:624,97,1,0
BRDA:630,98,0,0
BRDA:630,98,1,0
BRDA:636,99,0,0
BRDA:636,99,1,0
BRDA:645,100,0,0
BRDA:645,100,1,0
BRDA:658,101,0,0
BRDA:658,101,1,0
BRDA:659,102,0,0
BRDA:659,102,1,0
BRDA:660,103,0,0
BRDA:660,103,1,0
BRDA:661,104,0,0
BRDA:661,104,1,0
BRDA:664,105,0,0
BRDA:664,105,1,0
BRF:197
BRH:59
end_of_record
TN:
SF:repositories/baseRepository.js
FN:15,(anonymous_0)
FN:23,(anonymous_1)
FN:24,(anonymous_2)
FN:33,(anonymous_3)
FN:34,(anonymous_4)
FN:49,(anonymous_5)
FN:74,(anonymous_6)
FN:99,(anonymous_7)
FNF:8
FNH:0
FNDA:0,(anonymous_0)
FNDA:0,(anonymous_1)
FNDA:0,(anonymous_2)
FNDA:0,(anonymous_3)
FNDA:0,(anonymous_4)
FNDA:0,(anonymous_5)
FNDA:0,(anonymous_6)
FNDA:0,(anonymous_7)
DA:7,3
DA:16,0
DA:18,0
DA:19,0
DA:20,0
DA:22,0
DA:23,0
DA:24,0
DA:30,0
DA:32,0
DA:33,0
DA:34,0
DA:39,0
DA:40,0
DA:50,0
DA:51,0
DA:53,0
DA:56,0
DA:59,0
DA:60,0
DA:64,0
DA:65,0
DA:75,0
DA:76,0
DA:78,0
DA:81,0
DA:84,0
DA:85,0
DA:89,0
DA:90,0
DA:100,0
DA:102,0
DA:103,0
DA:104,0
DA:105,0
DA:107,0
DA:108,0
DA:113,3
LF:38
LH:2
BRDA:18,0,0,0
BRDA:18,0,1,0
BRDA:18,1,0,0
BRDA:18,1,1,0
BRDA:51,2,0,0
BRDA:51,2,1,0
BRDA:59,3,0,0
BRDA:59,3,1,0
BRDA:76,4,0,0
BRDA:76,4,1,0
BRDA:84,5,0,0
BRDA:84,5,1,0
BRF:12
BRH:0
end_of_record
TN:
SF:repositories/bullRepository.js
FN:9,(anonymous_0)
FN:35,(anonymous_1)
FN:43,(anonymous_2)
FN:59,(anonymous_3)
FN:62,(anonymous_4)
FN:85,(anonymous_5)
FN:107,(anonymous_6)
FN:175,(anonymous_7)
FN:239,(anonymous_8)
FN:282,(anonymous_9)
FN:312,(anonymous_10)
FN:326,(anonymous_11)
FN:357,(anonymous_12)
FN:369,(anonymous_13)
FN:385,(anonymous_14)
FN:406,(anonymous_15)
FN:461,(anonymous_16)
FN:550,(anonymous_17)
FN:585,(anonymous_18)
FN:631,(anonymous_19)
FN:661,(anonymous_20)
FNF:21
FNH:0
FNDA:0,(anonymous_0)
FNDA:0,(anonymous_1)
FNDA:0,(anonymous_2)
FNDA:0,(anonymous_3)
FNDA:0,(anonymous_4)
FNDA:0,(anonymous_5)
FNDA:0,(anonymous_6)
FNDA:0,(anonymous_7)
FNDA:0,(anonymous_8)
FNDA:0,(anonymous_9)
FNDA:0,(anonymous_10)
FNDA:0,(anonymous_11)
FNDA:0,(anonymous_12)
FNDA:0,(anonymous_13)
FNDA:0,(anonymous_14)
FNDA:0,(anonymous_15)
FNDA:0,(anonymous_16)
FNDA:0,(anonymous_17)
FNDA:0,(anonymous_18)
FNDA:0,(anonymous_19)
FNDA:0,(anonymous_20)
DA:1,0
DA:10,0
DA:12,0
DA:13,0
DA:14,0
DA:18,0
DA:19,0
DA:23,0
DA:24,0
DA:27,0
DA:36,0
DA:37,0
DA:38,0
DA:39,0
DA:40,0
DA:43,0
DA:45,0
DA:46,0
DA:60,0
DA:61,0
DA:62,0
DA:63,0
DA:64,0
DA:65,0
DA:66,0
DA:72,0
DA:73,0
DA:75,0
DA:77,0
DA:86,0
DA:87,0
DA:91,0
DA:93,0
DA:94,0
DA:108,0
DA:109,0
DA:110,0
DA:111,0
DA:113,0
DA:140,0
DA:141,0
DA:142,0
DA:143,0
DA:146,0
DA:147,0
DA:148,0
DA:149,0
DA:152,0
DA:153,0
DA:154,0
DA:155,0
DA:159,0
DA:160,0
DA:161,0
DA:162,0
DA:163,0
DA:164,0
DA:168,0
DA:171,0
DA:172,0
DA:174,0
DA:175,0
DA:178,0
DA:179,0
DA:180,0
DA:182,0
DA:183,0
DA:184,0
DA:185,0
DA:188,0
DA:189,0
DA:190,0
DA:191,0
DA:194,0
DA:195,0
DA:196,0
DA:197,0
DA:200,0
DA:201,0
DA:202,0
DA:203,0
DA:206,0
DA:207,0
DA:211,0
DA:221,0
DA:222,0
DA:240,0
DA:241,0
DA:266,0
DA:267,0
DA:268,0
DA:270,0
DA:271,0
DA:283,0
DA:284,0
DA:311,0
DA:312,0
DA:314,0
DA:315,0
DA:327,0
DA:328,0
DA:356,0
DA:357,0
DA:359,0
DA:360,0
DA:370,0
DA:371,0
DA:372,0
DA:373,0
DA:375,0
DA:376,0
DA:386,0
DA:387,0
DA:393,0
DA:394,0
DA:396,0
DA:397,0
DA:407,0
DA:409,0
DA:410,0
DA:411,0
DA:414,0
DA:415,0
DA:416,0
DA:419,0
DA:421,0
DA:429,0
DA:440,0
DA:441,0
DA:443,0
DA:444,0
DA:447,0
DA:449,0
DA:450,0
DA:451,0
DA:462,0
DA:464,0
DA:465,0
DA:466,0
DA:467,0
DA:471,0
DA:473,0
DA:474,0
DA:475,0
DA:477,0
DA:478,0
DA:479,0
DA:482,0
DA:483,0
DA:484,0
DA:487,0
DA:488,0
DA:489,0
DA:492,0
DA:493,0
DA:494,0
DA:497,0
DA:498,0
DA:499,0
DA:502,0
DA:503,0
DA:504,0
DA:507,0
DA:508,0
DA:509,0
DA:512,0
DA:513,0
DA:514,0
DA:517,0
DA:518,0
DA:519,0
DA:522,0
DA:529,0
DA:530,0
DA:531,0
DA:533,0
DA:534,0
DA:537,0
DA:539,0
DA:540,0
DA:541,0
DA:551,0
DA:552,0
DA:555,0
DA:560,0
DA:561,0
DA:562,0
DA:566,0
DA:569,0
DA:570,0
DA:572,0
DA:574,0
DA:575,0
DA:576,0
DA:586,0
DA:587,0
DA:604,0
DA:605,0
DA:614,0
DA:615,0
DA:632,0
DA:633,0
DA:646,0
DA:647,0
DA:649,0
DA:650,0
DA:662,0
DA:663,0
DA:672,0
DA:673,0
DA:675,0
DA:676,0
DA:681,0
LF:213
LH:0
BRDA:12,0,0,0
BRDA:12,0,1,0
BRDA:18,1,0,0
BRDA:18,1,1,0
BRDA:23,2,0,0
BRDA:23,2,1,0
BRDA:24,3,0,0
BRDA:24,3,1,0
BRDA:36,4,0,0
BRDA:36,4,1,0
BRDA:36,5,0,0
BRDA:36,5,1,0
BRDA:39,6,0,0
BRDA:39,6,1,0
BRDA:39,7,0,0
BRDA:39,7,1,0
BRDA:60,8,0,0
BRDA:60,8,1,0
BRDA:63,9,0,0
BRDA:63,9,1,0
BRDA:65,10,0,0
BRDA:65,10,1,0
BRDA:91,11,0,0
BRDA:91,11,1,0
BRDA:91,11,2,0
BRDA:107,12,0,0
BRDA:107,13,0,0
BRDA:107,14,0,0
BRDA:107,15,0,0
BRDA:140,16,0,0
BRDA:140,16,1,0
BRDA:146,17,0,0
BRDA:146,17,1,0
BRDA:152,18,0,0
BRDA:152,18,1,0
BRDA:160,19,0,0
BRDA:160,19,1,0
BRDA:168,20,0,0
BRDA:168,20,1,0
BRDA:168,21,0,0
BRDA:168,21,1,0
BRDA:175,22,0,0
BRDA:175,22,1,0
BRDA:175,23,0,0
BRDA:175,23,1,0
BRDA:182,24,0,0
BRDA:182,24,1,0
BRDA:188,25,0,0
BRDA:188,25,1,0
BRDA:194,26,0,0
BRDA:194,26,1,0
BRDA:200,27,0,0
BRDA:200,27,1,0
BRDA:207,28,0,0
BRDA:207,28,1,0
BRDA:207,29,0,0
BRDA:207,29,1,0
BRDA:207,29,2,0
BRDA:267,30,0,0
BRDA:267,30,1,0
BRDA:267,31,0,0
BRDA:267,31,1,0
BRDA:267,31,2,0
BRDA:282,32,0,0
BRDA:282,33,0,0
BRDA:312,34,0,0
BRDA:312,34,1,0
BRDA:312,35,0,0
BRDA:312,35,1,0
BRDA:326,36,0,0
BRDA:326,37,0,0
BRDA:357,38,0,0
BRDA:357,38,1,0
BRDA:357,39,0,0
BRDA:357,39,1,0
BRDA:373,40,0,0
BRDA:373,40,1,0
BRDA:373,41,0,0
BRDA:373,41,1,0
BRDA:373,41,2,0
BRDA:394,42,0,0
BRDA:394,42,1,0
BRDA:394,43,0,0
BRDA:394,43,1,0
BRDA:394,43,2,0
BRDA:409,44,0,0
BRDA:409,44,1,0
BRDA:410,45,0,0
BRDA:410,45,1,0
BRDA:411,46,0,0
BRDA:411,46,1,0
BRDA:415,47,0,0
BRDA:415,47,1,0
BRDA:432,48,0,0
BRDA:432,48,1,0
BRDA:433,49,0,0
BRDA:433,49,1,0
BRDA:435,50,0,0
BRDA:435,50,1,0
BRDA:436,51,0,0
BRDA:436,51,1,0
BRDA:437,52,0,0
BRDA:437,52,1,0
BRDA:443,53,0,0
BRDA:443,53,1,0
BRDA:443,54,0,0
BRDA:443,54,1,0
BRDA:443,54,2,0
BRDA:464,55,0,0
BRDA:464,55,1,0
BRDA:466,56,0,0
BRDA:466,56,1,0
BRDA:477,57,0,0
BRDA:477,57,1,0
BRDA:482,58,0,0
BRDA:482,58,1,0
BRDA:487,59,0,0
BRDA:487,59,1,0
BRDA:492,60,0,0
BRDA:492,60,1,0
BRDA:497,61,0,0
BRDA:497,61,1,0
BRDA:502,62,0,0
BRDA:502,62,1,0
BRDA:507,63,0,0
BRDA:507,63,1,0
BRDA:512,64,0,0
BRDA:512,64,1,0
BRDA:517,65,0,0
BRDA:517,65,1,0
BRDA:533,66,0,0
BRDA:533,66,1,0
BRDA:533,67,0,0
BRDA:533,67,1,0
BRDA:533,67,2,0
BRDA:560,68,0,0
BRDA:560,68,1,0
BRDA:572,69,0,0
BRDA:572,69,1,0
BRDA:572,69,2,0
BRDA:605,70,0,0
BRDA:605,70,1,0
BRDA:605,71,0,0
BRDA:605,71,1,0
BRDA:605,71,2,0
BRDA:631,72,0,0
BRDA:631,73,0,0
BRDA:647,74,0,0
BRDA:647,74,1,0
BRDA:647,75,0,0
BRDA:647,75,1,0
BRDA:661,76,0,0
BRDA:661,77,0,0
BRDA:673,78,0,0
BRDA:673,78,1,0
BRDA:673,79,0,0
BRDA:673,79,1,0
BRF:157
BRH:0
end_of_record
TN:
SF:repositories/herdRepository.js
FN:5,(anonymous_0)
FN:55,(anonymous_1)
FN:72,(anonymous_2)
FN:90,(anonymous_3)
FNF:4
FNH:4
FNDA:2,(anonymous_0)
FNDA:2,(anonymous_1)
FNDA:2,(anonymous_2)
FNDA:2,(anonymous_3)
DA:1,4
DA:6,2
DA:18,2
DA:20,2
DA:34,2
DA:45,2
DA:47,1
DA:49,1
DA:50,1
DA:56,2
DA:57,2
DA:62,2
DA:64,2
DA:66,0
DA:67,0
DA:73,2
DA:74,2
DA:76,2
DA:78,2
DA:79,1
DA:82,1
DA:84,0
DA:85,0
DA:91,2
DA:92,2
DA:94,2
DA:96,2
DA:98,0
DA:99,0
DA:104,4
LF:30
LH:24
BRDA:12,0,0,0
BRDA:38,1,0,2
BRDA:38,1,1,1
BRDA:39,2,0,2
BRDA:39,2,1,1
BRDA:40,3,0,2
BRDA:40,3,1,1
BRDA:41,4,0,2
BRDA:41,4,1,1
BRDA:42,5,0,2
BRDA:42,5,1,1
BRDA:55,6,0,0
BRDA:78,7,0,1
BRDA:78,7,1,1
BRF:14
BRH:12
end_of_record
TN:
SF:repositories/inseminationRepository.js
FN:4,(anonymous_0)
FN:17,(anonymous_1)
FN:29,(anonymous_2)
FN:67,(anonymous_3)
FN:100,(anonymous_4)
FN:157,(anonymous_5)
FN:212,(anonymous_6)
FNF:7
FNH:0
FNDA:0,(anonymous_0)
FNDA:0,(anonymous_1)
FNDA:0,(anonymous_2)
FNDA:0,(anonymous_3)
FNDA:0,(anonymous_4)
FNDA:0,(anonymous_5)
FNDA:0,(anonymous_6)
DA:1,0
DA:5,0
DA:14,0
DA:18,0
DA:26,0
DA:30,0
DA:39,0
DA:40,0
DA:42,0
DA:43,0
DA:44,0
DA:45,0
DA:48,0
DA:49,0
DA:50,0
DA:51,0
DA:54,0
DA:55,0
DA:56,0
DA:57,0
DA:60,0
DA:61,0
DA:63,0
DA:64,0
DA:68,0
DA:75,0
DA:76,0
DA:78,0
DA:79,0
DA:80,0
DA:81,0
DA:84,0
DA:85,0
DA:86,0
DA:87,0
DA:90,0
DA:91,0
DA:92,0
DA:93,0
DA:96,0
DA:97,0
DA:121,0
DA:123,0
DA:154,0
DA:176,0
DA:178,0
DA:209,0
DA:213,0
DA:217,0
LF:49
LH:0
BRDA:17,0,0,0
BRDA:17,1,0,0
BRDA:29,2,0,0
BRDA:29,3,0,0
BRDA:29,4,0,0
BRDA:42,5,0,0
BRDA:42,5,1,0
BRDA:48,6,0,0
BRDA:48,6,1,0
BRDA:54,7,0,0
BRDA:54,7,1,0
BRDA:67,8,0,0
BRDA:78,9,0,0
BRDA:78,9,1,0
BRDA:84,10,0,0
BRDA:84,10,1,0
BRDA:90,11,0,0
BRDA:90,11,1,0
BRF:18
BRH:0
end_of_record
TN:
SF:repositories/keyRepository.js
FN:4,(anonymous_0)
FN:12,(anonymous_1)
FN:26,(anonymous_2)
FNF:3
FNH:0
FNDA:0,(anonymous_0)
FNDA:0,(anonymous_1)
FNDA:0,(anonymous_2)
DA:1,0
DA:5,0
DA:9,0
DA:13,0
DA:15,0
DA:23,0
DA:27,0
DA:29,0
DA:37,0
DA:41,0
LF:10
LH:0
BRF:0
BRH:0
end_of_record
TN:
SF:repositories/organizationRepository.js
FN:4,(anonymous_0)
FN:12,(anonymous_1)
FN:26,(anonymous_2)
FN:39,(anonymous_3)
FN:52,(anonymous_4)
FN:63,(anonymous_5)
FN:74,(anonymous_6)
FNF:7
FNH:7
FNDA:2,(anonymous_0)
FNDA:1,(anonymous_1)
FNDA:1,(anonymous_2)
FNDA:1,(anonymous_3)
FNDA:1,(anonymous_4)
FNDA:1,(anonymous_5)
FNDA:2,(anonymous_6)
DA:1,6
DA:5,2
DA:9,2
DA:13,1
DA:15,1
DA:23,1
DA:27,1
DA:35,1
DA:40,1
DA:42,1
DA:49,1
DA:53,1
DA:60,1
DA:64,1
DA:71,1
DA:75,2
DA:81,2
DA:85,6
LF:18
LH:18
BRDA:26,0,0,0
BRF:1
BRH:0
end_of_record
TN:
SF:repositories/semenProviderRepository.js
FN:11,(anonymous_0)
FN:19,(anonymous_1)
FN:27,(anonymous_2)
FN:41,(anonymous_3)
FN:47,(anonymous_4)
FN:83,(anonymous_5)
FN:118,(anonymous_6)
FN:125,(anonymous_7)
FN:162,(anonymous_8)
FN:197,(anonymous_9)
FN:204,(anonymous_10)
FN:238,(anonymous_11)
FN:255,(anonymous_12)
FN:276,(anonymous_13)
FN:321,(anonymous_14)
FN:414,(anonymous_15)
FN:450,(anonymous_16)
FN:475,(anonymous_17)
FN:499,(anonymous_18)
FN:524,(anonymous_19)
FN:550,(anonymous_20)
FN:571,(anonymous_21)
FN:586,(anonymous_22)
FNF:23
FNH:0
FNDA:0,(anonymous_0)
FNDA:0,(anonymous_1)
FNDA:0,(anonymous_2)
FNDA:0,(anonymous_3)
FNDA:0,(anonymous_4)
FNDA:0,(anonymous_5)
FNDA:0,(anonymous_6)
FNDA:0,(anonymous_7)
FNDA:0,(anonymous_8)
FNDA:0,(anonymous_9)
FNDA:0,(anonymous_10)
FNDA:0,(anonymous_11)
FNDA:0,(anonymous_12)
FNDA:0,(anonymous_13)
FNDA:0,(anonymous_14)
FNDA:0,(anonymous_15)
FNDA:0,(anonymous_16)
FNDA:0,(anonymous_17)
FNDA:0,(anonymous_18)
FNDA:0,(anonymous_19)
FNDA:0,(anonymous_20)
FNDA:0,(anonymous_21)
FNDA:0,(anonymous_22)
DA:7,0
DA:12,0
DA:13,0
DA:14,0
DA:15,0
DA:16,0
DA:19,0
DA:21,0
DA:22,0
DA:28,0
DA:29,0
DA:33,0
DA:35,0
DA:36,0
DA:42,0
DA:44,0
DA:46,0
DA:47,0
DA:48,0
DA:49,0
DA:50,0
DA:54,0
DA:66,0
DA:67,0
DA:70,0
DA:71,0
DA:84,0
DA:85,0
DA:86,0
DA:87,0
DA:90,0
DA:97,0
DA:98,0
DA:99,0
DA:100,0
DA:101,0
DA:102,0
DA:106,0
DA:107,0
DA:110,0
DA:111,0
DA:114,0
DA:118,0
DA:125,0
DA:126,0
DA:127,0
DA:131,0
DA:141,0
DA:142,0
DA:163,0
DA:164,0
DA:165,0
DA:166,0
DA:169,0
DA:176,0
DA:177,0
DA:178,0
DA:179,0
DA:180,0
DA:181,0
DA:185,0
DA:186,0
DA:189,0
DA:190,0
DA:193,0
DA:197,0
DA:204,0
DA:205,0
DA:206,0
DA:210,0
DA:220,0
DA:221,0
DA:239,0
DA:240,0
DA:241,0
DA:242,0
DA:244,0
DA:245,0
DA:256,0
DA:257,0
DA:263,0
DA:264,0
DA:266,0
DA:267,0
DA:277,0
DA:278,0
DA:280,0
DA:290,0
DA:304,0
DA:305,0
DA:307,0
DA:309,0
DA:310,0
DA:311,0
DA:322,0
DA:323,0
DA:325,0
DA:326,0
DA:327,0
DA:330,0
DA:331,0
DA:332,0
DA:335,0
DA:336,0
DA:337,0
DA:340,0
DA:341,0
DA:342,0
DA:345,0
DA:346,0
DA:347,0
DA:350,0
DA:351,0
DA:352,0
DA:355,0
DA:356,0
DA:357,0
DA:360,0
DA:361,0
DA:362,0
DA:365,0
DA:366,0
DA:367,0
DA:370,0
DA:371,0
DA:372,0
DA:375,0
DA:376,0
DA:377,0
DA:381,0
DA:384,0
DA:385,0
DA:386,0
DA:387,0
DA:390,0
DA:396,0
DA:398,0
DA:399,0
DA:401,0
DA:403,0
DA:404,0
DA:405,0
DA:415,0
DA:416,0
DA:419,0
DA:424,0
DA:425,0
DA:428,0
DA:433,0
DA:434,0
DA:436,0
DA:437,0
DA:438,0
DA:451,0
DA:452,0
DA:460,0
DA:461,0
DA:463,0
DA:464,0
DA:476,0
DA:477,0
DA:485,0
DA:486,0
DA:488,0
DA:489,0
DA:500,0
DA:501,0
DA:509,0
DA:510,0
DA:512,0
DA:513,0
DA:525,0
DA:526,0
DA:527,0
DA:529,0
DA:530,0
DA:531,0
DA:534,0
DA:536,0
DA:537,0
DA:539,0
DA:540,0
DA:551,0
DA:552,0
DA:558,0
DA:559,0
DA:561,0
DA:562,0
DA:572,0
DA:573,0
DA:574,0
DA:575,0
DA:577,0
DA:578,0
DA:587,0
DA:588,0
DA:589,0
DA:590,0
DA:592,0
DA:593,0
DA:598,0
LF:201
LH:0
BRDA:12,0,0,0
BRDA:12,0,1,0
BRDA:12,1,0,0
BRDA:12,1,1,0
BRDA:15,2,0,0
BRDA:15,2,1,0
BRDA:15,3,0,0
BRDA:15,3,1,0
BRDA:33,4,0,0
BRDA:33,4,1,0
BRDA:33,4,2,0
BRDA:42,5,0,0
BRDA:42,5,1,0
BRDA:48,6,0,0
BRDA:48,6,1,0
BRDA:50,7,0,0
BRDA:50,7,1,0
BRDA:83,8,0,0
BRDA:83,9,0,0
BRDA:83,10,0,0
BRDA:93,11,0,0
BRDA:93,11,1,0
BRDA:98,12,0,0
BRDA:98,12,1,0
BRDA:111,13,0,0
BRDA:111,13,1,0
BRDA:111,14,0,0
BRDA:111,14,1,0
BRDA:117,15,0,0
BRDA:117,15,1,0
BRDA:118,16,0,0
BRDA:118,16,1,0
BRDA:127,17,0,0
BRDA:127,17,1,0
BRDA:127,18,0,0
BRDA:127,18,1,0
BRDA:127,18,2,0
BRDA:135,19,0,0
BRDA:135,19,1,0
BRDA:162,20,0,0
BRDA:162,21,0,0
BRDA:177,22,0,0
BRDA:177,22,1,0
BRDA:190,23,0,0
BRDA:190,23,1,0
BRDA:190,24,0,0
BRDA:190,24,1,0
BRDA:197,25,0,0
BRDA:197,25,1,0
BRDA:206,26,0,0
BRDA:206,26,1,0
BRDA:206,27,0,0
BRDA:206,27,1,0
BRDA:206,27,2,0
BRDA:214,28,0,0
BRDA:214,28,1,0
BRDA:242,29,0,0
BRDA:242,29,1,0
BRDA:242,30,0,0
BRDA:242,30,1,0
BRDA:242,30,2,0
BRDA:264,31,0,0
BRDA:264,31,1,0
BRDA:264,31,2,0
BRDA:294,32,0,0
BRDA:294,32,1,0
BRDA:295,33,0,0
BRDA:295,33,1,0
BRDA:296,34,0,0
BRDA:296,34,1,0
BRDA:297,35,0,0
BRDA:297,35,1,0
BRDA:298,36,0,0
BRDA:298,36,1,0
BRDA:299,37,0,0
BRDA:299,37,1,0
BRDA:300,38,0,0
BRDA:300,38,1,0
BRDA:307,39,0,0
BRDA:307,39,1,0
BRDA:307,40,0,0
BRDA:307,40,1,0
BRDA:307,40,2,0
BRDA:330,41,0,0
BRDA:330,41,1,0
BRDA:335,42,0,0
BRDA:335,42,1,0
BRDA:340,43,0,0
BRDA:340,43,1,0
BRDA:345,44,0,0
BRDA:345,44,1,0
BRDA:350,45,0,0
BRDA:350,45,1,0
BRDA:355,46,0,0
BRDA:355,46,1,0
BRDA:360,47,0,0
BRDA:360,47,1,0
BRDA:365,48,0,0
BRDA:365,48,1,0
BRDA:370,49,0,0
BRDA:370,49,1,0
BRDA:375,50,0,0
BRDA:375,50,1,0
BRDA:384,51,0,0
BRDA:384,51,1,0
BRDA:401,52,0,0
BRDA:401,52,1,0
BRDA:401,53,0,0
BRDA:401,53,1,0
BRDA:401,53,2,0
BRDA:424,54,0,0
BRDA:424,54,1,0
BRDA:424,55,0,0
BRDA:424,55,1,0
BRDA:424,55,2,0
BRDA:434,56,0,0
BRDA:434,56,1,0
BRDA:434,56,2,0
BRDA:450,57,0,0
BRDA:450,58,0,0
BRDA:450,59,0,0
BRDA:455,60,0,0
BRDA:455,60,1,0
BRDA:461,61,0,0
BRDA:461,61,1,0
BRDA:461,62,0,0
BRDA:461,62,1,0
BRDA:475,63,0,0
BRDA:475,64,0,0
BRDA:486,65,0,0
BRDA:486,65,1,0
BRDA:486,66,0,0
BRDA:486,66,1,0
BRDA:499,67,0,0
BRDA:499,68,0,0
BRDA:510,69,0,0
BRDA:510,69,1,0
BRDA:510,70,0,0
BRDA:510,70,1,0
BRDA:524,71,0,0
BRDA:529,72,0,0
BRDA:529,72,1,0
BRDA:537,73,0,0
BRDA:537,73,1,0
BRDA:537,73,2,0
BRDA:550,74,0,0
BRDA:555,75,0,0
BRDA:555,75,1,0
BRDA:559,76,0,0
BRDA:559,76,1,0
BRDA:559,77,0,0
BRDA:559,77,1,0
BRDA:559,77,2,0
BRDA:575,78,0,0
BRDA:575,78,1,0
BRDA:575,79,0,0
BRDA:575,79,1,0
BRDA:575,79,2,0
BRDA:590,80,0,0
BRDA:590,80,1,0
BRDA:590,81,0,0
BRDA:590,81,1,0
BRDA:590,81,2,0
BRF:163
BRH:0
end_of_record
TN:
SF:repositories/userRepository.js
FN:4,findById
FN:9,findByEmail
FN:15,create
FN:32,updateUser
FN:50,updatePassword
FN:60,deactivateUser
FN:75,getAllUsers
FN:102,getUsersByOrganization
FN:136,getClientsInOrganization
FN:137,(anonymous_9)
FN:168,getSingleUser
FN:210,_checkExtension
FN:237,searchUsers
FN:274,(anonymous_13)
FN:279,(anonymous_14)
FN:279,(anonymous_15)
FN:281,(anonymous_16)
FN:291,(anonymous_17)
FNF:18
FNH:6
FNDA:2,findById
FNDA:1,findByEmail
FNDA:1,create
FNDA:1,updateUser
FNDA:1,updatePassword
FNDA:1,deactivateUser
FNDA:0,getAllUsers
FNDA:0,getUsersByOrganization
FNDA:0,getClientsInOrganization
FNDA:0,(anonymous_9)
FNDA:0,getSingleUser
FNDA:0,_checkExtension
FNDA:0,searchUsers
FNDA:0,(anonymous_13)
FNDA:0,(anonymous_14)
FNDA:0,(anonymous_15)
FNDA:0,(anonymous_16)
FNDA:0,(anonymous_17)
DA:1,8
DA:5,2
DA:6,2
DA:10,1
DA:11,1
DA:12,1
DA:16,1
DA:18,1
DA:29,1
DA:33,1
DA:35,1
DA:47,1
DA:51,1
DA:56,1
DA:61,1
DA:63,1
DA:71,1
DA:76,0
DA:98,0
DA:103,0
DA:105,0
DA:130,0
DA:132,0
DA:137,0
DA:139,0
DA:164,0
DA:171,0
DA:172,0
DA:195,0
DA:198,0
DA:199,0
DA:203,8
DA:204,8
DA:211,0
DA:212,0
DA:213,0
DA:216,0
DA:217,0
DA:221,0
DA:222,0
DA:224,0
DA:225,0
DA:227,0
DA:228,0
DA:229,0
DA:238,0
DA:240,0
DA:242,0
DA:243,0
DA:246,0
DA:269,0
DA:270,0
DA:273,0
DA:274,0
DA:275,0
DA:276,0
DA:277,0
DA:278,0
DA:279,0
DA:280,0
DA:281,0
DA:282,0
DA:283,0
DA:284,0
DA:289,0
DA:291,0
DA:293,0
DA:295,0
DA:309,0
DA:311,0
DA:312,0
DA:315,0
DA:317,0
DA:321,0
DA:322,0
DA:323,0
DA:324,0
DA:328,0
DA:329,0
DA:330,0
DA:335,0
DA:336,0
DA:337,0
DA:342,0
DA:343,0
DA:348,0
DA:349,0
DA:355,0
DA:356,0
DA:357,0
DA:360,0
DA:365,0
DA:368,0
DA:369,0
DA:372,0
DA:374,0
DA:384,0
DA:385,0
DA:390,8
LF:99
LH:20
BRDA:136,0,0,0
BRDA:168,1,0,0
BRDA:171,2,0,0
BRDA:171,2,1,0
BRDA:212,3,0,0
BRDA:212,3,1,0
BRDA:212,4,0,0
BRDA:212,4,1,0
BRDA:237,5,0,0
BRDA:237,6,0,0
BRDA:273,7,0,0
BRDA:273,7,1,0
BRDA:273,8,0,0
BRDA:273,8,1,0
BRDA:273,8,2,0
BRDA:278,9,0,0
BRDA:278,9,1,0
BRDA:278,10,0,0
BRDA:278,10,1,0
BRDA:278,10,2,0
BRDA:280,11,0,0
BRDA:280,11,1,0
BRDA:289,12,0,0
BRDA:289,12,1,0
BRDA:289,13,0,0
BRDA:289,13,1,0
BRDA:289,13,2,0
BRDA:293,14,0,0
BRDA:293,14,1,0
BRDA:317,15,0,0
BRDA:317,15,1,0
BRDA:328,16,0,0
BRDA:328,16,1,0
BRDA:328,17,0,0
BRDA:328,17,1,0
BRDA:330,18,0,0
BRDA:330,18,1,0
BRDA:342,19,0,0
BRDA:342,19,1,0
BRDA:348,20,0,0
BRDA:348,20,1,0
BRDA:357,21,0,0
BRDA:357,21,1,0
BRF:43
BRH:0
end_of_record
TN:
SF:repositories/visitRepository.js
FN:4,(anonymous_0)
FN:20,(anonymous_1)
FN:35,(anonymous_2)
FN:50,(anonymous_3)
FN:58,(anonymous_4)
FN:66,(anonymous_5)
FN:80,(anonymous_6)
FN:94,(anonymous_7)
FNF:8
FNH:0
FNDA:0,(anonymous_0)
FNDA:0,(anonymous_1)
FNDA:0,(anonymous_2)
FNDA:0,(anonymous_3)
FNDA:0,(anonymous_4)
FNDA:0,(anonymous_5)
FNDA:0,(anonymous_6)
FNDA:0,(anonymous_7)
DA:1,0
DA:5,0
DA:17,0
DA:21,0
DA:32,0
DA:36,0
DA:47,0
DA:51,0
DA:55,0
DA:59,0
DA:63,0
DA:67,0
DA:69,0
DA:77,0
DA:81,0
DA:83,0
DA:91,0
DA:95,0
DA:99,0
LF:19
LH:0
BRDA:20,0,0,0
BRDA:20,1,0,0
BRDA:35,2,0,0
BRDA:35,3,0,0
BRF:4
BRH:0
end_of_record
TN:
SF:services/actionButtonService.js
FN:5,(anonymous_0)
FN:10,(anonymous_1)
FN:19,(anonymous_2)
FN:33,(anonymous_3)
FN:46,(anonymous_4)
FNF:5
FNH:0
FNDA:0,(anonymous_0)
FNDA:0,(anonymous_1)
FNDA:0,(anonymous_2)
FNDA:0,(anonymous_3)
FNDA:0,(anonymous_4)
DA:1,0
DA:6,0
DA:11,0
DA:12,0
DA:13,0
DA:15,0
DA:21,0
DA:22,0
DA:25,0
DA:26,0
DA:29,0
DA:35,0
DA:38,0
DA:39,0
DA:42,0
DA:48,0
DA:50,0
DA:54,0
LF:18
LH:0
BRDA:12,0,0,0
BRDA:12,0,1,0
BRDA:21,1,0,0
BRDA:21,1,1,0
BRDA:25,2,0,0
BRDA:25,2,1,0
BRDA:25,3,0,0
BRDA:25,3,1,0
BRDA:38,4,0,0
BRDA:38,4,1,0
BRF:10
BRH:0
end_of_record
TN:
SF:services/animalService.js
FN:17,(anonymous_0)
FN:28,(anonymous_1)
FN:52,(anonymous_2)
FN:81,(anonymous_3)
FN:107,(anonymous_4)
FN:129,(anonymous_5)
FN:152,(anonymous_6)
FN:182,(anonymous_7)
FN:209,(anonymous_8)
FN:301,(anonymous_9)
FN:343,(anonymous_10)
FN:406,(anonymous_11)
FN:438,(anonymous_12)
FNF:13
FNH:10
FNDA:3,(anonymous_0)
FNDA:6,(anonymous_1)
FNDA:2,(anonymous_2)
FNDA:0,(anonymous_3)
FNDA:7,(anonymous_4)
FNDA:3,(anonymous_5)
FNDA:2,(anonymous_6)
FNDA:0,(anonymous_7)
FNDA:4,(anonymous_8)
FNDA:0,(anonymous_9)
FNDA:3,(anonymous_10)
FNDA:3,(anonymous_11)
FNDA:2,(anonymous_12)
DA:7,3
DA:8,3
DA:9,3
DA:10,3
DA:18,3
DA:19,3
DA:20,3
DA:29,6
DA:30,4
DA:31,4
DA:32,4
DA:33,4
DA:37,2
DA:39,4
DA:53,2
DA:54,2
DA:55,2
DA:56,2
DA:57,2
DA:64,2
DA:66,0
DA:67,0
DA:82,0
DA:83,0
DA:84,0
DA:85,0
DA:86,0
DA:93,0
DA:95,0
DA:96,0
DA:108,7
DA:109,7
DA:110,5
DA:111,2
DA:113,3
DA:114,1
DA:116,2
DA:118,5
DA:119,2
DA:120,2
DA:130,3
DA:131,3
DA:132,1
DA:133,1
DA:135,2
DA:136,2
DA:138,0
DA:139,0
DA:153,2
DA:154,2
DA:155,2
DA:156,2
DA:157,2
DA:158,2
DA:168,0
DA:169,0
DA:183,0
DA:184,0
DA:185,0
DA:186,0
DA:187,0
DA:188,0
DA:198,0
DA:199,0
DA:210,4
DA:212,4
DA:213,4
DA:216,4
DA:217,4
DA:218,4
DA:219,4
DA:220,4
DA:221,1
DA:222,1
DA:225,0
DA:230,4
DA:232,3
DA:233,3
DA:234,3
DA:235,2
DA:243,2
DA:244,1
DA:245,0
DA:249,1
DA:250,0
DA:251,1
DA:252,0
DA:257,2
DA:273,2
DA:278,2
DA:281,2
DA:283,2
DA:284,2
DA:287,2
DA:289,2
DA:290,0
DA:291,0
DA:302,0
DA:304,0
DA:305,0
DA:306,0
DA:310,0
DA:311,0
DA:312,0
DA:317,0
DA:318,0
DA:321,0
DA:322,0
DA:324,0
DA:325,0
DA:327,0
DA:329,0
DA:330,0
DA:331,0
DA:344,3
DA:346,3
DA:347,3
DA:350,3
DA:356,3
DA:357,3
DA:358,2
DA:359,2
DA:360,2
DA:369,1
DA:381,1
DA:386,1
DA:388,1
DA:389,1
DA:390,1
DA:392,2
DA:394,2
DA:395,0
DA:396,0
DA:407,3
DA:409,3
DA:410,3
DA:413,3
DA:416,3
DA:418,1
DA:419,1
DA:420,1
DA:422,2
DA:424,2
DA:425,2
DA:426,2
DA:439,2
DA:440,0
DA:445,2
DA:446,2
DA:447,2
DA:452,3
DA:453,3
LF:152
LH:104
BRDA:29,0,0,2
BRDA:29,0,1,4
BRDA:33,1,0,2
BRDA:33,1,1,2
BRDA:34,2,0,4
BRDA:34,2,1,3
BRDA:34,2,2,3
BRDA:39,3,0,1
BRDA:39,3,1,3
BRDA:52,4,0,1
BRDA:52,5,0,1
BRDA:52,6,0,1
BRDA:55,7,0,2
BRDA:55,7,1,1
BRDA:81,8,0,0
BRDA:81,9,0,0
BRDA:81,10,0,0
BRDA:84,11,0,0
BRDA:84,11,1,0
BRDA:107,12,0,5
BRDA:110,13,0,2
BRDA:110,13,1,3
BRDA:113,14,0,1
BRDA:113,14,1,2
BRDA:113,15,0,3
BRDA:113,15,1,2
BRDA:118,16,0,3
BRDA:118,16,1,2
BRDA:131,17,0,1
BRDA:131,17,1,2
BRDA:136,18,0,1
BRDA:136,18,1,1
BRDA:136,19,0,2
BRDA:136,19,1,2
BRDA:152,20,0,1
BRDA:152,21,0,1
BRDA:152,22,0,2
BRDA:159,23,0,2
BRDA:159,23,1,1
BRDA:164,24,0,2
BRDA:164,24,1,1
BRDA:182,25,0,0
BRDA:182,26,0,0
BRDA:182,27,0,0
BRDA:189,28,0,0
BRDA:189,28,1,0
BRDA:194,29,0,0
BRDA:194,29,1,0
BRDA:216,30,0,4
BRDA:216,30,1,0
BRDA:216,31,0,4
BRDA:216,31,1,4
BRDA:220,32,0,1
BRDA:220,32,1,3
BRDA:230,33,0,3
BRDA:230,33,1,1
BRDA:230,34,0,4
BRDA:230,34,1,3
BRDA:230,34,2,0
BRDA:232,35,0,3
BRDA:232,35,1,0
BRDA:234,36,0,2
BRDA:234,36,1,1
BRDA:243,37,0,1
BRDA:243,37,1,1
BRDA:244,38,0,0
BRDA:244,38,1,1
BRDA:249,39,0,0
BRDA:249,39,1,1
BRDA:249,40,0,1
BRDA:249,40,1,0
BRDA:251,41,0,0
BRDA:251,41,1,1
BRDA:251,42,0,1
BRDA:251,42,1,1
BRDA:273,43,0,1
BRDA:273,43,1,1
BRDA:289,44,0,2
BRDA:289,44,1,0
BRDA:305,45,0,0
BRDA:305,45,1,0
BRDA:311,46,0,0
BRDA:311,46,1,0
BRDA:317,47,0,0
BRDA:317,47,1,0
BRDA:329,48,0,0
BRDA:329,48,1,0
BRDA:356,49,0,3
BRDA:356,49,1,0
BRDA:356,50,0,3
BRDA:356,50,1,3
BRDA:357,51,0,2
BRDA:357,51,1,1
BRDA:359,52,0,2
BRDA:359,52,1,0
BRDA:359,53,0,2
BRDA:359,53,1,2
BRDA:381,54,0,1
BRDA:381,54,1,0
BRDA:394,55,0,2
BRDA:394,55,1,0
BRDA:424,56,0,0
BRDA:424,56,1,2
BRDA:439,57,0,0
BRDA:439,57,1,2
BRDA:445,58,0,2
BRDA:445,58,1,0
BRDA:446,59,0,2
BRDA:446,59,1,0
BRF:109
BRH:73
end_of_record
TN:
SF:services/authService.js
FN:8,(anonymous_0)
FN:85,(anonymous_1)
FN:104,(anonymous_2)
FN:141,(anonymous_3)
FN:175,(anonymous_4)
FN:198,(anonymous_5)
FN:203,(anonymous_6)
FN:229,(anonymous_7)
FNF:8
FNH:6
FNDA:4,(anonymous_0)
FNDA:0,(anonymous_1)
FNDA:4,(anonymous_2)
FNDA:2,(anonymous_3)
FNDA:1,(anonymous_4)
FNDA:0,(anonymous_5)
FNDA:3,(anonymous_6)
FNDA:2,(anonymous_7)
DA:1,3
DA:2,3
DA:3,3
DA:4,3
DA:5,3
DA:9,4
DA:10,4
DA:13,4
DA:14,4
DA:15,1
DA:19,3
DA:20,2
DA:21,2
DA:22,1
DA:27,2
DA:28,2
DA:31,2
DA:34,2
DA:35,2
DA:37,2
DA:40,2
DA:41,1
DA:42,1
DA:43,1
DA:44,1
DA:45,1
DA:49,2
DA:50,2
DA:51,1
DA:53,1
DA:60,1
DA:61,1
DA:65,2
DA:66,1
DA:67,1
DA:68,1
DA:69,1
DA:71,0
DA:77,2
DA:78,2
DA:79,1
DA:83,2
DA:85,1
DA:87,1
DA:88,1
DA:93,2
DA:95,2
DA:105,4
DA:107,4
DA:109,4
DA:110,4
DA:112,4
DA:113,1
DA:114,1
DA:117,3
DA:120,3
DA:121,3
DA:123,3
DA:124,1
DA:125,1
DA:128,2
DA:131,2
DA:132,2
DA:133,2
DA:135,2
DA:137,2
DA:138,1
DA:141,2
DA:146,1
DA:148,1
DA:149,1
DA:153,2
DA:154,2
DA:155,2
DA:158,2
DA:159,2
DA:161,2
DA:162,2
DA:169,2
DA:170,2
DA:176,1
DA:182,1
DA:188,1
DA:194,1
DA:199,0
DA:204,3
DA:206,3
DA:211,2
DA:212,2
DA:215,2
DA:216,2
DA:217,1
DA:221,1
DA:223,1
DA:225,2
DA:230,2
DA:231,2
DA:232,1
DA:236,1
DA:239,1
DA:240,1
DA:242,1
DA:249,3
LF:103
LH:101
BRDA:8,0,0,1
BRDA:8,1,0,1
BRDA:8,2,0,3
BRDA:8,3,0,3
BRDA:14,4,0,1
BRDA:14,4,1,3
BRDA:19,5,0,2
BRDA:19,5,1,1
BRDA:19,6,0,3
BRDA:19,6,1,2
BRDA:21,7,0,1
BRDA:21,7,1,1
BRDA:40,8,0,1
BRDA:40,8,1,1
BRDA:40,9,0,2
BRDA:40,9,1,1
BRDA:50,10,0,1
BRDA:50,10,1,1
BRDA:50,11,0,2
BRDA:50,11,1,1
BRDA:65,12,0,1
BRDA:65,12,1,1
BRDA:78,13,0,1
BRDA:78,13,1,1
BRDA:83,14,0,1
BRDA:83,14,1,1
BRDA:85,15,0,0
BRDA:85,15,1,0
BRDA:87,16,0,1
BRDA:87,16,1,0
BRDA:112,17,0,1
BRDA:112,17,1,3
BRDA:123,18,0,1
BRDA:123,18,1,2
BRDA:175,19,0,0
BRDA:184,20,0,1
BRDA:184,20,1,1
BRDA:185,21,0,1
BRDA:185,21,1,1
BRDA:190,22,0,1
BRDA:190,22,1,1
BRDA:191,23,0,1
BRDA:191,23,1,1
BRDA:208,24,0,3
BRDA:208,24,1,3
BRDA:212,25,0,2
BRDA:212,25,1,0
BRDA:216,26,0,1
BRDA:216,26,1,1
BRDA:231,27,0,1
BRDA:231,27,1,1
BRF:51
BRH:46
end_of_record
TN:
SF:services/bullService.js
FN:14,(anonymous_0)
FN:72,(anonymous_1)
FN:87,(anonymous_2)
FN:124,(anonymous_3)
FN:159,(anonymous_4)
FN:199,(anonymous_5)
FN:229,(anonymous_6)
FN:254,(anonymous_7)
FN:278,(anonymous_8)
FN:303,(anonymous_9)
FNF:10
FNH:0
FNDA:0,(anonymous_0)
FNDA:0,(anonymous_1)
FNDA:0,(anonymous_2)
FNDA:0,(anonymous_3)
FNDA:0,(anonymous_4)
FNDA:0,(anonymous_5)
FNDA:0,(anonymous_6)
FNDA:0,(anonymous_7)
FNDA:0,(anonymous_8)
FNDA:0,(anonymous_9)
DA:1,0
DA:2,0
DA:15,0
DA:17,0
DA:19,0
DA:20,0
DA:23,0
DA:24,0
DA:36,0
DA:37,0
DA:41,0
DA:42,0
DA:50,0
DA:52,0
DA:54,0
DA:73,0
DA:74,0
DA:75,0
DA:77,0
DA:88,0
DA:89,0
DA:90,0
DA:91,0
DA:92,0
DA:94,0
DA:104,0
DA:105,0
DA:125,0
DA:126,0
DA:127,0
DA:128,0
DA:129,0
DA:131,0
DA:141,0
DA:142,0
DA:160,0
DA:162,0
DA:163,0
DA:166,0
DA:167,0
DA:168,0
DA:172,0
DA:173,0
DA:177,0
DA:178,0
DA:181,0
DA:182,0
DA:185,0
DA:186,0
DA:188,0
DA:189,0
DA:200,0
DA:202,0
DA:205,0
DA:206,0
DA:207,0
DA:208,0
DA:212,0
DA:213,0
DA:216,0
DA:217,0
DA:219,0
DA:220,0
DA:230,0
DA:232,0
DA:234,0
DA:235,0
DA:236,0
DA:238,0
DA:241,0
DA:242,0
DA:244,0
DA:245,0
DA:255,0
DA:257,0
DA:259,0
DA:260,0
DA:263,0
DA:264,0
DA:266,0
DA:267,0
DA:279,0
DA:281,0
DA:283,0
DA:284,0
DA:285,0
DA:288,0
DA:289,0
DA:291,0
DA:292,0
DA:304,0
DA:306,0
DA:308,0
DA:309,0
DA:310,0
DA:313,0
DA:314,0
DA:316,0
DA:317,0
DA:322,0
LF:100
LH:0
BRDA:14,0,0,0
BRDA:14,1,0,0
BRDA:14,2,0,0
BRDA:14,3,0,0
BRDA:17,4,0,0
BRDA:17,4,1,0
BRDA:23,5,0,0
BRDA:23,5,1,0
BRDA:36,6,0,0
BRDA:36,6,1,0
BRDA:41,7,0,0
BRDA:41,7,1,0
BRDA:74,8,0,0
BRDA:74,8,1,0
BRDA:87,9,0,0
BRDA:87,10,0,0
BRDA:95,11,0,0
BRDA:95,11,1,0
BRDA:124,12,0,0
BRDA:124,13,0,0
BRDA:132,14,0,0
BRDA:132,14,1,0
BRDA:162,15,0,0
BRDA:162,15,1,0
BRDA:167,16,0,0
BRDA:167,16,1,0
BRDA:172,17,0,0
BRDA:172,17,1,0
BRDA:177,18,0,0
BRDA:177,18,1,0
BRDA:185,19,0,0
BRDA:185,19,1,0
BRDA:205,20,0,0
BRDA:205,20,1,0
BRDA:207,21,0,0
BRDA:207,21,1,0
BRDA:216,22,0,0
BRDA:216,22,1,0
BRDA:235,23,0,0
BRDA:235,23,1,0
BRDA:241,24,0,0
BRDA:241,24,1,0
BRDA:263,25,0,0
BRDA:263,25,1,0
BRDA:278,26,0,0
BRDA:278,27,0,0
BRDA:288,28,0,0
BRDA:288,28,1,0
BRDA:303,29,0,0
BRDA:303,30,0,0
BRDA:313,31,0,0
BRDA:313,31,1,0
BRF:52
BRH:0
end_of_record
TN:
SF:services/inseminationService.js
FN:6,(anonymous_0)
FN:14,(anonymous_1)
FN:30,(anonymous_2)
FN:47,(anonymous_3)
FN:65,(anonymous_4)
FN:83,(anonymous_5)
FNF:6
FNH:0
FNDA:0,(anonymous_0)
FNDA:0,(anonymous_1)
FNDA:0,(anonymous_2)
FNDA:0,(anonymous_3)
FNDA:0,(anonymous_4)
FNDA:0,(anonymous_5)
DA:1,0
DA:2,0
DA:3,0
DA:7,0
DA:8,0
DA:9,0
DA:11,0
DA:16,0
DA:17,0
DA:18,0
DA:21,0
DA:22,0
DA:24,0
DA:31,0
DA:33,0
DA:34,0
DA:36,0
DA:49,0
DA:50,0
DA:51,0
DA:55,0
DA:56,0
DA:57,0
DA:58,0
DA:62,0
DA:67,0
DA:68,0
DA:69,0
DA:73,0
DA:74,0
DA:75,0
DA:76,0
DA:80,0
DA:84,0
DA:85,0
DA:86,0
DA:89,0
DA:90,0
DA:94,0
LF:39
LH:0
BRDA:8,0,0,0
BRDA:8,0,1,0
BRDA:14,1,0,0
BRDA:14,2,0,0
BRDA:17,3,0,0
BRDA:17,3,1,0
BRDA:30,4,0,0
BRDA:30,5,0,0
BRDA:30,6,0,0
BRDA:50,7,0,0
BRDA:50,7,1,0
BRDA:55,8,0,0
BRDA:55,8,1,0
BRDA:57,9,0,0
BRDA:57,9,1,0
BRDA:68,10,0,0
BRDA:68,10,1,0
BRDA:73,11,0,0
BRDA:73,11,1,0
BRDA:75,12,0,0
BRDA:75,12,1,0
BRDA:85,13,0,0
BRDA:85,13,1,0
BRF:23
BRH:0
end_of_record
TN:
SF:services/keyService.js
FN:4,(anonymous_0)
FN:12,(anonymous_1)
FNF:2
FNH:0
FNDA:0,(anonymous_0)
FNDA:0,(anonymous_1)
DA:1,0
DA:5,0
DA:6,0
DA:7,0
DA:9,0
DA:13,0
DA:15,0
DA:16,0
DA:18,0
DA:19,0
DA:24,0
LF:11
LH:0
BRDA:6,0,0,0
BRDA:6,0,1,0
BRDA:15,1,0,0
BRDA:15,1,1,0
BRF:4
BRH:0
end_of_record
TN:
SF:services/organizationService.js
FN:4,(anonymous_0)
FN:12,(anonymous_1)
FN:22,(anonymous_2)
FN:33,(anonymous_3)
FN:37,(anonymous_4)
FNF:5
FNH:5
FNDA:2,(anonymous_0)
FNDA:1,(anonymous_1)
FNDA:2,(anonymous_2)
FNDA:1,(anonymous_3)
FNDA:4,(anonymous_4)
DA:1,1
DA:5,2
DA:6,2
DA:7,1
DA:9,1
DA:14,1
DA:17,1
DA:19,1
DA:24,2
DA:25,2
DA:26,1
DA:30,1
DA:34,1
DA:38,4
DA:40,4
DA:41,1
DA:44,3
DA:45,1
DA:48,2
DA:52,1
LF:20
LH:20
BRDA:6,0,0,1
BRDA:6,0,1,1
BRDA:22,1,0,1
BRDA:25,2,0,1
BRDA:25,2,1,1
BRDA:37,3,0,1
BRDA:40,4,0,1
BRDA:40,4,1,3
BRDA:44,5,0,1
BRDA:44,5,1,2
BRDA:44,6,0,3
BRDA:44,6,1,3
BRDA:44,6,2,2
BRF:13
BRH:13
end_of_record
TN:
SF:services/semenProviderService.js
FN:19,(anonymous_0)
FN:65,(anonymous_1)
FN:108,(anonymous_2)
FN:123,(anonymous_3)
FN:161,(anonymous_4)
FN:197,(anonymous_5)
FN:233,(anonymous_6)
FN:274,(anonymous_7)
FN:323,(anonymous_8)
FN:352,(anonymous_9)
FNF:10
FNH:0
FNDA:0,(anonymous_0)
FNDA:0,(anonymous_1)
FNDA:0,(anonymous_2)
FNDA:0,(anonymous_3)
FNDA:0,(anonymous_4)
FNDA:0,(anonymous_5)
FNDA:0,(anonymous_6)
FNDA:0,(anonymous_7)
FNDA:0,(anonymous_8)
FNDA:0,(anonymous_9)
DA:7,0
DA:8,0
DA:20,0
DA:22,0
DA:24,0
DA:25,0
DA:28,0
DA:29,0
DA:40,0
DA:42,0
DA:44,0
DA:66,0
DA:68,0
DA:70,0
DA:71,0
DA:74,0
DA:75,0
DA:86,0
DA:88,0
DA:90,0
DA:109,0
DA:110,0
DA:111,0
DA:113,0
DA:124,0
DA:125,0
DA:126,0
DA:127,0
DA:128,0
DA:130,0
DA:140,0
DA:141,0
DA:162,0
DA:163,0
DA:164,0
DA:165,0
DA:166,0
DA:168,0
DA:178,0
DA:179,0
DA:198,0
DA:199,0
DA:200,0
DA:201,0
DA:202,0
DA:204,0
DA:214,0
DA:215,0
DA:234,0
DA:236,0
DA:241,0
DA:242,0
DA:246,0
DA:247,0
DA:250,0
DA:251,0
DA:252,0
DA:255,0
DA:257,0
DA:259,0
DA:260,0
DA:263,0
DA:275,0
DA:277,0
DA:278,0
DA:279,0
DA:283,0
DA:284,0
DA:290,0
DA:291,0
DA:296,0
DA:297,0
DA:300,0
DA:301,0
DA:302,0
DA:305,0
DA:307,0
DA:309,0
DA:310,0
DA:313,0
DA:324,0
DA:325,0
DA:326,0
DA:327,0
DA:329,0
DA:331,0
DA:334,0
DA:335,0
DA:338,0
DA:339,0
DA:342,0
DA:353,0
DA:357,0
LF:93
LH:0
BRDA:19,0,0,0
BRDA:19,1,0,0
BRDA:22,2,0,0
BRDA:22,2,1,0
BRDA:28,3,0,0
BRDA:28,3,1,0
BRDA:65,4,0,0
BRDA:65,5,0,0
BRDA:65,6,0,0
BRDA:68,7,0,0
BRDA:68,7,1,0
BRDA:74,8,0,0
BRDA:74,8,1,0
BRDA:110,9,0,0
BRDA:110,9,1,0
BRDA:123,10,0,0
BRDA:123,11,0,0
BRDA:131,12,0,0
BRDA:131,12,1,0
BRDA:134,13,0,0
BRDA:134,13,1,0
BRDA:161,14,0,0
BRDA:161,15,0,0
BRDA:161,16,0,0
BRDA:169,17,0,0
BRDA:169,17,1,0
BRDA:172,18,0,0
BRDA:172,18,1,0
BRDA:197,19,0,0
BRDA:197,20,0,0
BRDA:205,21,0,0
BRDA:205,21,1,0
BRDA:208,22,0,0
BRDA:208,22,1,0
BRDA:241,23,0,0
BRDA:241,23,1,0
BRDA:246,24,0,0
BRDA:246,24,1,0
BRDA:251,25,0,0
BRDA:251,25,1,0
BRDA:259,26,0,0
BRDA:259,26,1,0
BRDA:278,27,0,0
BRDA:278,27,1,0
BRDA:283,28,0,0
BRDA:283,28,1,0
BRDA:283,29,0,0
BRDA:283,29,1,0
BRDA:290,30,0,0
BRDA:290,30,1,0
BRDA:296,31,0,0
BRDA:296,31,1,0
BRDA:301,32,0,0
BRDA:301,32,1,0
BRDA:309,33,0,0
BRDA:309,33,1,0
BRDA:326,34,0,0
BRDA:326,34,1,0
BRDA:334,35,0,0
BRDA:334,35,1,0
BRDA:334,36,0,0
BRDA:334,36,1,0
BRDA:338,37,0,0
BRDA:338,37,1,0
BRF:64
BRH:0
end_of_record
TN:
SF:services/userService.js
FN:6,(anonymous_0)
FN:21,(anonymous_1)
FN:33,(anonymous_2)
FN:58,(anonymous_3)
FNF:4
FNH:4
FNDA:2,(anonymous_0)
FNDA:2,(anonymous_1)
FNDA:3,(anonymous_2)
FNDA:2,(anonymous_3)
DA:1,1
DA:2,1
DA:3,1
DA:7,2
DA:8,2
DA:9,1
DA:13,1
DA:15,1
DA:23,2
DA:24,2
DA:25,1
DA:29,1
DA:30,1
DA:35,3
DA:36,3
DA:37,1
DA:41,2
DA:42,2
DA:43,1
DA:47,1
DA:48,1
DA:55,1
DA:59,2
DA:60,1
DA:63,1
DA:67,1
LF:26
LH:26
BRDA:8,0,0,1
BRDA:8,0,1,1
BRDA:24,1,0,1
BRDA:24,1,1,1
BRDA:36,2,0,1
BRDA:36,2,1,2
BRDA:42,3,0,1
BRDA:42,3,1,1
BRDA:59,4,0,1
BRDA:59,4,1,1
BRF:10
BRH:10
end_of_record
TN:
SF:services/visitService.js
FN:5,(anonymous_0)
FN:13,(anonymous_1)
FN:35,(anonymous_2)
FN:57,(anonymous_3)
FN:83,(anonymous_4)
FN:109,(anonymous_5)
FNF:6
FNH:0
FNDA:0,(anonymous_0)
FNDA:0,(anonymous_1)
FNDA:0,(anonymous_2)
FNDA:0,(anonymous_3)
FNDA:0,(anonymous_4)
FNDA:0,(anonymous_5)
DA:1,0
DA:2,0
DA:6,0
DA:7,0
DA:8,0
DA:10,0
DA:15,0
DA:16,0
DA:17,0
DA:20,0
DA:21,0
DA:22,0
DA:24,0
DA:37,0
DA:38,0
DA:39,0
DA:42,0
DA:43,0
DA:44,0
DA:46,0
DA:59,0
DA:60,0
DA:61,0
DA:65,0
DA:66,0
DA:67,0
DA:68,0
DA:73,0
DA:74,0
DA:75,0
DA:76,0
DA:80,0
DA:85,0
DA:86,0
DA:87,0
DA:91,0
DA:92,0
DA:93,0
DA:94,0
DA:99,0
DA:100,0
DA:101,0
DA:102,0
DA:106,0
DA:110,0
DA:111,0
DA:112,0
DA:115,0
DA:116,0
DA:120,0
LF:50
LH:0
BRDA:7,0,0,0
BRDA:7,0,1,0
BRDA:13,1,0,0
BRDA:13,2,0,0
BRDA:16,3,0,0
BRDA:16,3,1,0
BRDA:35,4,0,0
BRDA:35,5,0,0
BRDA:38,6,0,0
BRDA:38,6,1,0
BRDA:60,7,0,0
BRDA:60,7,1,0
BRDA:65,8,0,0
BRDA:65,8,1,0
BRDA:67,9,0,0
BRDA:67,9,1,0
BRDA:73,10,0,0
BRDA:73,10,1,0
BRDA:75,11,0,0
BRDA:75,11,1,0
BRDA:86,12,0,0
BRDA:86,12,1,0
BRDA:91,13,0,0
BRDA:91,13,1,0
BRDA:93,14,0,0
BRDA:93,14,1,0
BRDA:99,15,0,0
BRDA:99,15,1,0
BRDA:101,16,0,0
BRDA:101,16,1,0
BRDA:111,17,0,0
BRDA:111,17,1,0
BRF:32
BRH:0
end_of_record
TN:
SF:utils/testApi.js
FN:7,(anonymous_0)
FN:29,(anonymous_1)
FN:46,(anonymous_2)
FN:68,(anonymous_3)
FNF:4
FNH:0
FNDA:0,(anonymous_0)
FNDA:0,(anonymous_1)
FNDA:0,(anonymous_2)
FNDA:0,(anonymous_3)
DA:1,0
DA:3,0
DA:4,0
DA:7,0
DA:8,0
DA:9,0
DA:20,0
DA:21,0
DA:23,0
DA:24,0
DA:29,0
DA:30,0
DA:31,0
DA:36,0
DA:37,0
DA:38,0
DA:40,0
DA:41,0
DA:46,0
DA:47,0
DA:48,0
DA:49,0
DA:50,0
DA:53,0
DA:59,0
DA:60,0
DA:62,0
DA:63,0
DA:68,0
DA:69,0
DA:72,0
DA:75,0
DA:76,0
DA:77,0
DA:78,0
DA:81,0
DA:82,0
DA:85,0
DA:89,0
LF:39
LH:0
BRDA:23,0,0,0
BRDA:23,0,1,0
BRDA:40,1,0,0
BRDA:40,1,1,0
BRDA:48,2,0,0
BRDA:48,2,1,0
BRDA:62,3,0,0
BRDA:62,3,1,0
BRDA:75,4,0,0
BRDA:75,4,1,0
BRDA:81,5,0,0
BRDA:81,5,1,0
BRF:12
BRH:0
end_of_record
