TN:
SF:middleware/authMiddleware.ts
FN:14,(anonymous_7)
FN:74,(anonymous_8)
FN:95,(anonymous_9)
FN:112,(anonymous_10)
FN:114,(anonymous_11)
FN:120,(anonymous_12)
FNF:6
FNH:6
FNDA:5,(anonymous_7)
FNDA:9,(anonymous_8)
FNDA:9,(anonymous_9)
FNDA:14,(anonymous_10)
FNDA:13,(anonymous_11)
FNDA:3,(anonymous_12)
DA:2,1
DA:3,1
DA:14,1
DA:15,5
DA:17,5
DA:18,5
DA:19,1
DA:25,4
DA:28,4
DA:29,4
DA:35,2
DA:38,2
DA:40,2
DA:41,1
DA:46,1
DA:53,2
DA:54,2
DA:55,1
DA:62,1
DA:63,1
DA:68,1
DA:70,0
DA:74,1
DA:75,9
DA:77,9
DA:81,9
DA:82,1
DA:86,8
DA:87,1
DA:94,7
DA:95,9
DA:98,7
DA:99,1
DA:106,6
DA:107,6
DA:109,6
DA:112,14
DA:113,2
DA:114,13
DA:115,1
DA:119,6
DA:120,3
DA:121,3
DA:126,3
DA:127,1
DA:135,5
DA:137,5
DA:139,0
DA:140,0
LF:49
LH:46
BRDA:18,0,0,1
BRDA:18,1,0,5
BRDA:18,1,1,4
BRDA:31,2,0,4
BRDA:31,2,1,4
BRDA:38,3,0,2
BRDA:38,3,1,1
BRDA:40,4,0,1
BRDA:54,5,0,1
BRDA:77,6,0,9
BRDA:77,6,1,3
BRDA:77,6,2,2
BRDA:81,7,0,1
BRDA:86,8,0,1
BRDA:86,9,0,8
BRDA:86,9,1,8
BRDA:95,10,0,9
BRDA:95,10,1,3
BRDA:98,11,0,1
BRDA:112,12,0,2
BRDA:112,12,1,4
BRDA:114,13,0,1
BRDA:119,14,0,3
BRDA:121,15,0,3
BRDA:121,15,1,0
BRDA:121,15,2,3
BRDA:121,15,3,3
BRDA:126,16,0,1
BRF:28
BRH:27
end_of_record
TN:
SF:middleware/errorHandler.ts
FN:22,(anonymous_1)
FN:31,(anonymous_2)
FN:54,(anonymous_3)
FN:93,(anonymous_4)
FNF:4
FNH:0
FNDA:0,(anonymous_1)
FNDA:0,(anonymous_2)
FNDA:0,(anonymous_3)
FNDA:0,(anonymous_4)
DA:2,1
DA:5,1
DA:18,1
DA:23,0
DA:24,0
DA:25,0
DA:26,0
DA:31,1
DA:38,0
DA:39,0
DA:42,0
DA:51,0
DA:52,0
DA:54,0
DA:59,0
DA:60,0
DA:67,0
DA:68,0
DA:76,0
DA:78,0
DA:79,0
DA:83,0
DA:93,1
DA:98,0
DA:99,0
LF:25
LH:5
BRDA:38,0,0,0
BRDA:38,0,1,0
BRDA:39,1,0,0
BRDA:39,1,1,0
BRDA:43,2,0,0
BRDA:43,2,1,0
BRDA:44,3,0,0
BRDA:44,3,1,0
BRDA:51,4,0,0
BRDA:51,5,0,0
BRDA:51,5,1,0
BRDA:51,5,2,0
BRDA:51,5,3,0
BRDA:51,5,4,0
BRDA:59,6,0,0
BRDA:59,7,0,0
BRDA:59,7,1,0
BRDA:67,8,0,0
BRDA:78,9,0,0
BRDA:78,10,0,0
BRDA:78,10,1,0
BRDA:86,11,0,0
BRDA:86,11,1,0
BRDA:86,11,2,0
BRF:24
BRH:0
end_of_record
TN:
SF:middleware/moduleMiddleware.ts
FN:15,(anonymous_6)
FN:16,(anonymous_7)
FN:54,(anonymous_8)
FN:55,(anonymous_9)
FN:96,(anonymous_10)
FN:97,(anonymous_11)
FN:132,(anonymous_12)
FN:169,(anonymous_13)
FN:170,(anonymous_14)
FN:174,(anonymous_15)
FN:192,(anonymous_16)
FN:193,(anonymous_17)
FN:196,(anonymous_18)
FNF:13
FNH:0
FNDA:0,(anonymous_6)
FNDA:0,(anonymous_7)
FNDA:0,(anonymous_8)
FNDA:0,(anonymous_9)
FNDA:0,(anonymous_10)
FNDA:0,(anonymous_11)
FNDA:0,(anonymous_12)
FNDA:0,(anonymous_13)
FNDA:0,(anonymous_14)
FNDA:0,(anonymous_15)
FNDA:0,(anonymous_16)
FNDA:0,(anonymous_17)
FNDA:0,(anonymous_18)
DA:8,0
DA:9,0
DA:15,0
DA:16,0
DA:17,0
DA:19,0
DA:20,0
DA:27,0
DA:31,0
DA:32,0
DA:39,0
DA:42,0
DA:53,0
DA:54,0
DA:55,0
DA:58,0
DA:76,0
DA:84,0
DA:94,0
DA:95,0
DA:96,0
DA:97,0
DA:99,0
DA:101,0
DA:119,0
DA:128,0
DA:131,0
DA:132,0
DA:133,0
DA:134,0
DA:139,0
DA:156,0
DA:158,0
DA:159,0
DA:169,0
DA:170,0
DA:171,0
DA:173,0
DA:174,0
DA:175,0
DA:178,0
DA:181,0
DA:182,0
DA:192,0
DA:193,0
DA:194,0
DA:196,0
DA:197,0
DA:200,0
DA:206,0
DA:209,0
DA:215,0
DA:216,0
LF:53
LH:0
BRDA:19,0,0,0
BRDA:19,1,0,0
BRDA:19,1,1,0
BRDA:27,2,0,0
BRDA:27,2,1,0
BRDA:27,2,2,0
BRDA:31,3,0,0
BRDA:39,4,0,0
BRDA:39,4,1,0
BRDA:53,5,0,0
BRDA:94,6,0,0
BRDA:99,7,0,0
BRDA:131,8,0,0
BRDA:133,9,0,0
BRDA:133,9,1,0
BRDA:175,10,0,0
BRDA:197,11,0,0
BRDA:200,12,0,0
BRDA:200,13,0,0
BRDA:200,13,1,0
BRDA:200,13,2,0
BRF:21
BRH:0
end_of_record
TN:
SF:middleware/rateLimiter.ts
FNF:0
FNH:0
DA:1,0
DA:16,0
DA:28,0
LF:3
LH:0
BRF:0
BRH:0
end_of_record
TN:
SF:middleware/resourceAccessMiddleware.ts
FN:27,(anonymous_6)
FN:28,(anonymous_7)
FN:65,(anonymous_8)
FN:275,getLastUrlParam
FNF:4
FNH:0
FNDA:0,(anonymous_6)
FNDA:0,(anonymous_7)
FNDA:0,(anonymous_8)
FNDA:0,getLastUrlParam
DA:8,0
DA:9,0
DA:27,0
DA:28,0
DA:29,0
DA:31,0
DA:32,0
DA:39,0
DA:40,0
DA:41,0
DA:42,0
DA:46,0
DA:47,0
DA:52,0
DA:53,0
DA:54,0
DA:61,0
DA:62,0
DA:64,0
DA:65,0
DA:66,0
DA:67,0
DA:68,0
DA:72,0
DA:73,0
DA:74,0
DA:81,0
DA:82,0
DA:85,0
DA:86,0
DA:94,0
DA:98,0
DA:99,0
DA:106,0
DA:108,0
DA:110,0
DA:111,0
DA:114,0
DA:115,0
DA:121,0
DA:124,0
DA:126,0
DA:127,0
DA:128,0
DA:133,0
DA:135,0
DA:136,0
DA:137,0
DA:146,0
DA:148,0
DA:149,0
DA:154,0
DA:156,0
DA:162,0
DA:163,0
DA:164,0
DA:170,0
DA:171,0
DA:174,0
DA:181,0
DA:182,0
DA:183,0
DA:190,0
DA:192,0
DA:193,0
DA:199,0
DA:201,0
DA:202,0
DA:206,0
DA:207,0
DA:208,0
DA:209,0
DA:212,0
DA:213,0
DA:214,0
DA:215,0
DA:218,0
DA:219,0
DA:220,0
DA:221,0
DA:224,0
DA:225,0
DA:226,0
DA:227,0
DA:230,0
DA:231,0
DA:238,0
DA:239,0
DA:240,0
DA:245,0
DA:246,0
DA:247,0
DA:253,0
DA:254,0
DA:259,0
DA:260,0
DA:262,0
DA:264,0
DA:265,0
DA:276,0
DA:277,0
DA:279,0
DA:282,0
DA:283,0
DA:284,0
DA:287,0
LF:106
LH:0
BRDA:27,0,0,0
BRDA:31,1,0,0
BRDA:31,2,0,0
BRDA:31,2,1,0
BRDA:40,3,0,0
BRDA:46,4,0,0
BRDA:46,4,1,0
BRDA:47,5,0,0
BRDA:47,5,1,0
BRDA:47,5,2,0
BRDA:47,5,3,0
BRDA:50,6,0,0
BRDA:50,6,1,0
BRDA:50,7,0,0
BRDA:50,7,1,0
BRDA:52,8,0,0
BRDA:64,9,0,0
BRDA:66,10,0,0
BRDA:68,11,0,0
BRDA:68,11,1,0
BRDA:72,12,0,0
BRDA:81,13,0,0
BRDA:81,13,1,0
BRDA:82,14,0,0
BRDA:82,14,1,0
BRDA:85,15,0,0
BRDA:94,16,0,0
BRDA:94,16,1,0
BRDA:94,16,2,0
BRDA:94,16,3,0
BRDA:94,16,4,0
BRDA:94,16,5,0
BRDA:94,16,6,0
BRDA:94,16,7,0
BRDA:106,17,0,0
BRDA:108,18,0,0
BRDA:108,19,0,0
BRDA:108,19,1,0
BRDA:124,20,0,0
BRDA:124,20,1,0
BRDA:124,21,0,0
BRDA:124,21,1,0
BRDA:126,22,0,0
BRDA:133,23,0,0
BRDA:133,24,0,0
BRDA:133,24,1,0
BRDA:135,25,0,0
BRDA:162,26,0,0
BRDA:181,27,0,0
BRDA:181,28,0,0
BRDA:181,28,1,0
BRDA:190,29,0,0
BRDA:190,30,0,0
BRDA:190,30,1,0
BRDA:190,30,2,0
BRDA:238,31,0,0
BRDA:238,32,0,0
BRDA:238,32,1,0
BRDA:238,32,2,0
BRDA:245,33,0,0
BRDA:276,34,0,0
BRDA:276,34,1,0
BRDA:276,35,0,0
BRDA:276,35,1,0
BRDA:277,36,0,0
BRDA:283,37,0,0
BRF:66
BRH:0
end_of_record
TN:
SF:middleware/roleMiddleware.ts
FN:9,(anonymous_0)
FN:10,(anonymous_1)
FN:42,(anonymous_2)
FN:77,(anonymous_3)
FN:78,(anonymous_4)
FN:104,(anonymous_5)
FN:116,(anonymous_6)
FNF:7
FNH:0
FNDA:0,(anonymous_0)
FNDA:0,(anonymous_1)
FNDA:0,(anonymous_2)
FNDA:0,(anonymous_3)
FNDA:0,(anonymous_4)
FNDA:0,(anonymous_5)
FNDA:0,(anonymous_6)
DA:2,0
DA:9,0
DA:10,0
DA:11,0
DA:13,0
DA:14,0
DA:21,0
DA:26,0
DA:27,0
DA:34,0
DA:35,0
DA:39,0
DA:42,0
DA:43,0
DA:47,0
DA:48,0
DA:55,0
DA:56,0
DA:57,0
DA:64,0
DA:65,0
DA:67,0
DA:69,0
DA:77,0
DA:78,0
DA:79,0
DA:81,0
DA:82,0
DA:89,0
DA:93,0
DA:94,0
DA:101,0
DA:104,0
DA:105,0
DA:108,0
DA:109,0
DA:116,0
DA:117,0
DA:121,0
DA:122,0
DA:124,0
DA:126,0
LF:42
LH:0
BRDA:9,0,0,0
BRDA:13,1,0,0
BRDA:13,2,0,0
BRDA:13,2,1,0
BRDA:21,3,0,0
BRDA:21,3,1,0
BRDA:21,3,2,0
BRDA:26,4,0,0
BRDA:26,5,0,0
BRDA:26,5,1,0
BRDA:34,6,0,0
BRDA:39,7,0,0
BRDA:39,7,1,0
BRDA:47,8,0,0
BRDA:55,9,0,0
BRDA:55,9,1,0
BRDA:56,10,0,0
BRDA:81,11,0,0
BRDA:81,12,0,0
BRDA:81,12,1,0
BRDA:89,13,0,0
BRDA:89,13,1,0
BRDA:89,13,2,0
BRDA:93,14,0,0
BRDA:101,15,0,0
BRDA:101,15,1,0
BRDA:108,16,0,0
BRDA:121,17,0,0
BRDA:121,17,1,0
BRDA:121,18,0,0
BRDA:121,18,1,0
BRF:31
BRH:0
end_of_record
TN:
SF:middleware/validationMiddleware.ts
FN:5,(anonymous_0)
FN:90,(anonymous_1)
FN:99,(anonymous_2)
FN:112,(anonymous_3)
FN:122,(anonymous_4)
FN:217,(anonymous_5)
FNF:6
FNH:0
FNDA:0,(anonymous_0)
FNDA:0,(anonymous_1)
FNDA:0,(anonymous_2)
FNDA:0,(anonymous_3)
FNDA:0,(anonymous_4)
FNDA:0,(anonymous_5)
DA:2,0
DA:5,0
DA:6,0
DA:7,0
DA:8,0
DA:13,0
DA:17,0
DA:34,0
DA:43,0
DA:92,0
DA:93,0
DA:95,0
DA:101,0
DA:103,0
DA:104,0
DA:107,0
DA:114,0
DA:115,0
DA:117,0
DA:123,0
DA:128,0
DA:130,0
DA:135,0
DA:154,0
DA:180,0
DA:217,0
DA:218,0
DA:222,0
DA:223,0
DA:224,0
DA:225,0
DA:226,0
DA:227,0
LF:33
LH:0
BRDA:7,0,0,0
BRDA:92,1,0,0
BRDA:92,2,0,0
BRDA:92,2,1,0
BRDA:92,2,2,0
BRDA:101,3,0,0
BRDA:101,4,0,0
BRDA:101,4,1,0
BRDA:103,5,0,0
BRDA:103,6,0,0
BRDA:103,6,1,0
BRDA:114,7,0,0
BRDA:114,8,0,0
BRDA:114,8,1,0
BRDA:114,8,2,0
BRDA:123,9,0,0
BRDA:123,10,0,0
BRDA:123,10,1,0
BRDA:123,10,2,0
BRDA:123,10,3,0
BRDA:123,10,4,0
BRF:21
BRH:0
end_of_record
TN:
SF:utils/testApi.js
FN:7,(anonymous_0)
FN:29,(anonymous_1)
FN:46,(anonymous_2)
FN:68,(anonymous_3)
FNF:4
FNH:0
FNDA:0,(anonymous_0)
FNDA:0,(anonymous_1)
FNDA:0,(anonymous_2)
FNDA:0,(anonymous_3)
DA:1,0
DA:3,0
DA:4,0
DA:7,0
DA:8,0
DA:9,0
DA:20,0
DA:21,0
DA:23,0
DA:24,0
DA:29,0
DA:30,0
DA:31,0
DA:36,0
DA:37,0
DA:38,0
DA:40,0
DA:41,0
DA:46,0
DA:47,0
DA:48,0
DA:49,0
DA:50,0
DA:53,0
DA:59,0
DA:60,0
DA:62,0
DA:63,0
DA:68,0
DA:69,0
DA:72,0
DA:75,0
DA:76,0
DA:77,0
DA:78,0
DA:81,0
DA:82,0
DA:85,0
DA:89,0
LF:39
LH:0
BRDA:23,0,0,0
BRDA:23,0,1,0
BRDA:40,1,0,0
BRDA:40,1,1,0
BRDA:48,2,0,0
BRDA:48,2,1,0
BRDA:62,3,0,0
BRDA:62,3,1,0
BRDA:75,4,0,0
BRDA:75,4,1,0
BRDA:81,5,0,0
BRDA:81,5,1,0
BRF:12
BRH:0
end_of_record
